2024-04-09 00:00:32.7771|0|DEBUG|Program|init main |url: |action: 
2024-04-09 00:00:47.3765|0|INFO|Microsoft.Hosting.Lifetime|Application started. Press Ctrl+C to shut down. |url: |action: 
2024-04-09 00:00:47.4208|0|INFO|Microsoft.Hosting.Lifetime|Hosting environment: Development |url: |action: 
2024-04-09 00:00:47.4208|0|INFO|Microsoft.Hosting.Lifetime|Content root path: C:\Users\---\Documents\GitHub\NewClimbingApp\NewClimbingApp |url: |action: 
2024-04-09 00:01:45.2894|8|DEBUG|Pharmacy.Authentication.BasicAuthenticationHandler|AuthenticationScheme: BasicAuthentication was successfully authenticated. |url: https://localhost/Users/me|action: GetUserMe
2024-04-09 00:01:45.6546|0|INFO|NewClimbingApp.Controllers.UsersController|We are in Users |url: https://localhost/Users/me|action: GetUserMe
2024-04-09 00:03:57.5468|8|DEBUG|Pharmacy.Authentication.BasicAuthenticationHandler|AuthenticationScheme: BasicAuthentication was successfully authenticated. |url: https://localhost/Crags|action: GetAllCrags
2024-04-09 00:03:57.5960|0|INFO|NewClimbingApp.Controllers.CragsController|We are in Crags |url: https://localhost/Crags|action: GetAllCrags
2024-04-09 00:14:46.0950|0|DEBUG|Program|init main |url: |action: 
2024-04-09 00:14:47.3799|0|INFO|Microsoft.Hosting.Lifetime|Application started. Press Ctrl+C to shut down. |url: |action: 
2024-04-09 00:14:47.4037|0|INFO|Microsoft.Hosting.Lifetime|Hosting environment: Development |url: |action: 
2024-04-09 00:14:47.4037|0|INFO|Microsoft.Hosting.Lifetime|Content root path: C:\Users\---\Documents\GitHub\NewClimbingApp\NewClimbingApp |url: |action: 
2024-04-09 00:14:47.9371|7|INFO|Pharmacy.Authentication.BasicAuthenticationHandler|BasicAuthentication was not authenticated. Failure message: Missing Authorization Header |url: https://localhost/swagger/index.html|action: 
2024-04-09 00:14:49.5893|7|INFO|Pharmacy.Authentication.BasicAuthenticationHandler|BasicAuthentication was not authenticated. Failure message: Missing Authorization Header |url: https://localhost/swagger/v1/swagger.json|action: 
2024-04-09 00:17:00.6015|7|INFO|Pharmacy.Authentication.BasicAuthenticationHandler|BasicAuthentication was not authenticated. Failure message: Missing Authorization Header |url: https://localhost/Crags|action: GetAllCrags
2024-04-09 00:17:00.6725|12|INFO|Pharmacy.Authentication.BasicAuthenticationHandler|AuthenticationScheme: BasicAuthentication was challenged. |url: https://localhost/Crags|action: GetAllCrags
2024-04-09 00:17:28.9389|8|DEBUG|Pharmacy.Authentication.BasicAuthenticationHandler|AuthenticationScheme: BasicAuthentication was successfully authenticated. |url: https://localhost/Crags|action: GetAllCrags
2024-04-09 00:17:28.9841|0|INFO|NewClimbingApp.Controllers.CragsController|We are in Crags |url: https://localhost/Crags|action: GetAllCrags
2024-04-09 00:18:58.7779|1|ERROR|Microsoft.AspNetCore.Diagnostics.DeveloperExceptionPageMiddleware|An unhandled exception has occurred while executing the request. System.NullReferenceException: Object reference not set to an instance of an object.
   at NewClimbingApp.Controllers.ApiControllerBase.HandleRequest[TRequest,TResponse](TRequest request) in C:\Users\---\Documents\GitHub\NewClimbingApp\NewClimbingApp\Controllers\ApiControllerBase.cs:line 35
   at Microsoft.AspNetCore.Mvc.Infrastructure.ActionMethodExecutor.TaskOfIActionResultExecutor.Execute(ActionContext actionContext, IActionResultTypeMapper mapper, ObjectMethodExecutor executor, Object controller, Object[] arguments)
   at Microsoft.AspNetCore.Mvc.Infrastructure.ControllerActionInvoker.<InvokeActionMethodAsync>g__Logged|12_1(ControllerActionInvoker invoker)
   at Microsoft.AspNetCore.Mvc.Infrastructure.ControllerActionInvoker.<InvokeNextActionFilterAsync>g__Awaited|10_0(ControllerActionInvoker invoker, Task lastTask, State next, Scope scope, Object state, Boolean isCompleted)
   at Microsoft.AspNetCore.Mvc.Infrastructure.ControllerActionInvoker.Rethrow(ActionExecutedContextSealed context)
   at Microsoft.AspNetCore.Mvc.Infrastructure.ControllerActionInvoker.Next(State& next, Scope& scope, Object& state, Boolean& isCompleted)
   at Microsoft.AspNetCore.Mvc.Infrastructure.ControllerActionInvoker.InvokeInnerFilterAsync()
--- End of stack trace from previous location ---
   at Microsoft.AspNetCore.Mvc.Infrastructure.ResourceInvoker.<InvokeFilterPipelineAsync>g__Awaited|20_0(ResourceInvoker invoker, Task lastTask, State next, Scope scope, Object state, Boolean isCompleted)
   at Microsoft.AspNetCore.Mvc.Infrastructure.ResourceInvoker.<InvokeAsync>g__Logged|17_1(ResourceInvoker invoker)
   at Microsoft.AspNetCore.Mvc.Infrastructure.ResourceInvoker.<InvokeAsync>g__Logged|17_1(ResourceInvoker invoker)
   at Microsoft.AspNetCore.Routing.EndpointMiddleware.<Invoke>g__AwaitRequestTask|6_0(Endpoint endpoint, Task requestTask, ILogger logger)
   at Microsoft.AspNetCore.Authorization.AuthorizationMiddleware.Invoke(HttpContext context)
   at Swashbuckle.AspNetCore.SwaggerUI.SwaggerUIMiddleware.Invoke(HttpContext httpContext)
   at Swashbuckle.AspNetCore.Swagger.SwaggerMiddleware.Invoke(HttpContext httpContext, ISwaggerProvider swaggerProvider)
   at Microsoft.AspNetCore.Authentication.AuthenticationMiddleware.Invoke(HttpContext context)
   at Microsoft.AspNetCore.Diagnostics.DeveloperExceptionPageMiddlewareImpl.Invoke(HttpContext context)|url: https://localhost/Crags|action: GetAllCrags
2024-04-09 00:21:01.9080|8|DEBUG|Pharmacy.Authentication.BasicAuthenticationHandler|AuthenticationScheme: BasicAuthentication was successfully authenticated. |url: https://localhost/Crags|action: GetAllCrags
2024-04-09 00:21:01.9635|0|INFO|NewClimbingApp.Controllers.CragsController|We are in Crags |url: https://localhost/Crags|action: GetAllCrags
2024-04-09 00:24:05.6039|0|DEBUG|Program|init main |url: |action: 
2024-04-09 00:24:06.7909|0|INFO|Microsoft.Hosting.Lifetime|Application started. Press Ctrl+C to shut down. |url: |action: 
2024-04-09 00:24:06.8180|0|INFO|Microsoft.Hosting.Lifetime|Hosting environment: Development |url: |action: 
2024-04-09 00:24:06.8180|0|INFO|Microsoft.Hosting.Lifetime|Content root path: C:\Users\---\Documents\GitHub\NewClimbingApp\NewClimbingApp |url: |action: 
2024-04-09 00:24:07.1419|7|INFO|Pharmacy.Authentication.BasicAuthenticationHandler|BasicAuthentication was not authenticated. Failure message: Missing Authorization Header |url: https://localhost/swagger/index.html|action: 
2024-04-09 00:24:07.7297|7|INFO|Pharmacy.Authentication.BasicAuthenticationHandler|BasicAuthentication was not authenticated. Failure message: Missing Authorization Header |url: https://localhost/swagger/v1/swagger.json|action: 
2024-04-09 00:26:28.6099|0|DEBUG|Program|init main |url: |action: 
2024-04-09 00:26:30.4671|0|INFO|Microsoft.Hosting.Lifetime|Application started. Press Ctrl+C to shut down. |url: |action: 
2024-04-09 00:26:30.4927|0|INFO|Microsoft.Hosting.Lifetime|Hosting environment: Development |url: |action: 
2024-04-09 00:26:30.4927|0|INFO|Microsoft.Hosting.Lifetime|Content root path: C:\Users\---\Documents\GitHub\NewClimbingApp\NewClimbingApp |url: |action: 
2024-04-09 00:26:30.9108|7|INFO|Pharmacy.Authentication.BasicAuthenticationHandler|BasicAuthentication was not authenticated. Failure message: Missing Authorization Header |url: https://localhost/swagger/index.html|action: 
2024-04-09 00:26:31.5338|7|INFO|Pharmacy.Authentication.BasicAuthenticationHandler|BasicAuthentication was not authenticated. Failure message: Missing Authorization Header |url: https://localhost/swagger/v1/swagger.json|action: 
2024-04-09 00:26:56.4971|8|DEBUG|Pharmacy.Authentication.BasicAuthenticationHandler|AuthenticationScheme: BasicAuthentication was successfully authenticated. |url: https://localhost/Routes|action: GetAllRoutes
2024-04-09 00:26:56.5435|0|INFO|NewClimbingApp.Controllers.RoutesController|We are in Routes |url: https://localhost/Routes|action: GetAllRoutes
2024-04-09 00:28:57.1452|0|DEBUG|Program|init main |url: |action: 
2024-04-09 00:28:58.4921|0|INFO|Microsoft.Hosting.Lifetime|Application started. Press Ctrl+C to shut down. |url: |action: 
2024-04-09 00:28:58.5170|0|INFO|Microsoft.Hosting.Lifetime|Hosting environment: Development |url: |action: 
2024-04-09 00:28:58.5170|0|INFO|Microsoft.Hosting.Lifetime|Content root path: C:\Users\---\Documents\GitHub\NewClimbingApp\NewClimbingApp |url: |action: 
2024-04-09 00:28:58.9059|7|INFO|Pharmacy.Authentication.BasicAuthenticationHandler|BasicAuthentication was not authenticated. Failure message: Missing Authorization Header |url: https://localhost/swagger/index.html|action: 
2024-04-09 00:28:59.4547|7|INFO|Pharmacy.Authentication.BasicAuthenticationHandler|BasicAuthentication was not authenticated. Failure message: Missing Authorization Header |url: https://localhost/swagger/v1/swagger.json|action: 
2024-04-09 00:30:07.7278|8|DEBUG|Pharmacy.Authentication.BasicAuthenticationHandler|AuthenticationScheme: BasicAuthentication was successfully authenticated. |url: https://localhost/Routes|action: GetAllRoutes
2024-04-09 00:30:07.7778|0|INFO|NewClimbingApp.Controllers.RoutesController|We are in Routes |url: https://localhost/Routes|action: GetAllRoutes
2024-04-09 00:31:19.0638|1|ERROR|Microsoft.AspNetCore.Diagnostics.DeveloperExceptionPageMiddleware|An unhandled exception has occurred while executing the request. System.InvalidOperationException: The expression 'x.Grade' is invalid inside an 'Include' operation, since it does not represent a property access: 't => t.MyProperty'. To target navigations declared on derived types, use casting ('t => ((Derived)t).MyProperty') or the 'as' operator ('t => (t as Derived).MyProperty'). Collection navigation access can be filtered by composing Where, OrderBy(Descending), ThenBy(Descending), Skip or Take operations. For more information on including related data, see http://go.microsoft.com/fwlink/?LinkID=746393.
   at Microsoft.EntityFrameworkCore.Query.Internal.NavigationExpandingExpressionVisitor.PopulateIncludeTree(IncludeTreeNode includeTreeNode, Expression expression, Boolean setLoaded)
   at Microsoft.EntityFrameworkCore.Query.Internal.NavigationExpandingExpressionVisitor.ProcessInclude(NavigationExpansionExpression source, Expression expression, Boolean thenInclude, Boolean setLoaded)
   at Microsoft.EntityFrameworkCore.Query.Internal.NavigationExpandingExpressionVisitor.VisitMethodCall(MethodCallExpression methodCallExpression)
   at Microsoft.EntityFrameworkCore.Query.Internal.NavigationExpandingExpressionVisitor.VisitMethodCall(MethodCallExpression methodCallExpression)
   at Microsoft.EntityFrameworkCore.Query.Internal.NavigationExpandingExpressionVisitor.Expand(Expression query)
   at Microsoft.EntityFrameworkCore.Query.QueryTranslationPreprocessor.Process(Expression query)
   at Microsoft.EntityFrameworkCore.Query.QueryCompilationContext.CreateQueryExecutor[TResult](Expression query)
   at Microsoft.EntityFrameworkCore.Storage.Database.CompileQuery[TResult](Expression query, Boolean async)
   at Microsoft.EntityFrameworkCore.Query.Internal.QueryCompiler.CompileQueryCore[TResult](IDatabase database, Expression query, IModel model, Boolean async)
   at Microsoft.EntityFrameworkCore.Query.Internal.QueryCompiler.<>c__DisplayClass12_0`1.<ExecuteAsync>b__0()
   at Microsoft.EntityFrameworkCore.Query.Internal.CompiledQueryCache.GetOrAddQuery[TResult](Object cacheKey, Func`1 compiler)
   at Microsoft.EntityFrameworkCore.Query.Internal.QueryCompiler.ExecuteAsync[TResult](Expression query, CancellationToken cancellationToken)
   at Microsoft.EntityFrameworkCore.Query.Internal.EntityQueryProvider.ExecuteAsync[TResult](Expression expression, CancellationToken cancellationToken)
   at Microsoft.EntityFrameworkCore.Query.Internal.EntityQueryable`1.GetAsyncEnumerator(CancellationToken cancellationToken)
   at Microsoft.EntityFrameworkCore.EntityFrameworkQueryableExtensions.IncludableQueryable`2.GetAsyncEnumerator(CancellationToken cancellationToken)
   at System.Runtime.CompilerServices.ConfiguredCancelableAsyncEnumerable`1.GetAsyncEnumerator()
   at Microsoft.EntityFrameworkCore.EntityFrameworkQueryableExtensions.ToListAsync[TSource](IQueryable`1 source, CancellationToken cancellationToken)
   at NewClimbingApp.DataAccess.CQRS.Queries.GetRoutesQuery.Execute(NewClimbingAppContext context) in C:\Users\---\Documents\GitHub\NewClimbingApp\NewClimbingApp.DataAccess\CQRS\Queries\GetRoutesQuery.cs:line 33
   at NewClimbingApp.ApplicationServices.API.Handlers.Routes.GetRoutesHandler.Handle(GetRoutesRequest request, CancellationToken cancellationToken) in C:\Users\---\Documents\GitHub\NewClimbingApp\NewClimbingApp.ApplicationServices\API\Handlers\Routes\GetRoutesHandler.cs:line 35
   at NewClimbingApp.Controllers.ApiControllerBase.HandleRequest[TRequest,TResponse](TRequest request) in C:\Users\---\Documents\GitHub\NewClimbingApp\NewClimbingApp\Controllers\ApiControllerBase.cs:line 38
   at Microsoft.AspNetCore.Mvc.Infrastructure.ActionMethodExecutor.TaskOfIActionResultExecutor.Execute(ActionContext actionContext, IActionResultTypeMapper mapper, ObjectMethodExecutor executor, Object controller, Object[] arguments)
   at Microsoft.AspNetCore.Mvc.Infrastructure.ControllerActionInvoker.<InvokeActionMethodAsync>g__Logged|12_1(ControllerActionInvoker invoker)
   at Microsoft.AspNetCore.Mvc.Infrastructure.ControllerActionInvoker.<InvokeNextActionFilterAsync>g__Awaited|10_0(ControllerActionInvoker invoker, Task lastTask, State next, Scope scope, Object state, Boolean isCompleted)
   at Microsoft.AspNetCore.Mvc.Infrastructure.ControllerActionInvoker.Rethrow(ActionExecutedContextSealed context)
   at Microsoft.AspNetCore.Mvc.Infrastructure.ControllerActionInvoker.Next(State& next, Scope& scope, Object& state, Boolean& isCompleted)
   at Microsoft.AspNetCore.Mvc.Infrastructure.ControllerActionInvoker.InvokeInnerFilterAsync()
--- End of stack trace from previous location ---
   at Microsoft.AspNetCore.Mvc.Infrastructure.ResourceInvoker.<InvokeFilterPipelineAsync>g__Awaited|20_0(ResourceInvoker invoker, Task lastTask, State next, Scope scope, Object state, Boolean isCompleted)
   at Microsoft.AspNetCore.Mvc.Infrastructure.ResourceInvoker.<InvokeAsync>g__Logged|17_1(ResourceInvoker invoker)
   at Microsoft.AspNetCore.Mvc.Infrastructure.ResourceInvoker.<InvokeAsync>g__Logged|17_1(ResourceInvoker invoker)
   at Microsoft.AspNetCore.Routing.EndpointMiddleware.<Invoke>g__AwaitRequestTask|6_0(Endpoint endpoint, Task requestTask, ILogger logger)
   at Microsoft.AspNetCore.Authorization.AuthorizationMiddleware.Invoke(HttpContext context)
   at Swashbuckle.AspNetCore.SwaggerUI.SwaggerUIMiddleware.Invoke(HttpContext httpContext)
   at Swashbuckle.AspNetCore.Swagger.SwaggerMiddleware.Invoke(HttpContext httpContext, ISwaggerProvider swaggerProvider)
   at Microsoft.AspNetCore.Authentication.AuthenticationMiddleware.Invoke(HttpContext context)
   at Microsoft.AspNetCore.Diagnostics.DeveloperExceptionPageMiddlewareImpl.Invoke(HttpContext context)|url: https://localhost/Routes|action: GetAllRoutes
2024-04-09 00:32:05.7057|8|DEBUG|Pharmacy.Authentication.BasicAuthenticationHandler|AuthenticationScheme: BasicAuthentication was successfully authenticated. |url: https://localhost/Crags|action: GetAllCrags
2024-04-09 00:32:05.7388|0|INFO|NewClimbingApp.Controllers.CragsController|We are in Crags |url: https://localhost/Crags|action: GetAllCrags
2024-04-09 00:33:37.7731|8|DEBUG|Pharmacy.Authentication.BasicAuthenticationHandler|AuthenticationScheme: BasicAuthentication was successfully authenticated. |url: https://localhost/Ascents|action: 
2024-04-09 00:34:08.8421|7|INFO|Pharmacy.Authentication.BasicAuthenticationHandler|BasicAuthentication was not authenticated. Failure message: Missing Authorization Header |url: https://localhost/Ascents/1|action: GetAscentById
2024-04-09 00:34:08.9036|12|INFO|Pharmacy.Authentication.BasicAuthenticationHandler|AuthenticationScheme: BasicAuthentication was challenged. |url: https://localhost/Ascents/1|action: GetAscentById
2024-04-09 00:34:20.6636|8|DEBUG|Pharmacy.Authentication.BasicAuthenticationHandler|AuthenticationScheme: BasicAuthentication was successfully authenticated. |url: https://localhost/Ascents/1|action: GetAscentById
2024-04-09 00:34:20.6636|0|INFO|NewClimbingApp.Controllers.AscentsController|We are in Ascents |url: https://localhost/Ascents/1|action: GetAscentById
2024-04-09 00:35:24.9475|8|DEBUG|Pharmacy.Authentication.BasicAuthenticationHandler|AuthenticationScheme: BasicAuthentication was successfully authenticated. |url: https://localhost/Users|action: GetUsers
2024-04-09 00:35:24.9475|0|INFO|NewClimbingApp.Controllers.UsersController|We are in Users |url: https://localhost/Users|action: GetUsers
2024-04-09 00:36:39.2875|7|INFO|Pharmacy.Authentication.BasicAuthenticationHandler|BasicAuthentication was not authenticated. Failure message: Missing Authorization Header |url: https://localhost/Routes/2/ascents/1|action: AddAscentToRoute
2024-04-09 00:36:39.3049|0|INFO|NewClimbingApp.Controllers.RoutesController|We are in Routes |url: https://localhost/Routes/2/ascents/1|action: AddAscentToRoute
2024-04-09 00:46:25.6938|0|DEBUG|Program|init main |url: |action: 
2024-04-09 00:46:32.0854|0|INFO|Microsoft.Hosting.Lifetime|Application started. Press Ctrl+C to shut down. |url: |action: 
2024-04-09 00:46:32.2063|0|INFO|Microsoft.Hosting.Lifetime|Hosting environment: Development |url: |action: 
2024-04-09 00:46:32.2063|0|INFO|Microsoft.Hosting.Lifetime|Content root path: C:\Users\---\Documents\GitHub\NewClimbingApp\NewClimbingApp |url: |action: 
2024-04-09 00:46:34.4437|7|INFO|Pharmacy.Authentication.BasicAuthenticationHandler|BasicAuthentication was not authenticated. Failure message: Missing Authorization Header |url: https://localhost/swagger/index.html|action: 
2024-04-09 00:46:35.9100|7|INFO|Pharmacy.Authentication.BasicAuthenticationHandler|BasicAuthentication was not authenticated. Failure message: Missing Authorization Header |url: https://localhost/swagger/v1/swagger.json|action: 
2024-04-09 00:50:00.1961|8|DEBUG|Pharmacy.Authentication.BasicAuthenticationHandler|AuthenticationScheme: BasicAuthentication was successfully authenticated. |url: https://localhost/Routes/1|action: UpdateRoute
2024-04-09 00:50:00.5792|0|INFO|NewClimbingApp.Controllers.RoutesController|We are in Routes |url: https://localhost/Routes/1|action: UpdateRoute
2024-04-09 23:30:40.2820|0|DEBUG|Program|init main |url: |action: 
2024-04-09 23:31:00.9142|0|INFO|Microsoft.Hosting.Lifetime|Application started. Press Ctrl+C to shut down. |url: |action: 
2024-04-09 23:31:00.9812|0|INFO|Microsoft.Hosting.Lifetime|Hosting environment: Development |url: |action: 
2024-04-09 23:31:00.9812|0|INFO|Microsoft.Hosting.Lifetime|Content root path: C:\Users\---\Documents\GitHub\NewClimbingApp\NewClimbingApp |url: |action: 
2024-04-09 23:31:04.2655|7|INFO|Pharmacy.Authentication.BasicAuthenticationHandler|BasicAuthentication was not authenticated. Failure message: Missing Authorization Header |url: https://localhost/swagger/index.html|action: 
2024-04-09 23:31:12.5881|7|INFO|Pharmacy.Authentication.BasicAuthenticationHandler|BasicAuthentication was not authenticated. Failure message: Missing Authorization Header |url: https://localhost/swagger/v1/swagger.json|action: 
2024-04-09 23:37:11.4191|8|DEBUG|Pharmacy.Authentication.BasicAuthenticationHandler|AuthenticationScheme: BasicAuthentication was successfully authenticated. |url: https://localhost/Routes|action: GetAllRoutes
2024-04-09 23:37:11.6785|0|INFO|NewClimbingApp.Controllers.RoutesController|We are in Routes |url: https://localhost/Routes|action: GetAllRoutes
2024-04-09 23:37:43.6387|1|ERROR|Microsoft.AspNetCore.Diagnostics.DeveloperExceptionPageMiddleware|An unhandled exception has occurred while executing the request. System.InvalidOperationException: The LINQ expression 'DbSet<Route>()
    .OrderByDescending(r => r.GradeAsFloat)' could not be translated. Additional information: Translation of member 'GradeAsFloat' on entity type 'Route' failed. This commonly occurs when the specified member is unmapped. Either rewrite the query in a form that can be translated, or switch to client evaluation explicitly by inserting a call to 'AsEnumerable', 'AsAsyncEnumerable', 'ToList', or 'ToListAsync'. See https://go.microsoft.com/fwlink/?linkid=2101038 for more information.
   at Microsoft.EntityFrameworkCore.Query.QueryableMethodTranslatingExpressionVisitor.<VisitMethodCall>g__CheckTranslated|15_0(ShapedQueryExpression translated, <>c__DisplayClass15_0&)
   at Microsoft.EntityFrameworkCore.Query.QueryableMethodTranslatingExpressionVisitor.VisitMethodCall(MethodCallExpression methodCallExpression)
   at Microsoft.EntityFrameworkCore.Query.RelationalQueryableMethodTranslatingExpressionVisitor.VisitMethodCall(MethodCallExpression methodCallExpression)
   at Microsoft.EntityFrameworkCore.Query.QueryableMethodTranslatingExpressionVisitor.VisitMethodCall(MethodCallExpression methodCallExpression)
   at Microsoft.EntityFrameworkCore.Query.RelationalQueryableMethodTranslatingExpressionVisitor.VisitMethodCall(MethodCallExpression methodCallExpression)
   at Microsoft.EntityFrameworkCore.Query.QueryableMethodTranslatingExpressionVisitor.VisitMethodCall(MethodCallExpression methodCallExpression)
   at Microsoft.EntityFrameworkCore.Query.RelationalQueryableMethodTranslatingExpressionVisitor.VisitMethodCall(MethodCallExpression methodCallExpression)
   at Microsoft.EntityFrameworkCore.Query.QueryCompilationContext.CreateQueryExecutor[TResult](Expression query)
   at Microsoft.EntityFrameworkCore.Storage.Database.CompileQuery[TResult](Expression query, Boolean async)
   at Microsoft.EntityFrameworkCore.Query.Internal.QueryCompiler.CompileQueryCore[TResult](IDatabase database, Expression query, IModel model, Boolean async)
   at Microsoft.EntityFrameworkCore.Query.Internal.QueryCompiler.<>c__DisplayClass12_0`1.<ExecuteAsync>b__0()
   at Microsoft.EntityFrameworkCore.Query.Internal.CompiledQueryCache.GetOrAddQuery[TResult](Object cacheKey, Func`1 compiler)
   at Microsoft.EntityFrameworkCore.Query.Internal.QueryCompiler.ExecuteAsync[TResult](Expression query, CancellationToken cancellationToken)
   at Microsoft.EntityFrameworkCore.Query.Internal.EntityQueryProvider.ExecuteAsync[TResult](Expression expression, CancellationToken cancellationToken)
   at Microsoft.EntityFrameworkCore.Query.Internal.EntityQueryable`1.GetAsyncEnumerator(CancellationToken cancellationToken)
   at System.Runtime.CompilerServices.ConfiguredCancelableAsyncEnumerable`1.GetAsyncEnumerator()
   at Microsoft.EntityFrameworkCore.EntityFrameworkQueryableExtensions.ToListAsync[TSource](IQueryable`1 source, CancellationToken cancellationToken)
   at NewClimbingApp.DataAccess.CQRS.Queries.GetRoutesQuery.Execute(NewClimbingAppContext context) in C:\Users\---\Documents\GitHub\NewClimbingApp\NewClimbingApp.DataAccess\CQRS\Queries\GetRoutesQuery.cs:line 33
   at NewClimbingApp.ApplicationServices.API.Handlers.Routes.GetRoutesHandler.Handle(GetRoutesRequest request, CancellationToken cancellationToken) in C:\Users\---\Documents\GitHub\NewClimbingApp\NewClimbingApp.ApplicationServices\API\Handlers\Routes\GetRoutesHandler.cs:line 35
   at NewClimbingApp.Controllers.ApiControllerBase.HandleRequest[TRequest,TResponse](TRequest request) in C:\Users\---\Documents\GitHub\NewClimbingApp\NewClimbingApp\Controllers\ApiControllerBase.cs:line 38
   at Microsoft.AspNetCore.Mvc.Infrastructure.ActionMethodExecutor.TaskOfIActionResultExecutor.Execute(ActionContext actionContext, IActionResultTypeMapper mapper, ObjectMethodExecutor executor, Object controller, Object[] arguments)
   at Microsoft.AspNetCore.Mvc.Infrastructure.ControllerActionInvoker.<InvokeActionMethodAsync>g__Logged|12_1(ControllerActionInvoker invoker)
   at Microsoft.AspNetCore.Mvc.Infrastructure.ControllerActionInvoker.<InvokeNextActionFilterAsync>g__Awaited|10_0(ControllerActionInvoker invoker, Task lastTask, State next, Scope scope, Object state, Boolean isCompleted)
   at Microsoft.AspNetCore.Mvc.Infrastructure.ControllerActionInvoker.Rethrow(ActionExecutedContextSealed context)
   at Microsoft.AspNetCore.Mvc.Infrastructure.ControllerActionInvoker.Next(State& next, Scope& scope, Object& state, Boolean& isCompleted)
   at Microsoft.AspNetCore.Mvc.Infrastructure.ControllerActionInvoker.InvokeInnerFilterAsync()
--- End of stack trace from previous location ---
   at Microsoft.AspNetCore.Mvc.Infrastructure.ResourceInvoker.<InvokeFilterPipelineAsync>g__Awaited|20_0(ResourceInvoker invoker, Task lastTask, State next, Scope scope, Object state, Boolean isCompleted)
   at Microsoft.AspNetCore.Mvc.Infrastructure.ResourceInvoker.<InvokeAsync>g__Logged|17_1(ResourceInvoker invoker)
   at Microsoft.AspNetCore.Mvc.Infrastructure.ResourceInvoker.<InvokeAsync>g__Logged|17_1(ResourceInvoker invoker)
   at Microsoft.AspNetCore.Routing.EndpointMiddleware.<Invoke>g__AwaitRequestTask|6_0(Endpoint endpoint, Task requestTask, ILogger logger)
   at Microsoft.AspNetCore.Authorization.AuthorizationMiddleware.Invoke(HttpContext context)
   at Swashbuckle.AspNetCore.SwaggerUI.SwaggerUIMiddleware.Invoke(HttpContext httpContext)
   at Swashbuckle.AspNetCore.Swagger.SwaggerMiddleware.Invoke(HttpContext httpContext, ISwaggerProvider swaggerProvider)
   at Microsoft.AspNetCore.Authentication.AuthenticationMiddleware.Invoke(HttpContext context)
   at Microsoft.AspNetCore.Diagnostics.DeveloperExceptionPageMiddlewareImpl.Invoke(HttpContext context)|url: https://localhost/Routes|action: GetAllRoutes
2024-04-09 23:38:19.2890|8|DEBUG|Pharmacy.Authentication.BasicAuthenticationHandler|AuthenticationScheme: BasicAuthentication was successfully authenticated. |url: https://localhost/Routes/1|action: GetRoutesByGrade
2024-04-09 23:38:19.2890|0|INFO|NewClimbingApp.Controllers.RoutesController|We are in Routes |url: https://localhost/Routes/1|action: GetRoutesByGrade
2024-04-09 23:38:43.3427|8|DEBUG|Pharmacy.Authentication.BasicAuthenticationHandler|AuthenticationScheme: BasicAuthentication was successfully authenticated. |url: https://localhost/Routes/2|action: GetRoutesByGrade
2024-04-09 23:38:43.3427|0|INFO|NewClimbingApp.Controllers.RoutesController|We are in Routes |url: https://localhost/Routes/2|action: GetRoutesByGrade
2024-04-09 23:40:59.6065|7|INFO|Pharmacy.Authentication.BasicAuthenticationHandler|BasicAuthentication was not authenticated. Failure message: Missing Authorization Header |url: https://localhost/Routes/routeId|action: GetRouteById
2024-04-09 23:40:59.6306|0|INFO|NewClimbingApp.Controllers.RoutesController|We are in Routes |url: https://localhost/Routes/routeId|action: GetRouteById
2024-04-09 23:43:01.0929|8|DEBUG|Pharmacy.Authentication.BasicAuthenticationHandler|AuthenticationScheme: BasicAuthentication was successfully authenticated. |url: https://localhost/Users|action: GetUsers
2024-04-09 23:43:01.1351|0|INFO|NewClimbingApp.Controllers.UsersController|We are in Users |url: https://localhost/Users|action: GetUsers
2024-04-09 23:43:27.3994|8|DEBUG|Pharmacy.Authentication.BasicAuthenticationHandler|AuthenticationScheme: BasicAuthentication was successfully authenticated. |url: https://localhost/Users/1|action: GetUserMe
2024-04-09 23:43:27.3994|0|INFO|NewClimbingApp.Controllers.UsersController|We are in Users |url: https://localhost/Users/1|action: GetUserMe
2024-04-09 23:43:33.8738|0|ERROR|NewClimbingApp.Controllers.UsersController|An Error occured :405 MethodNotAllowed |url: https://localhost/Users/1|action: GetUserMe
2024-04-09 23:44:05.9412|8|DEBUG|Pharmacy.Authentication.BasicAuthenticationHandler|AuthenticationScheme: BasicAuthentication was successfully authenticated. |url: https://localhost/Users/me|action: GetUserMe
2024-04-09 23:44:05.9653|0|INFO|NewClimbingApp.Controllers.UsersController|We are in Users |url: https://localhost/Users/me|action: GetUserMe
2024-04-09 23:45:21.3014|8|DEBUG|Pharmacy.Authentication.BasicAuthenticationHandler|AuthenticationScheme: BasicAuthentication was successfully authenticated. |url: https://localhost/Crags|action: GetAllCrags
2024-04-09 23:45:21.3086|0|INFO|NewClimbingApp.Controllers.CragsController|We are in Crags |url: https://localhost/Crags|action: GetAllCrags
2024-04-09 23:46:31.8676|8|DEBUG|Pharmacy.Authentication.BasicAuthenticationHandler|AuthenticationScheme: BasicAuthentication was successfully authenticated. |url: https://localhost/Crags/1|action: GetCragById
2024-04-09 23:46:31.8676|0|INFO|NewClimbingApp.Controllers.CragsController|We are in Crags |url: https://localhost/Crags/1|action: GetCragById
2024-04-09 23:47:24.5838|8|DEBUG|Pharmacy.Authentication.BasicAuthenticationHandler|AuthenticationScheme: BasicAuthentication was successfully authenticated. |url: https://localhost/Ascents/1|action: GetAscentById
2024-04-09 23:47:24.5966|0|INFO|NewClimbingApp.Controllers.AscentsController|We are in Ascents |url: https://localhost/Ascents/1|action: GetAscentById
2024-04-09 23:50:38.1642|7|INFO|Pharmacy.Authentication.BasicAuthenticationHandler|BasicAuthentication was not authenticated. Failure message: Missing Authorization Header |url: https://localhost/Routes/1|action: GetRoutesByGrade
2024-04-09 23:50:38.1642|0|INFO|NewClimbingApp.Controllers.RoutesController|We are in Routes |url: https://localhost/Routes/1|action: GetRoutesByGrade
2024-04-09 23:51:02.7664|7|INFO|Pharmacy.Authentication.BasicAuthenticationHandler|BasicAuthentication was not authenticated. Failure message: Missing Authorization Header |url: https://localhost/Routes/vi-|action: GetRoutesByGrade
2024-04-09 23:51:02.7664|0|INFO|NewClimbingApp.Controllers.RoutesController|We are in Routes |url: https://localhost/Routes/vi-|action: GetRoutesByGrade
2024-04-09 23:52:36.1714|8|DEBUG|Pharmacy.Authentication.BasicAuthenticationHandler|AuthenticationScheme: BasicAuthentication was successfully authenticated. |url: https://localhost/Routes/vi-|action: GetRoutesByGrade
2024-04-09 23:52:36.1785|0|INFO|NewClimbingApp.Controllers.RoutesController|We are in Routes |url: https://localhost/Routes/vi-|action: GetRoutesByGrade
2024-04-09 23:53:00.6981|8|DEBUG|Pharmacy.Authentication.BasicAuthenticationHandler|AuthenticationScheme: BasicAuthentication was successfully authenticated. |url: https://localhost/Routes/2|action: GetRoutesByGrade
2024-04-09 23:53:00.6981|0|INFO|NewClimbingApp.Controllers.RoutesController|We are in Routes |url: https://localhost/Routes/2|action: GetRoutesByGrade
2024-04-09 23:59:41.5513|0|DEBUG|Program|init main |url: |action: 
2024-04-09 23:59:46.0679|0|INFO|Microsoft.Hosting.Lifetime|Application started. Press Ctrl+C to shut down. |url: |action: 
2024-04-09 23:59:46.0731|0|INFO|Microsoft.Hosting.Lifetime|Hosting environment: Development |url: |action: 
2024-04-09 23:59:46.0731|0|INFO|Microsoft.Hosting.Lifetime|Content root path: C:\Users\---\Documents\GitHub\NewClimbingApp\NewClimbingApp |url: |action: 
2024-04-09 23:59:46.8195|7|INFO|Pharmacy.Authentication.BasicAuthenticationHandler|BasicAuthentication was not authenticated. Failure message: Missing Authorization Header |url: https://localhost/swagger/index.html|action: 
2024-04-09 23:59:47.8130|7|INFO|Pharmacy.Authentication.BasicAuthenticationHandler|BasicAuthentication was not authenticated. Failure message: Missing Authorization Header |url: https://localhost/swagger/v1/swagger.json|action: 
