2024-04-20 16:02:15.6535|0|DEBUG|Program|init main 
2024-04-20 16:02:23.0538|12|DEBUG|Microsoft.AspNetCore.Mvc.ModelBinding.ModelBinderFactory|Registered model binder providers, in the following order: Microsoft.AspNetCore.Mvc.ModelBinding.Binders.BinderTypeModelBinderProvider, Microsoft.AspNetCore.Mvc.ModelBinding.Binders.ServicesModelBinderProvider, Microsoft.AspNetCore.Mvc.ModelBinding.Binders.BodyModelBinderProvider, Microsoft.AspNetCore.Mvc.ModelBinding.Binders.HeaderModelBinderProvider, Microsoft.AspNetCore.Mvc.ModelBinding.Binders.FloatingPointTypeModelBinderProvider, Microsoft.AspNetCore.Mvc.ModelBinding.Binders.EnumTypeModelBinderProvider, Microsoft.AspNetCore.Mvc.ModelBinding.Binders.DateTimeModelBinderProvider, Microsoft.AspNetCore.Mvc.ModelBinding.Binders.SimpleTypeModelBinderProvider, Microsoft.AspNetCore.Mvc.ModelBinding.Binders.TryParseModelBinderProvider, Microsoft.AspNetCore.Mvc.ModelBinding.Binders.CancellationTokenModelBinderProvider, Microsoft.AspNetCore.Mvc.ModelBinding.Binders.ByteArrayModelBinderProvider, Microsoft.AspNetCore.Mvc.ModelBinding.Binders.FormFileModelBinderProvider, Microsoft.AspNetCore.Mvc.ModelBinding.Binders.FormCollectionModelBinderProvider, Microsoft.AspNetCore.Mvc.ModelBinding.Binders.KeyValuePairModelBinderProvider, Microsoft.AspNetCore.Mvc.ModelBinding.Binders.DictionaryModelBinderProvider, Microsoft.AspNetCore.Mvc.ModelBinding.Binders.ArrayModelBinderProvider, Microsoft.AspNetCore.Mvc.ModelBinding.Binders.CollectionModelBinderProvider, Microsoft.AspNetCore.Mvc.ModelBinding.Binders.ComplexObjectModelBinderProvider 
2024-04-20 16:02:28.3160|1|DEBUG|Microsoft.Extensions.Hosting.Internal.Host|Hosting starting 
2024-04-20 16:02:28.8743|63|INFO|Microsoft.AspNetCore.DataProtection.KeyManagement.XmlKeyManager|User profile is available. Using 'C:\Users\---\AppData\Local\ASP.NET\DataProtection-Keys' as key repository and Windows DPAPI to encrypt keys at rest. 
2024-04-20 16:02:29.0007|37|DEBUG|Microsoft.AspNetCore.DataProtection.Repositories.FileSystemXmlRepository|Reading data from file 'C:\Users\---\AppData\Local\ASP.NET\DataProtection-Keys\key-bbbb6ebe-2183-495e-8935-0cce6fbe17c8.xml'. 
2024-04-20 16:02:29.7338|18|DEBUG|Microsoft.AspNetCore.DataProtection.KeyManagement.XmlKeyManager|Found key {bbbb6ebe-2183-495e-8935-0cce6fbe17c8}. 
2024-04-20 16:02:30.8074|13|DEBUG|Microsoft.AspNetCore.DataProtection.KeyManagement.DefaultKeyResolver|Considering key {bbbb6ebe-2183-495e-8935-0cce6fbe17c8} with expiration date 2024-04-18 22:50:33Z as default key. 
2024-04-20 16:02:30.8074|14|DEBUG|Microsoft.AspNetCore.DataProtection.KeyManagement.DefaultKeyResolver|Key {bbbb6ebe-2183-495e-8935-0cce6fbe17c8} is no longer under consideration as default key because it is expired, revoked, or cannot be deciphered. 
2024-04-20 16:02:30.8225|0|DEBUG|Microsoft.AspNetCore.DataProtection.TypeForwardingActivator|Forwarded activator type request from Microsoft.AspNetCore.DataProtection.XmlEncryption.DpapiXmlDecryptor, Microsoft.AspNetCore.DataProtection, Version=7.0.0.0, Culture=neutral, PublicKeyToken=adb9793829ddae60 to Microsoft.AspNetCore.DataProtection.XmlEncryption.DpapiXmlDecryptor, Microsoft.AspNetCore.DataProtection, Culture=neutral, PublicKeyToken=adb9793829ddae60 
2024-04-20 16:02:30.8225|51|DEBUG|Microsoft.AspNetCore.DataProtection.XmlEncryption.DpapiXmlDecryptor|Decrypting secret element using Windows DPAPI. 
2024-04-20 16:02:30.8541|0|DEBUG|Microsoft.AspNetCore.DataProtection.TypeForwardingActivator|Forwarded activator type request from Microsoft.AspNetCore.DataProtection.AuthenticatedEncryption.ConfigurationModel.AuthenticatedEncryptorDescriptorDeserializer, Microsoft.AspNetCore.DataProtection, Version=7.0.0.0, Culture=neutral, PublicKeyToken=adb9793829ddae60 to Microsoft.AspNetCore.DataProtection.AuthenticatedEncryption.ConfigurationModel.AuthenticatedEncryptorDescriptorDeserializer, Microsoft.AspNetCore.DataProtection, Culture=neutral, PublicKeyToken=adb9793829ddae60 
2024-04-20 16:02:30.8541|4|DEBUG|Microsoft.AspNetCore.DataProtection.AuthenticatedEncryption.CngCbcAuthenticatedEncryptorFactory|Opening CNG algorithm 'AES' from provider '(null)' with chaining mode CBC. 
2024-04-20 16:02:30.8649|3|DEBUG|Microsoft.AspNetCore.DataProtection.AuthenticatedEncryption.CngCbcAuthenticatedEncryptorFactory|Opening CNG algorithm 'SHA256' from provider '(null)' with HMAC. 
2024-04-20 16:02:30.8649|53|DEBUG|Microsoft.AspNetCore.DataProtection.KeyManagement.DefaultKeyResolver|Repository contains no viable default key. Caller should generate a key with immediate activation. 
2024-04-20 16:02:30.8649|57|DEBUG|Microsoft.AspNetCore.DataProtection.KeyManagement.KeyRingProvider|Policy resolution states that a new key should be added to the key ring. 
2024-04-20 16:02:30.8771|58|INFO|Microsoft.AspNetCore.DataProtection.KeyManagement.XmlKeyManager|Creating key {19f867d4-1440-4df8-b208-5ca6c6446feb} with creation date 2024-04-20 14:02:30Z, activation date 2024-04-20 14:02:28Z, and expiration date 2024-07-19 14:02:28Z. 
2024-04-20 16:02:30.9470|32|DEBUG|Microsoft.AspNetCore.DataProtection.KeyManagement.XmlKeyManager|Descriptor deserializer type for key {19f867d4-1440-4df8-b208-5ca6c6446feb} is 'Microsoft.AspNetCore.DataProtection.AuthenticatedEncryption.ConfigurationModel.AuthenticatedEncryptorDescriptorDeserializer, Microsoft.AspNetCore.DataProtection, Version=7.0.0.0, Culture=neutral, PublicKeyToken=adb9793829ddae60'. 
2024-04-20 16:02:31.2817|34|DEBUG|Microsoft.AspNetCore.DataProtection.KeyManagement.XmlKeyManager|No key escrow sink found. Not writing key {19f867d4-1440-4df8-b208-5ca6c6446feb} to escrow. 
2024-04-20 16:02:31.4508|26|DEBUG|Microsoft.AspNetCore.DataProtection.XmlEncryption.DpapiXmlEncryptor|Encrypting to Windows DPAPI for current user account (DESKTOP-KSU5O1R\---). 
2024-04-20 16:02:31.4830|39|INFO|Microsoft.AspNetCore.DataProtection.Repositories.FileSystemXmlRepository|Writing data to file 'C:\Users\---\AppData\Local\ASP.NET\DataProtection-Keys\key-19f867d4-1440-4df8-b208-5ca6c6446feb.xml'. 
2024-04-20 16:02:31.4877|23|DEBUG|Microsoft.AspNetCore.DataProtection.KeyManagement.XmlKeyManager|Key cache expiration token triggered by 'CreateNewKey' operation. 
2024-04-20 16:02:31.4877|37|DEBUG|Microsoft.AspNetCore.DataProtection.Repositories.FileSystemXmlRepository|Reading data from file 'C:\Users\---\AppData\Local\ASP.NET\DataProtection-Keys\key-19f867d4-1440-4df8-b208-5ca6c6446feb.xml'. 
2024-04-20 16:02:31.4877|37|DEBUG|Microsoft.AspNetCore.DataProtection.Repositories.FileSystemXmlRepository|Reading data from file 'C:\Users\---\AppData\Local\ASP.NET\DataProtection-Keys\key-bbbb6ebe-2183-495e-8935-0cce6fbe17c8.xml'. 
2024-04-20 16:02:31.4877|18|DEBUG|Microsoft.AspNetCore.DataProtection.KeyManagement.XmlKeyManager|Found key {19f867d4-1440-4df8-b208-5ca6c6446feb}. 
2024-04-20 16:02:31.4877|18|DEBUG|Microsoft.AspNetCore.DataProtection.KeyManagement.XmlKeyManager|Found key {bbbb6ebe-2183-495e-8935-0cce6fbe17c8}. 
2024-04-20 16:02:31.4877|13|DEBUG|Microsoft.AspNetCore.DataProtection.KeyManagement.DefaultKeyResolver|Considering key {19f867d4-1440-4df8-b208-5ca6c6446feb} with expiration date 2024-07-19 14:02:28Z as default key. 
2024-04-20 16:02:31.4877|0|DEBUG|Microsoft.AspNetCore.DataProtection.TypeForwardingActivator|Forwarded activator type request from Microsoft.AspNetCore.DataProtection.XmlEncryption.DpapiXmlDecryptor, Microsoft.AspNetCore.DataProtection, Version=7.0.0.0, Culture=neutral, PublicKeyToken=adb9793829ddae60 to Microsoft.AspNetCore.DataProtection.XmlEncryption.DpapiXmlDecryptor, Microsoft.AspNetCore.DataProtection, Culture=neutral, PublicKeyToken=adb9793829ddae60 
2024-04-20 16:02:31.4877|51|DEBUG|Microsoft.AspNetCore.DataProtection.XmlEncryption.DpapiXmlDecryptor|Decrypting secret element using Windows DPAPI. 
2024-04-20 16:02:31.4877|0|DEBUG|Microsoft.AspNetCore.DataProtection.TypeForwardingActivator|Forwarded activator type request from Microsoft.AspNetCore.DataProtection.AuthenticatedEncryption.ConfigurationModel.AuthenticatedEncryptorDescriptorDeserializer, Microsoft.AspNetCore.DataProtection, Version=7.0.0.0, Culture=neutral, PublicKeyToken=adb9793829ddae60 to Microsoft.AspNetCore.DataProtection.AuthenticatedEncryption.ConfigurationModel.AuthenticatedEncryptorDescriptorDeserializer, Microsoft.AspNetCore.DataProtection, Culture=neutral, PublicKeyToken=adb9793829ddae60 
2024-04-20 16:02:31.4877|4|DEBUG|Microsoft.AspNetCore.DataProtection.AuthenticatedEncryption.CngCbcAuthenticatedEncryptorFactory|Opening CNG algorithm 'AES' from provider '(null)' with chaining mode CBC. 
2024-04-20 16:02:31.4877|3|DEBUG|Microsoft.AspNetCore.DataProtection.AuthenticatedEncryption.CngCbcAuthenticatedEncryptorFactory|Opening CNG algorithm 'SHA256' from provider '(null)' with HMAC. 
2024-04-20 16:02:31.4877|2|DEBUG|Microsoft.AspNetCore.DataProtection.KeyManagement.KeyRingProvider|Using key {19f867d4-1440-4df8-b208-5ca6c6446feb} as the default key. 
2024-04-20 16:02:31.4877|65|DEBUG|Microsoft.AspNetCore.DataProtection.Internal.DataProtectionHostedService|Key ring with default key {19f867d4-1440-4df8-b208-5ca6c6446feb} was loaded during application startup. 
2024-04-20 16:02:40.7591|13|DEBUG|Microsoft.AspNetCore.Hosting.Diagnostics|Loaded hosting startup assembly NewClimbingApp 
2024-04-20 16:02:40.7591|13|DEBUG|Microsoft.AspNetCore.Hosting.Diagnostics|Loaded hosting startup assembly Microsoft.AspNetCore.Watch.BrowserRefresh 
2024-04-20 16:02:40.7591|13|DEBUG|Microsoft.AspNetCore.Hosting.Diagnostics|Loaded hosting startup assembly Microsoft.WebTools.BrowserLink.Net 
2024-04-20 16:02:40.7591|0|INFO|Microsoft.Hosting.Lifetime|Application started. Press Ctrl+C to shut down. 
2024-04-20 16:02:40.9214|0|INFO|Microsoft.Hosting.Lifetime|Hosting environment: Development 
2024-04-20 16:02:40.9214|0|INFO|Microsoft.Hosting.Lifetime|Content root path: C:\Users\---\Documents\GitHub\NewClimbingApp\NewClimbingApp 
2024-04-20 16:02:40.9214|2|DEBUG|Microsoft.Extensions.Hosting.Internal.Host|Hosting started 
2024-04-20 16:02:43.2760|1|INFO|Microsoft.AspNetCore.Hosting.Diagnostics|Request starting HTTP/2 GET https://localhost:44374/swagger/index.html - - 
2024-04-20 16:02:46.1676|0|DEBUG|Microsoft.AspNetCore.HostFiltering.HostFilteringMiddleware|Wildcard detected, all requests with hosts will be allowed. 
2024-04-20 16:02:46.1676|2|TRACE|Microsoft.AspNetCore.HostFiltering.HostFilteringMiddleware|All hosts are allowed. 
2024-04-20 16:02:46.9691|1000|DEBUG|Microsoft.AspNetCore.Routing.Matching.DfaMatcher|No candidates found for the request path '/swagger/index.html' 
2024-04-20 16:02:47.0801|2|DEBUG|Microsoft.AspNetCore.Routing.EndpointRoutingMiddleware|Request did not match any endpoints 
2024-04-20 16:02:54.0109|10401|DEBUG|Microsoft.EntityFrameworkCore.Infrastructure|An 'IServiceProvider' was created for internal use by Entity Framework. 
2024-04-20 16:02:55.2405|7|INFO|Pharmacy.Authentication.BasicAuthenticationHandler|BasicAuthentication was not authenticated. Failure message: Missing Authorization Header 
2024-04-20 16:02:56.6996|1|DEBUG|Microsoft.AspNetCore.Watch.BrowserRefresh.BrowserRefreshMiddleware|Response markup is scheduled to include browser refresh script injection. 
2024-04-20 16:03:10.3530|2|DEBUG|Microsoft.AspNetCore.Watch.BrowserRefresh.BrowserRefreshMiddleware|Response markup was updated to include browser refresh script injection. 
2024-04-20 16:03:10.4675|1|INFO|Microsoft.AspNetCore.Hosting.Diagnostics|Request starting HTTP/2 GET https://localhost:44374/_framework/aspnetcore-browser-refresh.js - - 
2024-04-20 16:03:10.5510|1|DEBUG|Microsoft.AspNetCore.Server.IIS.Core.IISHttpServer|Connection ID "18374686489872171026" disconnecting. 
2024-04-20 16:03:10.5510|1|DEBUG|Microsoft.AspNetCore.Server.IIS.Core.IISHttpServer|Connection ID "18158513703463419951" disconnecting. 
2024-04-20 16:03:10.9752|2|INFO|Microsoft.AspNetCore.Hosting.Diagnostics|Request finished HTTP/2 GET https://localhost:44374/swagger/index.html - - - 200 - text/html;charset=utf-8 27513.7021ms 
2024-04-20 16:03:10.9752|2|INFO|Microsoft.AspNetCore.Hosting.Diagnostics|Request finished HTTP/2 GET https://localhost:44374/_framework/aspnetcore-browser-refresh.js - - - 200 12360 application/javascript;+charset=utf-8 79.7947ms 
2024-04-20 16:03:13.7524|1|INFO|Microsoft.AspNetCore.Hosting.Diagnostics|Request starting HTTP/2 GET https://localhost:44374/swagger/v1/swagger.json - - 
2024-04-20 16:03:13.7524|2|TRACE|Microsoft.AspNetCore.HostFiltering.HostFilteringMiddleware|All hosts are allowed. 
2024-04-20 16:03:13.7524|1000|DEBUG|Microsoft.AspNetCore.Routing.Matching.DfaMatcher|No candidates found for the request path '/swagger/v1/swagger.json' 
2024-04-20 16:03:13.7524|2|DEBUG|Microsoft.AspNetCore.Routing.EndpointRoutingMiddleware|Request did not match any endpoints 
2024-04-20 16:03:13.8958|7|INFO|Pharmacy.Authentication.BasicAuthenticationHandler|BasicAuthentication was not authenticated. Failure message: Missing Authorization Header 
2024-04-20 16:03:17.2267|1|DEBUG|Microsoft.AspNetCore.Server.IIS.Core.IISHttpServer|Connection ID "18158513703463419953" disconnecting. 
2024-04-20 16:03:17.2267|2|INFO|Microsoft.AspNetCore.Hosting.Diagnostics|Request finished HTTP/2 GET https://localhost:44374/swagger/v1/swagger.json - - - 200 - application/json;charset=utf-8 3474.5741ms 
