2024-04-12 15:29:45.3884|0|DEBUG|Program|init main 
2024-04-12 15:29:58.8363|12|DEBUG|Microsoft.AspNetCore.Mvc.ModelBinding.ModelBinderFactory|Registered model binder providers, in the following order: Microsoft.AspNetCore.Mvc.ModelBinding.Binders.BinderTypeModelBinderProvider, Microsoft.AspNetCore.Mvc.ModelBinding.Binders.ServicesModelBinderProvider, Microsoft.AspNetCore.Mvc.ModelBinding.Binders.BodyModelBinderProvider, Microsoft.AspNetCore.Mvc.ModelBinding.Binders.HeaderModelBinderProvider, Microsoft.AspNetCore.Mvc.ModelBinding.Binders.FloatingPointTypeModelBinderProvider, Microsoft.AspNetCore.Mvc.ModelBinding.Binders.EnumTypeModelBinderProvider, Microsoft.AspNetCore.Mvc.ModelBinding.Binders.DateTimeModelBinderProvider, Microsoft.AspNetCore.Mvc.ModelBinding.Binders.SimpleTypeModelBinderProvider, Microsoft.AspNetCore.Mvc.ModelBinding.Binders.TryParseModelBinderProvider, Microsoft.AspNetCore.Mvc.ModelBinding.Binders.CancellationTokenModelBinderProvider, Microsoft.AspNetCore.Mvc.ModelBinding.Binders.ByteArrayModelBinderProvider, Microsoft.AspNetCore.Mvc.ModelBinding.Binders.FormFileModelBinderProvider, Microsoft.AspNetCore.Mvc.ModelBinding.Binders.FormCollectionModelBinderProvider, Microsoft.AspNetCore.Mvc.ModelBinding.Binders.KeyValuePairModelBinderProvider, Microsoft.AspNetCore.Mvc.ModelBinding.Binders.DictionaryModelBinderProvider, Microsoft.AspNetCore.Mvc.ModelBinding.Binders.ArrayModelBinderProvider, Microsoft.AspNetCore.Mvc.ModelBinding.Binders.CollectionModelBinderProvider, Microsoft.AspNetCore.Mvc.ModelBinding.Binders.ComplexObjectModelBinderProvider 
2024-04-12 15:29:59.4913|1|DEBUG|Microsoft.Extensions.Hosting.Internal.Host|Hosting starting 
2024-04-12 15:29:59.8585|63|INFO|Microsoft.AspNetCore.DataProtection.KeyManagement.XmlKeyManager|User profile is available. Using 'C:\Users\---\AppData\Local\ASP.NET\DataProtection-Keys' as key repository and Windows DPAPI to encrypt keys at rest. 
2024-04-12 15:29:59.9222|37|DEBUG|Microsoft.AspNetCore.DataProtection.Repositories.FileSystemXmlRepository|Reading data from file 'C:\Users\---\AppData\Local\ASP.NET\DataProtection-Keys\key-bbbb6ebe-2183-495e-8935-0cce6fbe17c8.xml'. 
2024-04-12 15:30:00.1054|18|DEBUG|Microsoft.AspNetCore.DataProtection.KeyManagement.XmlKeyManager|Found key {bbbb6ebe-2183-495e-8935-0cce6fbe17c8}. 
2024-04-12 15:30:00.2849|13|DEBUG|Microsoft.AspNetCore.DataProtection.KeyManagement.DefaultKeyResolver|Considering key {bbbb6ebe-2183-495e-8935-0cce6fbe17c8} with expiration date 2024-04-18 22:50:33Z as default key. 
2024-04-12 15:30:00.2927|0|DEBUG|Microsoft.AspNetCore.DataProtection.TypeForwardingActivator|Forwarded activator type request from Microsoft.AspNetCore.DataProtection.XmlEncryption.DpapiXmlDecryptor, Microsoft.AspNetCore.DataProtection, Version=7.0.0.0, Culture=neutral, PublicKeyToken=adb9793829ddae60 to Microsoft.AspNetCore.DataProtection.XmlEncryption.DpapiXmlDecryptor, Microsoft.AspNetCore.DataProtection, Culture=neutral, PublicKeyToken=adb9793829ddae60 
2024-04-12 15:30:00.2927|51|DEBUG|Microsoft.AspNetCore.DataProtection.XmlEncryption.DpapiXmlDecryptor|Decrypting secret element using Windows DPAPI. 
2024-04-12 15:30:00.3206|0|DEBUG|Microsoft.AspNetCore.DataProtection.TypeForwardingActivator|Forwarded activator type request from Microsoft.AspNetCore.DataProtection.AuthenticatedEncryption.ConfigurationModel.AuthenticatedEncryptorDescriptorDeserializer, Microsoft.AspNetCore.DataProtection, Version=7.0.0.0, Culture=neutral, PublicKeyToken=adb9793829ddae60 to Microsoft.AspNetCore.DataProtection.AuthenticatedEncryption.ConfigurationModel.AuthenticatedEncryptorDescriptorDeserializer, Microsoft.AspNetCore.DataProtection, Culture=neutral, PublicKeyToken=adb9793829ddae60 
2024-04-12 15:30:00.3206|4|DEBUG|Microsoft.AspNetCore.DataProtection.AuthenticatedEncryption.CngCbcAuthenticatedEncryptorFactory|Opening CNG algorithm 'AES' from provider '(null)' with chaining mode CBC. 
2024-04-12 15:30:00.3459|3|DEBUG|Microsoft.AspNetCore.DataProtection.AuthenticatedEncryption.CngCbcAuthenticatedEncryptorFactory|Opening CNG algorithm 'SHA256' from provider '(null)' with HMAC. 
2024-04-12 15:30:00.3716|2|DEBUG|Microsoft.AspNetCore.DataProtection.KeyManagement.KeyRingProvider|Using key {bbbb6ebe-2183-495e-8935-0cce6fbe17c8} as the default key. 
2024-04-12 15:30:00.3716|65|DEBUG|Microsoft.AspNetCore.DataProtection.Internal.DataProtectionHostedService|Key ring with default key {bbbb6ebe-2183-495e-8935-0cce6fbe17c8} was loaded during application startup. 
2024-04-12 15:30:01.6002|13|DEBUG|Microsoft.AspNetCore.Hosting.Diagnostics|Loaded hosting startup assembly NewClimbingApp 
2024-04-12 15:30:01.6002|13|DEBUG|Microsoft.AspNetCore.Hosting.Diagnostics|Loaded hosting startup assembly Microsoft.AspNetCore.Watch.BrowserRefresh 
2024-04-12 15:30:01.6007|13|DEBUG|Microsoft.AspNetCore.Hosting.Diagnostics|Loaded hosting startup assembly Microsoft.WebTools.BrowserLink.Net 
2024-04-12 15:30:01.6007|0|INFO|Microsoft.Hosting.Lifetime|Application started. Press Ctrl+C to shut down. 
2024-04-12 15:30:01.7959|0|INFO|Microsoft.Hosting.Lifetime|Hosting environment: Development 
2024-04-12 15:30:01.7959|0|INFO|Microsoft.Hosting.Lifetime|Content root path: C:\Users\---\Documents\GitHub\NewClimbingApp\NewClimbingApp 
2024-04-12 15:30:01.7959|2|DEBUG|Microsoft.Extensions.Hosting.Internal.Host|Hosting started 
2024-04-12 15:30:02.8002|1|INFO|Microsoft.AspNetCore.Hosting.Diagnostics|Request starting HTTP/2 GET https://localhost:44374/swagger/index.html - - 
2024-04-12 15:30:03.2274|0|DEBUG|Microsoft.AspNetCore.HostFiltering.HostFilteringMiddleware|Wildcard detected, all requests with hosts will be allowed. 
2024-04-12 15:30:03.2274|2|TRACE|Microsoft.AspNetCore.HostFiltering.HostFilteringMiddleware|All hosts are allowed. 
2024-04-12 15:30:03.3454|1000|DEBUG|Microsoft.AspNetCore.Routing.Matching.DfaMatcher|No candidates found for the request path '/swagger/index.html' 
2024-04-12 15:30:03.3734|2|DEBUG|Microsoft.AspNetCore.Routing.EndpointRoutingMiddleware|Request did not match any endpoints 
2024-04-12 15:30:05.4930|10401|DEBUG|Microsoft.EntityFrameworkCore.Infrastructure|An 'IServiceProvider' was created for internal use by Entity Framework. 
2024-04-12 15:30:05.8254|7|INFO|Pharmacy.Authentication.BasicAuthenticationHandler|BasicAuthentication was not authenticated. Failure message: Missing Authorization Header 
2024-04-12 15:30:06.4929|1|DEBUG|Microsoft.AspNetCore.Watch.BrowserRefresh.BrowserRefreshMiddleware|Response markup is scheduled to include browser refresh script injection. 
2024-04-12 15:30:08.3165|2|DEBUG|Microsoft.AspNetCore.Watch.BrowserRefresh.BrowserRefreshMiddleware|Response markup was updated to include browser refresh script injection. 
2024-04-12 15:30:08.3351|1|DEBUG|Microsoft.AspNetCore.Server.IIS.Core.IISHttpServer|Connection ID "18014398515387564078" disconnecting. 
2024-04-12 15:30:08.3351|1|INFO|Microsoft.AspNetCore.Hosting.Diagnostics|Request starting HTTP/2 GET https://localhost:44374/_framework/aspnetcore-browser-refresh.js - - 
2024-04-12 15:30:08.4768|1|INFO|Microsoft.AspNetCore.Hosting.Diagnostics|Request starting HTTP/2 GET https://localhost:44374/_vs/browserLink - - 
2024-04-12 15:30:08.4768|1|DEBUG|Microsoft.AspNetCore.Server.IIS.Core.IISHttpServer|Connection ID "17870283331606675555" disconnecting. 
2024-04-12 15:30:08.5741|2|INFO|Microsoft.AspNetCore.Hosting.Diagnostics|Request finished HTTP/2 GET https://localhost:44374/swagger/index.html - - - 200 - text/html;charset=utf-8 5737.3052ms 
2024-04-12 15:30:08.5741|2|INFO|Microsoft.AspNetCore.Hosting.Diagnostics|Request finished HTTP/2 GET https://localhost:44374/_framework/aspnetcore-browser-refresh.js - - - 200 12360 application/javascript;+charset=utf-8 3.7578ms 
2024-04-12 15:30:08.8440|1|DEBUG|Microsoft.AspNetCore.Server.IIS.Core.IISHttpServer|Connection ID "17654110540902957072" disconnecting. 
2024-04-12 15:30:08.8440|2|INFO|Microsoft.AspNetCore.Hosting.Diagnostics|Request finished HTTP/2 GET https://localhost:44374/_vs/browserLink - - - 200 - text/javascript;+charset=UTF-8 369.1016ms 
2024-04-12 15:30:08.9252|1|INFO|Microsoft.AspNetCore.Hosting.Diagnostics|Request starting HTTP/2 GET https://localhost:44374/swagger/v1/swagger.json - - 
2024-04-12 15:30:08.9252|2|TRACE|Microsoft.AspNetCore.HostFiltering.HostFilteringMiddleware|All hosts are allowed. 
2024-04-12 15:30:08.9252|1000|DEBUG|Microsoft.AspNetCore.Routing.Matching.DfaMatcher|No candidates found for the request path '/swagger/v1/swagger.json' 
2024-04-12 15:30:08.9252|2|DEBUG|Microsoft.AspNetCore.Routing.EndpointRoutingMiddleware|Request did not match any endpoints 
2024-04-12 15:30:08.9646|7|INFO|Pharmacy.Authentication.BasicAuthenticationHandler|BasicAuthentication was not authenticated. Failure message: Missing Authorization Header 
2024-04-12 15:30:09.6670|1|DEBUG|Microsoft.AspNetCore.Server.IIS.Core.IISHttpServer|Connection ID "17654110540902957074" disconnecting. 
2024-04-12 15:30:09.6670|2|INFO|Microsoft.AspNetCore.Hosting.Diagnostics|Request finished HTTP/2 GET https://localhost:44374/swagger/v1/swagger.json - - - 200 - application/json;charset=utf-8 741.7924ms 
2024-04-12 15:30:24.1814|1|INFO|Microsoft.AspNetCore.Hosting.Diagnostics|Request starting HTTP/2 GET https://localhost:44374/Routes - - 
2024-04-12 15:30:24.1814|2|TRACE|Microsoft.AspNetCore.HostFiltering.HostFilteringMiddleware|All hosts are allowed. 
2024-04-12 15:30:24.2003|1001|DEBUG|Microsoft.AspNetCore.Routing.Matching.DfaMatcher|1 candidate(s) found for the request path '/Routes' 
2024-04-12 15:30:24.2133|1005|DEBUG|Microsoft.AspNetCore.Routing.Matching.DfaMatcher|Endpoint 'NewClimbingApp.Controllers.RoutesController.GetAllRoutes (NewClimbingApp)' with route pattern 'Routes' is valid for the request path '/Routes' 
2024-04-12 15:30:24.2133|1|DEBUG|Microsoft.AspNetCore.Routing.EndpointRoutingMiddleware|Request matched endpoint 'NewClimbingApp.Controllers.RoutesController.GetAllRoutes (NewClimbingApp)' 
2024-04-12 15:30:24.2262|7|INFO|Pharmacy.Authentication.BasicAuthenticationHandler|BasicAuthentication was not authenticated. Failure message: Missing Authorization Header 
2024-04-12 15:30:24.2769|15|DEBUG|Microsoft.AspNetCore.StaticFiles.StaticFileMiddleware|Static files was skipped as the request already matched an endpoint. 
2024-04-12 15:30:24.5056|0|INFO|Microsoft.AspNetCore.Routing.EndpointMiddleware|Executing endpoint 'NewClimbingApp.Controllers.RoutesController.GetAllRoutes (NewClimbingApp)' 
2024-04-12 15:30:25.2627|102|INFO|Microsoft.AspNetCore.Mvc.Infrastructure.ControllerActionInvoker|Route matched with {action = "GetAllRoutes", controller = "Routes"}. Executing controller action with signature System.Threading.Tasks.Task`1[Microsoft.AspNetCore.Mvc.IActionResult] GetAllRoutes(NewClimbingApp.ApplicationServices.API.Domain.Requests.Routes.GetRoutesRequest) on controller NewClimbingApp.Controllers.RoutesController (NewClimbingApp). 
2024-04-12 15:30:25.2627|1|DEBUG|Microsoft.AspNetCore.Mvc.Infrastructure.ControllerActionInvoker|Execution plan of authorization filters (in the following order): None 
2024-04-12 15:30:25.2627|1|DEBUG|Microsoft.AspNetCore.Mvc.Infrastructure.ControllerActionInvoker|Execution plan of resource filters (in the following order): None 
2024-04-12 15:30:25.2627|1|DEBUG|Microsoft.AspNetCore.Mvc.Infrastructure.ControllerActionInvoker|Execution plan of action filters (in the following order): Microsoft.AspNetCore.Mvc.ModelBinding.UnsupportedContentTypeFilter (Order: -3000) 
2024-04-12 15:30:25.2627|1|DEBUG|Microsoft.AspNetCore.Mvc.Infrastructure.ControllerActionInvoker|Execution plan of exception filters (in the following order): None 
2024-04-12 15:30:25.2627|1|DEBUG|Microsoft.AspNetCore.Mvc.Infrastructure.ControllerActionInvoker|Execution plan of result filters (in the following order): Microsoft.AspNetCore.Mvc.Infrastructure.ClientErrorResultFilter (Order: -2000) 
2024-04-12 15:30:25.2627|1|DEBUG|Microsoft.AspNetCore.Mvc.Infrastructure.ControllerActionInvoker|Executing controller factory for controller NewClimbingApp.Controllers.RoutesController (NewClimbingApp) 
2024-04-12 15:30:25.2627|0|INFO|NewClimbingApp.Controllers.RoutesController|We are in Routes 
2024-04-12 15:30:25.2798|2|DEBUG|Microsoft.AspNetCore.Mvc.Infrastructure.ControllerActionInvoker|Executed controller factory for controller NewClimbingApp.Controllers.RoutesController (NewClimbingApp) 
2024-04-12 15:30:25.3030|22|DEBUG|Microsoft.AspNetCore.Mvc.ModelBinding.ParameterBinder|Attempting to bind parameter 'request' of type 'NewClimbingApp.ApplicationServices.API.Domain.Requests.Routes.GetRoutesRequest' ... 
2024-04-12 15:30:25.3030|44|DEBUG|Microsoft.AspNetCore.Mvc.ModelBinding.Binders.ComplexObjectModelBinder|Attempting to bind parameter 'request' of type 'NewClimbingApp.ApplicationServices.API.Domain.Requests.Routes.GetRoutesRequest' using the name '' in request data ... 
2024-04-12 15:30:25.3248|13|DEBUG|Microsoft.AspNetCore.Mvc.ModelBinding.Binders.SimpleTypeModelBinder|Attempting to bind property 'NewClimbingApp.ApplicationServices.API.Domain.Requests.Routes.GetRoutesRequest.AuthenticationName' of type 'System.String' using the name 'AuthenticationName' in request data ... 
2024-04-12 15:30:25.3248|15|DEBUG|Microsoft.AspNetCore.Mvc.ModelBinding.Binders.SimpleTypeModelBinder|Could not find a value in the request with name 'AuthenticationName' for binding property 'NewClimbingApp.ApplicationServices.API.Domain.Requests.Routes.GetRoutesRequest.AuthenticationName' of type 'System.String'. 
2024-04-12 15:30:25.3248|14|DEBUG|Microsoft.AspNetCore.Mvc.ModelBinding.Binders.SimpleTypeModelBinder|Done attempting to bind property 'NewClimbingApp.ApplicationServices.API.Domain.Requests.Routes.GetRoutesRequest.AuthenticationName' of type 'System.String'. 
2024-04-12 15:30:25.3248|13|DEBUG|Microsoft.AspNetCore.Mvc.ModelBinding.Binders.SimpleTypeModelBinder|Attempting to bind property 'NewClimbingApp.ApplicationServices.API.Domain.Requests.Routes.GetRoutesRequest.AuthenticationRole' of type 'System.String' using the name 'AuthenticationRole' in request data ... 
2024-04-12 15:30:25.3248|15|DEBUG|Microsoft.AspNetCore.Mvc.ModelBinding.Binders.SimpleTypeModelBinder|Could not find a value in the request with name 'AuthenticationRole' for binding property 'NewClimbingApp.ApplicationServices.API.Domain.Requests.Routes.GetRoutesRequest.AuthenticationRole' of type 'System.String'. 
2024-04-12 15:30:25.3248|14|DEBUG|Microsoft.AspNetCore.Mvc.ModelBinding.Binders.SimpleTypeModelBinder|Done attempting to bind property 'NewClimbingApp.ApplicationServices.API.Domain.Requests.Routes.GetRoutesRequest.AuthenticationRole' of type 'System.String'. 
2024-04-12 15:30:25.3248|45|DEBUG|Microsoft.AspNetCore.Mvc.ModelBinding.Binders.ComplexObjectModelBinder|Done attempting to bind parameter 'request' of type 'NewClimbingApp.ApplicationServices.API.Domain.Requests.Routes.GetRoutesRequest'. 
2024-04-12 15:30:25.3248|23|DEBUG|Microsoft.AspNetCore.Mvc.ModelBinding.ParameterBinder|Done attempting to bind parameter 'request' of type 'NewClimbingApp.ApplicationServices.API.Domain.Requests.Routes.GetRoutesRequest'. 
2024-04-12 15:30:25.3248|26|DEBUG|Microsoft.AspNetCore.Mvc.ModelBinding.ParameterBinder|Attempting to validate the bound parameter 'request' of type 'NewClimbingApp.ApplicationServices.API.Domain.Requests.Routes.GetRoutesRequest' ... 
2024-04-12 15:30:25.6588|27|DEBUG|Microsoft.AspNetCore.Mvc.ModelBinding.ParameterBinder|Done attempting to validate the bound parameter 'request' of type 'NewClimbingApp.ApplicationServices.API.Domain.Requests.Routes.GetRoutesRequest'. 
2024-04-12 15:30:25.6588|52|TRACE|Microsoft.AspNetCore.Mvc.Infrastructure.ControllerActionInvoker|Action Filter: Before executing OnActionExecuting on filter Microsoft.AspNetCore.Mvc.ModelBinding.UnsupportedContentTypeFilter. 
2024-04-12 15:30:25.6588|53|TRACE|Microsoft.AspNetCore.Mvc.Infrastructure.ControllerActionInvoker|Action Filter: After executing OnActionExecuting on filter Microsoft.AspNetCore.Mvc.ModelBinding.UnsupportedContentTypeFilter. 
2024-04-12 15:30:25.6588|101|INFO|Microsoft.AspNetCore.Mvc.Infrastructure.ControllerActionInvoker|Executing action method NewClimbingApp.Controllers.RoutesController.GetAllRoutes (NewClimbingApp) - Validation state: Valid 
2024-04-12 15:30:25.6839|102|TRACE|Microsoft.AspNetCore.Mvc.Infrastructure.ControllerActionInvoker|Executing action method NewClimbingApp.Controllers.RoutesController.GetAllRoutes (NewClimbingApp) with arguments (NewClimbingApp.ApplicationServices.API.Domain.Requests.Routes.GetRoutesRequest) 
2024-04-12 15:31:01.4792|10601|DEBUG|Microsoft.EntityFrameworkCore.Model|The index {'AscentsId'} was not created on entity type 'AscentUser (Dictionary<string, object>)' as the properties are already covered by the index {'AscentsId', 'ClimbersId'}. 
2024-04-12 15:31:01.4792|10601|DEBUG|Microsoft.EntityFrameworkCore.Model|The index {'ClimbersId'} was not created on entity type 'RouteUser (Dictionary<string, object>)' as the properties are already covered by the index {'ClimbersId', 'RoutesId'}. 
2024-04-12 15:31:01.6533|10600|DEBUG|Microsoft.EntityFrameworkCore.Model.Validation|The property 'AscentUser (Dictionary<string, object>).AscentsId' was created in shadow state because there are no eligible CLR members with a matching name. 
2024-04-12 15:31:01.6533|10600|DEBUG|Microsoft.EntityFrameworkCore.Model.Validation|The property 'AscentUser (Dictionary<string, object>).ClimbersId' was created in shadow state because there are no eligible CLR members with a matching name. 
2024-04-12 15:31:01.6533|10600|DEBUG|Microsoft.EntityFrameworkCore.Model.Validation|The property 'RouteUser (Dictionary<string, object>).ClimbersId' was created in shadow state because there are no eligible CLR members with a matching name. 
2024-04-12 15:31:01.6533|10600|DEBUG|Microsoft.EntityFrameworkCore.Model.Validation|The property 'RouteUser (Dictionary<string, object>).RoutesId' was created in shadow state because there are no eligible CLR members with a matching name. 
2024-04-12 15:31:02.0559|10403|DEBUG|Microsoft.EntityFrameworkCore.Infrastructure|Entity Framework Core 7.0.16 initialized 'NewClimbingAppContext' using provider 'Microsoft.EntityFrameworkCore.SqlServer:7.0.16' with options: None 
2024-04-12 15:31:02.6507|10111|DEBUG|Microsoft.EntityFrameworkCore.Query|Compiling query expression: 
'DbSet<Route>()
    .Include(x => x.Ascent)' 
2024-04-12 15:31:02.7817|10112|DEBUG|Microsoft.EntityFrameworkCore.Query|Including navigation: 'Route.Ascent'. 
2024-04-12 15:31:03.1157|10107|DEBUG|Microsoft.EntityFrameworkCore.Query|Generated query execution expression: 
'queryContext => new SingleQueryingEnumerable<Route>(
    (RelationalQueryContext)queryContext, 
    RelationalCommandCache.QueryExpression(
        Client Projections:
            0 -> Dictionary<IProperty, int> { [Property: Route.Id (int) Required PK AfterSave:Throw ValueGenerated.OnAdd, 0], [Property: Route.AscentId (int?) FK Index, 1], [Property: Route.CragId (int?) FK Index, 2], [Property: Route.EquiperId (int?), 3], [Property: Route.Grade (string) Required MaxLength(5), 4], [Property: Route.IsClimbed (bool) Required, 5], [Property: Route.Length (int?), 6], [Property: Route.Name (string) Required MaxLength(100), 7], [Property: Route.Type (RouteType) Required, 8] }
            1 -> Dictionary<IProperty, int> { [Property: Ascent.Id (int) Required PK AfterSave:Throw ValueGenerated.OnAdd, 9], [Property: Ascent.IsClimbed (bool) Required, 10], [Property: Ascent.Notes (string) MaxLength(250), 11], [Property: Ascent.Rating (int?), 12], [Property: Ascent.Style (AscentStyle) Required, 13] }
        SELECT r.Id, r.AscentId, r.CragId, r.EquiperId, r.Grade, r.IsClimbed, r.Length, r.Name, r.Type, a.Id, a.IsClimbed, a.Notes, a.Rating, a.Style
        FROM Routes AS r
        LEFT JOIN Ascents AS a ON r.AscentId == a.Id), 
    null, 
    Func<QueryContext, DbDataReader, ResultContext, SingleQueryResultCoordinator, Route>, 
    NewClimbingApp.DataAccess.NewClimbingAppContext, 
    False, 
    False, 
    True
)' 
2024-04-12 15:31:03.1847|20103|DEBUG|Microsoft.EntityFrameworkCore.Database.Command|Creating DbCommand for 'ExecuteReader'. 
2024-04-12 15:31:03.1870|20005|DEBUG|Microsoft.EntityFrameworkCore.Database.Connection|Creating DbConnection. 
2024-04-12 15:31:03.3876|20006|DEBUG|Microsoft.EntityFrameworkCore.Database.Connection|Created DbConnection. (198ms). 
2024-04-12 15:31:03.4261|20104|DEBUG|Microsoft.EntityFrameworkCore.Database.Command|Created DbCommand for 'ExecuteReader' (231ms). 
2024-04-12 15:31:03.4261|20106|DEBUG|Microsoft.EntityFrameworkCore.Database.Command|Initialized DbCommand for 'ExecuteReader' (253ms). 
2024-04-12 15:31:03.4410|20000|DEBUG|Microsoft.EntityFrameworkCore.Database.Connection|Opening connection to database 'NewClimbingApp' on server 'DESKTOP-KSU5O1R\SQLEXPRESS'. 
2024-04-12 15:31:05.9794|20001|DEBUG|Microsoft.EntityFrameworkCore.Database.Connection|Opened connection to database 'NewClimbingApp' on server 'DESKTOP-KSU5O1R\SQLEXPRESS'. 
2024-04-12 15:31:06.0143|20100|DEBUG|Microsoft.EntityFrameworkCore.Database.Command|Executing DbCommand [Parameters=[], CommandType='Text', CommandTimeout='30']
SELECT [r].[Id], [r].[AscentId], [r].[CragId], [r].[EquiperId], [r].[Grade], [r].[IsClimbed], [r].[Length], [r].[Name], [r].[Type], [a].[Id], [a].[IsClimbed], [a].[Notes], [a].[Rating], [a].[Style]
FROM [Routes] AS [r]
LEFT JOIN [Ascents] AS [a] ON [r].[AscentId] = [a].[Id] 
2024-04-12 15:31:06.6346|20101|INFO|Microsoft.EntityFrameworkCore.Database.Command|Executed DbCommand (570ms) [Parameters=[], CommandType='Text', CommandTimeout='30']
SELECT [r].[Id], [r].[AscentId], [r].[CragId], [r].[EquiperId], [r].[Grade], [r].[IsClimbed], [r].[Length], [r].[Name], [r].[Type], [a].[Id], [a].[IsClimbed], [a].[Notes], [a].[Rating], [a].[Style]
FROM [Routes] AS [r]
LEFT JOIN [Ascents] AS [a] ON [r].[AscentId] = [a].[Id] 
2024-04-12 15:31:06.7387|10806|DEBUG|Microsoft.EntityFrameworkCore.ChangeTracking|Context 'NewClimbingAppContext' started tracking 'Route' entity. Consider using 'DbContextOptionsBuilder.EnableSensitiveDataLogging' to see key values. 
2024-04-12 15:31:06.8039|10806|DEBUG|Microsoft.EntityFrameworkCore.ChangeTracking|Context 'NewClimbingAppContext' started tracking 'Route' entity. Consider using 'DbContextOptionsBuilder.EnableSensitiveDataLogging' to see key values. 
2024-04-12 15:31:06.8217|20301|DEBUG|Microsoft.EntityFrameworkCore.Database.Command|Closing data reader to 'NewClimbingApp' on server 'DESKTOP-KSU5O1R\SQLEXPRESS'. 
2024-04-12 15:31:06.8217|20300|DEBUG|Microsoft.EntityFrameworkCore.Database.Command|A data reader for 'NewClimbingApp' on server 'DESKTOP-KSU5O1R\SQLEXPRESS' is being disposed after spending 188ms reading results. 
2024-04-12 15:31:06.8402|20002|DEBUG|Microsoft.EntityFrameworkCore.Database.Connection|Closing connection to database 'NewClimbingApp' on server 'DESKTOP-KSU5O1R\SQLEXPRESS'. 
2024-04-12 15:31:06.8481|20003|DEBUG|Microsoft.EntityFrameworkCore.Database.Connection|Closed connection to database 'NewClimbingApp' on server 'DESKTOP-KSU5O1R\SQLEXPRESS' (7ms). 
2024-04-12 15:31:12.5053|103|INFO|Microsoft.AspNetCore.Mvc.Infrastructure.ControllerActionInvoker|Executed action method NewClimbingApp.Controllers.RoutesController.GetAllRoutes (NewClimbingApp), returned result Microsoft.AspNetCore.Mvc.OkObjectResult in 46816.4312ms. 
2024-04-12 15:31:12.5053|52|TRACE|Microsoft.AspNetCore.Mvc.Infrastructure.ControllerActionInvoker|Action Filter: Before executing OnActionExecuted on filter Microsoft.AspNetCore.Mvc.ModelBinding.UnsupportedContentTypeFilter. 
2024-04-12 15:31:12.5053|53|TRACE|Microsoft.AspNetCore.Mvc.Infrastructure.ControllerActionInvoker|Action Filter: After executing OnActionExecuted on filter Microsoft.AspNetCore.Mvc.ModelBinding.UnsupportedContentTypeFilter. 
2024-04-12 15:31:12.5125|52|TRACE|Microsoft.AspNetCore.Mvc.Infrastructure.ControllerActionInvoker|Result Filter: Before executing OnResultExecuting on filter Microsoft.AspNetCore.Mvc.Infrastructure.ClientErrorResultFilter. 
2024-04-12 15:31:12.5125|53|TRACE|Microsoft.AspNetCore.Mvc.Infrastructure.ControllerActionInvoker|Result Filter: After executing OnResultExecuting on filter Microsoft.AspNetCore.Mvc.Infrastructure.ClientErrorResultFilter. 
2024-04-12 15:31:12.5125|5|TRACE|Microsoft.AspNetCore.Mvc.Infrastructure.ControllerActionInvoker|Before executing action result Microsoft.AspNetCore.Mvc.OkObjectResult. 
2024-04-12 15:31:12.5125|11|DEBUG|Microsoft.AspNetCore.Mvc.Infrastructure.DefaultOutputFormatterSelector|List of registered output formatters, in the following order: Microsoft.AspNetCore.Mvc.Formatters.HttpNoContentOutputFormatter, Microsoft.AspNetCore.Mvc.Formatters.StringOutputFormatter, Microsoft.AspNetCore.Mvc.Formatters.StreamOutputFormatter, Microsoft.AspNetCore.Mvc.Formatters.SystemTextJsonOutputFormatter 
2024-04-12 15:31:12.5125|4|DEBUG|Microsoft.AspNetCore.Mvc.Infrastructure.DefaultOutputFormatterSelector|No information found on request to perform content negotiation. 
2024-04-12 15:31:12.5125|8|DEBUG|Microsoft.AspNetCore.Mvc.Infrastructure.DefaultOutputFormatterSelector|Attempting to select an output formatter without using a content type as no explicit content types were specified for the response. 
2024-04-12 15:31:12.5125|10|DEBUG|Microsoft.AspNetCore.Mvc.Infrastructure.DefaultOutputFormatterSelector|Attempting to select the first formatter in the output formatters list which can write the result. 
2024-04-12 15:31:12.5125|2|DEBUG|Microsoft.AspNetCore.Mvc.Infrastructure.DefaultOutputFormatterSelector|Selected output formatter 'Microsoft.AspNetCore.Mvc.Formatters.SystemTextJsonOutputFormatter' and content type 'application/json' to write the response. 
2024-04-12 15:31:12.5125|1|INFO|Microsoft.AspNetCore.Mvc.Infrastructure.ObjectResultExecutor|Executing OkObjectResult, writing value of type 'NewClimbingApp.ApplicationServices.API.Domain.Responses.Routes.GetRoutesResponse'. 
2024-04-12 15:31:12.5843|6|TRACE|Microsoft.AspNetCore.Mvc.Infrastructure.ControllerActionInvoker|After executing action result Microsoft.AspNetCore.Mvc.OkObjectResult. 
2024-04-12 15:31:12.5843|52|TRACE|Microsoft.AspNetCore.Mvc.Infrastructure.ControllerActionInvoker|Result Filter: Before executing OnResultExecuted on filter Microsoft.AspNetCore.Mvc.Infrastructure.ClientErrorResultFilter. 
2024-04-12 15:31:12.5843|53|TRACE|Microsoft.AspNetCore.Mvc.Infrastructure.ControllerActionInvoker|Result Filter: After executing OnResultExecuted on filter Microsoft.AspNetCore.Mvc.Infrastructure.ClientErrorResultFilter. 
2024-04-12 15:31:12.5843|105|INFO|Microsoft.AspNetCore.Mvc.Infrastructure.ControllerActionInvoker|Executed action NewClimbingApp.Controllers.RoutesController.GetAllRoutes (NewClimbingApp) in 47319.9378ms 
2024-04-12 15:31:12.5843|1|INFO|Microsoft.AspNetCore.Routing.EndpointMiddleware|Executed endpoint 'NewClimbingApp.Controllers.RoutesController.GetAllRoutes (NewClimbingApp)' 
2024-04-12 15:31:12.5952|1|DEBUG|Microsoft.AspNetCore.Server.IIS.Core.IISHttpServer|Connection ID "17798225728978812957" disconnecting. 
2024-04-12 15:31:12.5952|10407|DEBUG|Microsoft.EntityFrameworkCore.Infrastructure|'NewClimbingAppContext' disposed. 
2024-04-12 15:31:12.5952|20007|DEBUG|Microsoft.EntityFrameworkCore.Database.Connection|Disposing connection to database 'NewClimbingApp' on server 'DESKTOP-KSU5O1R\SQLEXPRESS'. 
2024-04-12 15:31:12.5952|20008|DEBUG|Microsoft.EntityFrameworkCore.Database.Connection|Disposed connection to database '' on server '' (1ms). 
2024-04-12 15:31:12.5952|2|INFO|Microsoft.AspNetCore.Hosting.Diagnostics|Request finished HTTP/2 GET https://localhost:44374/Routes - - - 200 - application/json;+charset=utf-8 48419.5504ms 
2024-04-12 15:32:00.2659|1|INFO|Microsoft.AspNetCore.Hosting.Diagnostics|Request starting HTTP/2 PUT https://localhost:44374/Routes/2/ascents/1 application/json 128 
2024-04-12 15:32:00.3220|2|TRACE|Microsoft.AspNetCore.HostFiltering.HostFilteringMiddleware|All hosts are allowed. 
2024-04-12 15:32:00.3220|1001|DEBUG|Microsoft.AspNetCore.Routing.Matching.DfaMatcher|1 candidate(s) found for the request path '/Routes/2/ascents/1' 
2024-04-12 15:32:00.3220|1005|DEBUG|Microsoft.AspNetCore.Routing.Matching.DfaMatcher|Endpoint 'NewClimbingApp.Controllers.RoutesController.AddAscentToRoute (NewClimbingApp)' with route pattern 'Routes/{routeId}/ascents/{ascentId}' is valid for the request path '/Routes/2/ascents/1' 
2024-04-12 15:32:00.3220|1|DEBUG|Microsoft.AspNetCore.Routing.EndpointRoutingMiddleware|Request matched endpoint 'NewClimbingApp.Controllers.RoutesController.AddAscentToRoute (NewClimbingApp)' 
2024-04-12 15:32:00.3220|7|INFO|Pharmacy.Authentication.BasicAuthenticationHandler|BasicAuthentication was not authenticated. Failure message: Missing Authorization Header 
2024-04-12 15:32:00.3220|15|DEBUG|Microsoft.AspNetCore.StaticFiles.StaticFileMiddleware|Static files was skipped as the request already matched an endpoint. 
2024-04-12 15:32:00.3220|0|INFO|Microsoft.AspNetCore.Routing.EndpointMiddleware|Executing endpoint 'NewClimbingApp.Controllers.RoutesController.AddAscentToRoute (NewClimbingApp)' 
2024-04-12 15:32:00.3395|102|INFO|Microsoft.AspNetCore.Mvc.Infrastructure.ControllerActionInvoker|Route matched with {action = "AddAscentToRoute", controller = "Routes"}. Executing controller action with signature System.Threading.Tasks.Task`1[Microsoft.AspNetCore.Mvc.IActionResult] AddAscentToRoute(Int32, Int32, NewClimbingApp.ApplicationServices.API.Domain.Requests.Routes.AddAscentToRouteRequest) on controller NewClimbingApp.Controllers.RoutesController (NewClimbingApp). 
2024-04-12 15:32:00.3395|1|DEBUG|Microsoft.AspNetCore.Mvc.Infrastructure.ControllerActionInvoker|Execution plan of authorization filters (in the following order): None 
2024-04-12 15:32:00.3395|1|DEBUG|Microsoft.AspNetCore.Mvc.Infrastructure.ControllerActionInvoker|Execution plan of resource filters (in the following order): None 
2024-04-12 15:32:00.3395|1|DEBUG|Microsoft.AspNetCore.Mvc.Infrastructure.ControllerActionInvoker|Execution plan of action filters (in the following order): Microsoft.AspNetCore.Mvc.ModelBinding.UnsupportedContentTypeFilter (Order: -3000) 
2024-04-12 15:32:00.3395|1|DEBUG|Microsoft.AspNetCore.Mvc.Infrastructure.ControllerActionInvoker|Execution plan of exception filters (in the following order): None 
2024-04-12 15:32:00.3395|1|DEBUG|Microsoft.AspNetCore.Mvc.Infrastructure.ControllerActionInvoker|Execution plan of result filters (in the following order): Microsoft.AspNetCore.Mvc.Infrastructure.ClientErrorResultFilter (Order: -2000) 
2024-04-12 15:32:00.3395|1|DEBUG|Microsoft.AspNetCore.Mvc.Infrastructure.ControllerActionInvoker|Executing controller factory for controller NewClimbingApp.Controllers.RoutesController (NewClimbingApp) 
2024-04-12 15:32:00.3395|0|INFO|NewClimbingApp.Controllers.RoutesController|We are in Routes 
2024-04-12 15:32:00.3395|2|DEBUG|Microsoft.AspNetCore.Mvc.Infrastructure.ControllerActionInvoker|Executed controller factory for controller NewClimbingApp.Controllers.RoutesController (NewClimbingApp) 
2024-04-12 15:32:00.3395|22|DEBUG|Microsoft.AspNetCore.Mvc.ModelBinding.ParameterBinder|Attempting to bind parameter 'routeId' of type 'System.Int32' ... 
2024-04-12 15:32:00.3395|44|DEBUG|Microsoft.AspNetCore.Mvc.ModelBinding.Binders.SimpleTypeModelBinder|Attempting to bind parameter 'routeId' of type 'System.Int32' using the name 'routeId' in request data ... 
2024-04-12 15:32:00.3592|45|DEBUG|Microsoft.AspNetCore.Mvc.ModelBinding.Binders.SimpleTypeModelBinder|Done attempting to bind parameter 'routeId' of type 'System.Int32'. 
2024-04-12 15:32:00.3592|23|DEBUG|Microsoft.AspNetCore.Mvc.ModelBinding.ParameterBinder|Done attempting to bind parameter 'routeId' of type 'System.Int32'. 
2024-04-12 15:32:00.3592|26|DEBUG|Microsoft.AspNetCore.Mvc.ModelBinding.ParameterBinder|Attempting to validate the bound parameter 'routeId' of type 'System.Int32' ... 
2024-04-12 15:32:00.3592|27|DEBUG|Microsoft.AspNetCore.Mvc.ModelBinding.ParameterBinder|Done attempting to validate the bound parameter 'routeId' of type 'System.Int32'. 
2024-04-12 15:32:00.3592|22|DEBUG|Microsoft.AspNetCore.Mvc.ModelBinding.ParameterBinder|Attempting to bind parameter 'ascentId' of type 'System.Int32' ... 
2024-04-12 15:32:00.3592|44|DEBUG|Microsoft.AspNetCore.Mvc.ModelBinding.Binders.SimpleTypeModelBinder|Attempting to bind parameter 'ascentId' of type 'System.Int32' using the name 'ascentId' in request data ... 
2024-04-12 15:32:00.3592|45|DEBUG|Microsoft.AspNetCore.Mvc.ModelBinding.Binders.SimpleTypeModelBinder|Done attempting to bind parameter 'ascentId' of type 'System.Int32'. 
2024-04-12 15:32:00.3592|23|DEBUG|Microsoft.AspNetCore.Mvc.ModelBinding.ParameterBinder|Done attempting to bind parameter 'ascentId' of type 'System.Int32'. 
2024-04-12 15:32:00.3592|26|DEBUG|Microsoft.AspNetCore.Mvc.ModelBinding.ParameterBinder|Attempting to validate the bound parameter 'ascentId' of type 'System.Int32' ... 
2024-04-12 15:32:00.3592|27|DEBUG|Microsoft.AspNetCore.Mvc.ModelBinding.ParameterBinder|Done attempting to validate the bound parameter 'ascentId' of type 'System.Int32'. 
2024-04-12 15:32:00.3592|22|DEBUG|Microsoft.AspNetCore.Mvc.ModelBinding.ParameterBinder|Attempting to bind parameter 'request' of type 'NewClimbingApp.ApplicationServices.API.Domain.Requests.Routes.AddAscentToRouteRequest' ... 
2024-04-12 15:32:00.3592|44|DEBUG|Microsoft.AspNetCore.Mvc.ModelBinding.Binders.BodyModelBinder|Attempting to bind parameter 'request' of type 'NewClimbingApp.ApplicationServices.API.Domain.Requests.Routes.AddAscentToRouteRequest' using the name '' in request data ... 
2024-04-12 15:32:00.3592|1|DEBUG|Microsoft.AspNetCore.Mvc.ModelBinding.Binders.BodyModelBinder|Selected input formatter 'Microsoft.AspNetCore.Mvc.Formatters.SystemTextJsonInputFormatter' for content type 'application/json'. 
2024-04-12 15:32:00.4283|2|DEBUG|Microsoft.AspNetCore.Mvc.Formatters.SystemTextJsonInputFormatter|JSON input formatter succeeded, deserializing to type 'NewClimbingApp.ApplicationServices.API.Domain.Requests.Routes.AddAscentToRouteRequest' 
2024-04-12 15:32:00.4283|45|DEBUG|Microsoft.AspNetCore.Mvc.ModelBinding.Binders.BodyModelBinder|Done attempting to bind parameter 'request' of type 'NewClimbingApp.ApplicationServices.API.Domain.Requests.Routes.AddAscentToRouteRequest'. 
2024-04-12 15:32:00.4283|23|DEBUG|Microsoft.AspNetCore.Mvc.ModelBinding.ParameterBinder|Done attempting to bind parameter 'request' of type 'NewClimbingApp.ApplicationServices.API.Domain.Requests.Routes.AddAscentToRouteRequest'. 
2024-04-12 15:32:00.4283|26|DEBUG|Microsoft.AspNetCore.Mvc.ModelBinding.ParameterBinder|Attempting to validate the bound parameter 'request' of type 'NewClimbingApp.ApplicationServices.API.Domain.Requests.Routes.AddAscentToRouteRequest' ... 
2024-04-12 15:32:00.4532|27|DEBUG|Microsoft.AspNetCore.Mvc.ModelBinding.ParameterBinder|Done attempting to validate the bound parameter 'request' of type 'NewClimbingApp.ApplicationServices.API.Domain.Requests.Routes.AddAscentToRouteRequest'. 
2024-04-12 15:32:00.4532|52|TRACE|Microsoft.AspNetCore.Mvc.Infrastructure.ControllerActionInvoker|Action Filter: Before executing OnActionExecuting on filter Microsoft.AspNetCore.Mvc.ModelBinding.UnsupportedContentTypeFilter. 
2024-04-12 15:32:00.4532|53|TRACE|Microsoft.AspNetCore.Mvc.Infrastructure.ControllerActionInvoker|Action Filter: After executing OnActionExecuting on filter Microsoft.AspNetCore.Mvc.ModelBinding.UnsupportedContentTypeFilter. 
2024-04-12 15:32:00.4532|101|INFO|Microsoft.AspNetCore.Mvc.Infrastructure.ControllerActionInvoker|Executing action method NewClimbingApp.Controllers.RoutesController.AddAscentToRoute (NewClimbingApp) - Validation state: Valid 
2024-04-12 15:32:00.4532|102|TRACE|Microsoft.AspNetCore.Mvc.Infrastructure.ControllerActionInvoker|Executing action method NewClimbingApp.Controllers.RoutesController.AddAscentToRoute (NewClimbingApp) with arguments (2, 1, NewClimbingApp.ApplicationServices.API.Domain.Requests.Routes.AddAscentToRouteRequest) 
2024-04-12 15:32:10.4901|10403|DEBUG|Microsoft.EntityFrameworkCore.Infrastructure|Entity Framework Core 7.0.16 initialized 'NewClimbingAppContext' using provider 'Microsoft.EntityFrameworkCore.SqlServer:7.0.16' with options: None 
2024-04-12 15:32:10.5049|10111|DEBUG|Microsoft.EntityFrameworkCore.Query|Compiling query expression: 
'DbSet<Route>()
    .FirstOrDefault(x => x.Id == __Id_0)' 
2024-04-12 15:32:10.5405|10107|DEBUG|Microsoft.EntityFrameworkCore.Query|Generated query execution expression: 
'queryContext => ShapedQueryCompilingExpressionVisitor.SingleOrDefaultAsync<Route>(
    asyncEnumerable: new SingleQueryingEnumerable<Route>(
        (RelationalQueryContext)queryContext, 
        RelationalCommandCache.QueryExpression(
            Projection Mapping:
                EmptyProjectionMember -> Dictionary<IProperty, int> { [Property: Route.Id (int) Required PK AfterSave:Throw ValueGenerated.OnAdd, 0], [Property: Route.AscentId (int?) FK Index, 1], [Property: Route.CragId (int?) FK Index, 2], [Property: Route.EquiperId (int?), 3], [Property: Route.Grade (string) Required MaxLength(5), 4], [Property: Route.IsClimbed (bool) Required, 5], [Property: Route.Length (int?), 6], [Property: Route.Name (string) Required MaxLength(100), 7], [Property: Route.Type (RouteType) Required, 8] }
            SELECT TOP(1) r.Id, r.AscentId, r.CragId, r.EquiperId, r.Grade, r.IsClimbed, r.Length, r.Name, r.Type
            FROM Routes AS r
            WHERE r.Id == @__Id_0), 
        null, 
        Func<QueryContext, DbDataReader, ResultContext, SingleQueryResultCoordinator, Route>, 
        NewClimbingApp.DataAccess.NewClimbingAppContext, 
        False, 
        False, 
        True
    ), 
    cancellationToken: queryContext.CancellationToken)' 
2024-04-12 15:32:10.5480|20103|DEBUG|Microsoft.EntityFrameworkCore.Database.Command|Creating DbCommand for 'ExecuteReader'. 
2024-04-12 15:32:10.5480|20005|DEBUG|Microsoft.EntityFrameworkCore.Database.Connection|Creating DbConnection. 
2024-04-12 15:32:10.5480|20006|DEBUG|Microsoft.EntityFrameworkCore.Database.Connection|Created DbConnection. (0ms). 
2024-04-12 15:32:10.5480|20104|DEBUG|Microsoft.EntityFrameworkCore.Database.Command|Created DbCommand for 'ExecuteReader' (0ms). 
2024-04-12 15:32:10.5625|20106|DEBUG|Microsoft.EntityFrameworkCore.Database.Command|Initialized DbCommand for 'ExecuteReader' (14ms). 
2024-04-12 15:32:10.5625|20000|DEBUG|Microsoft.EntityFrameworkCore.Database.Connection|Opening connection to database 'NewClimbingApp' on server 'DESKTOP-KSU5O1R\SQLEXPRESS'. 
2024-04-12 15:32:10.5625|20001|DEBUG|Microsoft.EntityFrameworkCore.Database.Connection|Opened connection to database 'NewClimbingApp' on server 'DESKTOP-KSU5O1R\SQLEXPRESS'. 
2024-04-12 15:32:10.5911|20100|DEBUG|Microsoft.EntityFrameworkCore.Database.Command|Executing DbCommand [Parameters=[@__Id_0='?' (DbType = Int32)], CommandType='Text', CommandTimeout='30']
SELECT TOP(1) [r].[Id], [r].[AscentId], [r].[CragId], [r].[EquiperId], [r].[Grade], [r].[IsClimbed], [r].[Length], [r].[Name], [r].[Type]
FROM [Routes] AS [r]
WHERE [r].[Id] = @__Id_0 
2024-04-12 15:32:10.8347|20101|INFO|Microsoft.EntityFrameworkCore.Database.Command|Executed DbCommand (261ms) [Parameters=[@__Id_0='?' (DbType = Int32)], CommandType='Text', CommandTimeout='30']
SELECT TOP(1) [r].[Id], [r].[AscentId], [r].[CragId], [r].[EquiperId], [r].[Grade], [r].[IsClimbed], [r].[Length], [r].[Name], [r].[Type]
FROM [Routes] AS [r]
WHERE [r].[Id] = @__Id_0 
2024-04-12 15:32:10.8347|10806|DEBUG|Microsoft.EntityFrameworkCore.ChangeTracking|Context 'NewClimbingAppContext' started tracking 'Route' entity. Consider using 'DbContextOptionsBuilder.EnableSensitiveDataLogging' to see key values. 
2024-04-12 15:32:10.8347|20301|DEBUG|Microsoft.EntityFrameworkCore.Database.Command|Closing data reader to 'NewClimbingApp' on server 'DESKTOP-KSU5O1R\SQLEXPRESS'. 
2024-04-12 15:32:10.8347|20300|DEBUG|Microsoft.EntityFrameworkCore.Database.Command|A data reader for 'NewClimbingApp' on server 'DESKTOP-KSU5O1R\SQLEXPRESS' is being disposed after spending 2ms reading results. 
2024-04-12 15:32:10.8347|20002|DEBUG|Microsoft.EntityFrameworkCore.Database.Connection|Closing connection to database 'NewClimbingApp' on server 'DESKTOP-KSU5O1R\SQLEXPRESS'. 
2024-04-12 15:32:10.8347|20003|DEBUG|Microsoft.EntityFrameworkCore.Database.Connection|Closed connection to database 'NewClimbingApp' on server 'DESKTOP-KSU5O1R\SQLEXPRESS' (0ms). 
2024-04-12 15:32:27.7167|10111|DEBUG|Microsoft.EntityFrameworkCore.Query|Compiling query expression: 
'DbSet<Ascent>()
    .FirstOrDefault(x => x.Id == __Id_0)' 
2024-04-12 15:32:27.7232|10107|DEBUG|Microsoft.EntityFrameworkCore.Query|Generated query execution expression: 
'queryContext => ShapedQueryCompilingExpressionVisitor.SingleOrDefaultAsync<Ascent>(
    asyncEnumerable: new SingleQueryingEnumerable<Ascent>(
        (RelationalQueryContext)queryContext, 
        RelationalCommandCache.QueryExpression(
            Projection Mapping:
                EmptyProjectionMember -> Dictionary<IProperty, int> { [Property: Ascent.Id (int) Required PK AfterSave:Throw ValueGenerated.OnAdd, 0], [Property: Ascent.IsClimbed (bool) Required, 1], [Property: Ascent.Notes (string) MaxLength(250), 2], [Property: Ascent.Rating (int?), 3], [Property: Ascent.Style (AscentStyle) Required, 4] }
            SELECT TOP(1) a.Id, a.IsClimbed, a.Notes, a.Rating, a.Style
            FROM Ascents AS a
            WHERE a.Id == @__Id_0), 
        null, 
        Func<QueryContext, DbDataReader, ResultContext, SingleQueryResultCoordinator, Ascent>, 
        NewClimbingApp.DataAccess.NewClimbingAppContext, 
        False, 
        False, 
        True
    ), 
    cancellationToken: queryContext.CancellationToken)' 
2024-04-12 15:32:27.7232|20103|DEBUG|Microsoft.EntityFrameworkCore.Database.Command|Creating DbCommand for 'ExecuteReader'. 
2024-04-12 15:32:27.7232|20104|DEBUG|Microsoft.EntityFrameworkCore.Database.Command|Created DbCommand for 'ExecuteReader' (0ms). 
2024-04-12 15:32:27.7232|20106|DEBUG|Microsoft.EntityFrameworkCore.Database.Command|Initialized DbCommand for 'ExecuteReader' (0ms). 
2024-04-12 15:32:27.7232|20000|DEBUG|Microsoft.EntityFrameworkCore.Database.Connection|Opening connection to database 'NewClimbingApp' on server 'DESKTOP-KSU5O1R\SQLEXPRESS'. 
2024-04-12 15:32:27.7232|20001|DEBUG|Microsoft.EntityFrameworkCore.Database.Connection|Opened connection to database 'NewClimbingApp' on server 'DESKTOP-KSU5O1R\SQLEXPRESS'. 
2024-04-12 15:32:27.7232|20100|DEBUG|Microsoft.EntityFrameworkCore.Database.Command|Executing DbCommand [Parameters=[@__Id_0='?' (DbType = Int32)], CommandType='Text', CommandTimeout='30']
SELECT TOP(1) [a].[Id], [a].[IsClimbed], [a].[Notes], [a].[Rating], [a].[Style]
FROM [Ascents] AS [a]
WHERE [a].[Id] = @__Id_0 
2024-04-12 15:32:27.8971|20101|INFO|Microsoft.EntityFrameworkCore.Database.Command|Executed DbCommand (172ms) [Parameters=[@__Id_0='?' (DbType = Int32)], CommandType='Text', CommandTimeout='30']
SELECT TOP(1) [a].[Id], [a].[IsClimbed], [a].[Notes], [a].[Rating], [a].[Style]
FROM [Ascents] AS [a]
WHERE [a].[Id] = @__Id_0 
2024-04-12 15:32:27.8971|10806|DEBUG|Microsoft.EntityFrameworkCore.ChangeTracking|Context 'NewClimbingAppContext' started tracking 'Ascent' entity. Consider using 'DbContextOptionsBuilder.EnableSensitiveDataLogging' to see key values. 
2024-04-12 15:32:27.9192|20301|DEBUG|Microsoft.EntityFrameworkCore.Database.Command|Closing data reader to 'NewClimbingApp' on server 'DESKTOP-KSU5O1R\SQLEXPRESS'. 
2024-04-12 15:32:27.9192|20300|DEBUG|Microsoft.EntityFrameworkCore.Database.Command|A data reader for 'NewClimbingApp' on server 'DESKTOP-KSU5O1R\SQLEXPRESS' is being disposed after spending 22ms reading results. 
2024-04-12 15:32:27.9192|20002|DEBUG|Microsoft.EntityFrameworkCore.Database.Connection|Closing connection to database 'NewClimbingApp' on server 'DESKTOP-KSU5O1R\SQLEXPRESS'. 
2024-04-12 15:32:27.9192|20003|DEBUG|Microsoft.EntityFrameworkCore.Database.Connection|Closed connection to database 'NewClimbingApp' on server 'DESKTOP-KSU5O1R\SQLEXPRESS' (0ms). 
