2024-05-02 15:35:20.4801|0|DEBUG|Program|init main 
2024-05-02 15:35:29.5208|12|DEBUG|Microsoft.AspNetCore.Mvc.ModelBinding.ModelBinderFactory|Registered model binder providers, in the following order: Microsoft.AspNetCore.Mvc.ModelBinding.Binders.BinderTypeModelBinderProvider, Microsoft.AspNetCore.Mvc.ModelBinding.Binders.ServicesModelBinderProvider, Microsoft.AspNetCore.Mvc.ModelBinding.Binders.BodyModelBinderProvider, Microsoft.AspNetCore.Mvc.ModelBinding.Binders.HeaderModelBinderProvider, Microsoft.AspNetCore.Mvc.ModelBinding.Binders.FloatingPointTypeModelBinderProvider, Microsoft.AspNetCore.Mvc.ModelBinding.Binders.EnumTypeModelBinderProvider, Microsoft.AspNetCore.Mvc.ModelBinding.Binders.DateTimeModelBinderProvider, Microsoft.AspNetCore.Mvc.ModelBinding.Binders.SimpleTypeModelBinderProvider, Microsoft.AspNetCore.Mvc.ModelBinding.Binders.TryParseModelBinderProvider, Microsoft.AspNetCore.Mvc.ModelBinding.Binders.CancellationTokenModelBinderProvider, Microsoft.AspNetCore.Mvc.ModelBinding.Binders.ByteArrayModelBinderProvider, Microsoft.AspNetCore.Mvc.ModelBinding.Binders.FormFileModelBinderProvider, Microsoft.AspNetCore.Mvc.ModelBinding.Binders.FormCollectionModelBinderProvider, Microsoft.AspNetCore.Mvc.ModelBinding.Binders.KeyValuePairModelBinderProvider, Microsoft.AspNetCore.Mvc.ModelBinding.Binders.DictionaryModelBinderProvider, Microsoft.AspNetCore.Mvc.ModelBinding.Binders.ArrayModelBinderProvider, Microsoft.AspNetCore.Mvc.ModelBinding.Binders.CollectionModelBinderProvider, Microsoft.AspNetCore.Mvc.ModelBinding.Binders.ComplexObjectModelBinderProvider 
2024-05-02 15:35:30.2091|1|DEBUG|Microsoft.Extensions.Hosting.Internal.Host|Hosting starting 
2024-05-02 15:35:30.5061|63|INFO|Microsoft.AspNetCore.DataProtection.KeyManagement.XmlKeyManager|User profile is available. Using 'C:\Users\---\AppData\Local\ASP.NET\DataProtection-Keys' as key repository and Windows DPAPI to encrypt keys at rest. 
2024-05-02 15:35:30.5829|37|DEBUG|Microsoft.AspNetCore.DataProtection.Repositories.FileSystemXmlRepository|Reading data from file 'C:\Users\---\AppData\Local\ASP.NET\DataProtection-Keys\key-19f867d4-1440-4df8-b208-5ca6c6446feb.xml'. 
2024-05-02 15:35:30.7187|37|DEBUG|Microsoft.AspNetCore.DataProtection.Repositories.FileSystemXmlRepository|Reading data from file 'C:\Users\---\AppData\Local\ASP.NET\DataProtection-Keys\key-bbbb6ebe-2183-495e-8935-0cce6fbe17c8.xml'. 
2024-05-02 15:35:30.8509|18|DEBUG|Microsoft.AspNetCore.DataProtection.KeyManagement.XmlKeyManager|Found key {19f867d4-1440-4df8-b208-5ca6c6446feb}. 
2024-05-02 15:35:30.9649|18|DEBUG|Microsoft.AspNetCore.DataProtection.KeyManagement.XmlKeyManager|Found key {bbbb6ebe-2183-495e-8935-0cce6fbe17c8}. 
2024-05-02 15:35:30.9649|13|DEBUG|Microsoft.AspNetCore.DataProtection.KeyManagement.DefaultKeyResolver|Considering key {19f867d4-1440-4df8-b208-5ca6c6446feb} with expiration date 2024-07-19 14:02:28Z as default key. 
2024-05-02 15:35:30.9849|0|DEBUG|Microsoft.AspNetCore.DataProtection.TypeForwardingActivator|Forwarded activator type request from Microsoft.AspNetCore.DataProtection.XmlEncryption.DpapiXmlDecryptor, Microsoft.AspNetCore.DataProtection, Version=7.0.0.0, Culture=neutral, PublicKeyToken=adb9793829ddae60 to Microsoft.AspNetCore.DataProtection.XmlEncryption.DpapiXmlDecryptor, Microsoft.AspNetCore.DataProtection, Culture=neutral, PublicKeyToken=adb9793829ddae60 
2024-05-02 15:35:30.9849|51|DEBUG|Microsoft.AspNetCore.DataProtection.XmlEncryption.DpapiXmlDecryptor|Decrypting secret element using Windows DPAPI. 
2024-05-02 15:35:30.9849|0|DEBUG|Microsoft.AspNetCore.DataProtection.TypeForwardingActivator|Forwarded activator type request from Microsoft.AspNetCore.DataProtection.AuthenticatedEncryption.ConfigurationModel.AuthenticatedEncryptorDescriptorDeserializer, Microsoft.AspNetCore.DataProtection, Version=7.0.0.0, Culture=neutral, PublicKeyToken=adb9793829ddae60 to Microsoft.AspNetCore.DataProtection.AuthenticatedEncryption.ConfigurationModel.AuthenticatedEncryptorDescriptorDeserializer, Microsoft.AspNetCore.DataProtection, Culture=neutral, PublicKeyToken=adb9793829ddae60 
2024-05-02 15:35:30.9966|4|DEBUG|Microsoft.AspNetCore.DataProtection.AuthenticatedEncryption.CngCbcAuthenticatedEncryptorFactory|Opening CNG algorithm 'AES' from provider '(null)' with chaining mode CBC. 
2024-05-02 15:35:30.9966|3|DEBUG|Microsoft.AspNetCore.DataProtection.AuthenticatedEncryption.CngCbcAuthenticatedEncryptorFactory|Opening CNG algorithm 'SHA256' from provider '(null)' with HMAC. 
2024-05-02 15:35:30.9966|2|DEBUG|Microsoft.AspNetCore.DataProtection.KeyManagement.KeyRingProvider|Using key {19f867d4-1440-4df8-b208-5ca6c6446feb} as the default key. 
2024-05-02 15:35:30.9966|65|DEBUG|Microsoft.AspNetCore.DataProtection.Internal.DataProtectionHostedService|Key ring with default key {19f867d4-1440-4df8-b208-5ca6c6446feb} was loaded during application startup. 
2024-05-02 15:35:32.9180|13|DEBUG|Microsoft.AspNetCore.Hosting.Diagnostics|Loaded hosting startup assembly NewClimbingApp 
2024-05-02 15:35:32.9180|13|DEBUG|Microsoft.AspNetCore.Hosting.Diagnostics|Loaded hosting startup assembly Microsoft.AspNetCore.Watch.BrowserRefresh 
2024-05-02 15:35:32.9180|13|DEBUG|Microsoft.AspNetCore.Hosting.Diagnostics|Loaded hosting startup assembly Microsoft.WebTools.BrowserLink.Net 
2024-05-02 15:35:32.9180|0|INFO|Microsoft.Hosting.Lifetime|Application started. Press Ctrl+C to shut down. 
2024-05-02 15:35:33.1747|0|INFO|Microsoft.Hosting.Lifetime|Hosting environment: Development 
2024-05-02 15:35:33.1747|0|INFO|Microsoft.Hosting.Lifetime|Content root path: C:\Users\---\Documents\GitHub\NewClimbingApp\NewClimbingApp 
2024-05-02 15:35:33.1747|2|DEBUG|Microsoft.Extensions.Hosting.Internal.Host|Hosting started 
2024-05-02 15:35:33.9048|1|INFO|Microsoft.AspNetCore.Hosting.Diagnostics|Request starting HTTP/1.1 POST https://localhost:44374/Users application/json 183 
2024-05-02 15:35:34.1741|0|DEBUG|Microsoft.AspNetCore.HostFiltering.HostFilteringMiddleware|Wildcard detected, all requests with hosts will be allowed. 
2024-05-02 15:35:34.1741|2|TRACE|Microsoft.AspNetCore.HostFiltering.HostFilteringMiddleware|All hosts are allowed. 
2024-05-02 15:35:34.6534|1001|DEBUG|Microsoft.AspNetCore.Routing.Matching.DfaMatcher|1 candidate(s) found for the request path '/Users' 
2024-05-02 15:35:34.6534|1005|DEBUG|Microsoft.AspNetCore.Routing.Matching.DfaMatcher|Endpoint 'NewClimbingApp.Controllers.UsersController.AddUser (NewClimbingApp)' with route pattern 'Users' is valid for the request path '/Users' 
2024-05-02 15:35:34.6746|1|DEBUG|Microsoft.AspNetCore.Routing.EndpointRoutingMiddleware|Request matched endpoint 'NewClimbingApp.Controllers.UsersController.AddUser (NewClimbingApp)' 
2024-05-02 15:35:38.1173|10401|DEBUG|Microsoft.EntityFrameworkCore.Infrastructure|An 'IServiceProvider' was created for internal use by Entity Framework. 
2024-05-02 15:35:38.6382|9|DEBUG|Pharmacy.Authentication.BasicAuthenticationHandler|AuthenticationScheme: BasicAuthentication was not authenticated. 
2024-05-02 15:35:39.0340|15|DEBUG|Microsoft.AspNetCore.StaticFiles.StaticFileMiddleware|Static files was skipped as the request already matched an endpoint. 
2024-05-02 15:35:39.0884|0|INFO|Microsoft.AspNetCore.Routing.EndpointMiddleware|Executing endpoint 'NewClimbingApp.Controllers.UsersController.AddUser (NewClimbingApp)' 
2024-05-02 15:35:39.4848|102|INFO|Microsoft.AspNetCore.Mvc.Infrastructure.ControllerActionInvoker|Route matched with {action = "AddUser", controller = "Users"}. Executing controller action with signature System.Threading.Tasks.Task`1[Microsoft.AspNetCore.Mvc.IActionResult] AddUser(NewClimbingApp.ApplicationServices.API.Domain.Requests.Users.AddUserRequest) on controller NewClimbingApp.Controllers.UsersController (NewClimbingApp). 
2024-05-02 15:35:39.4848|1|DEBUG|Microsoft.AspNetCore.Mvc.Infrastructure.ControllerActionInvoker|Execution plan of authorization filters (in the following order): None 
2024-05-02 15:35:39.4848|1|DEBUG|Microsoft.AspNetCore.Mvc.Infrastructure.ControllerActionInvoker|Execution plan of resource filters (in the following order): None 
2024-05-02 15:35:39.4848|1|DEBUG|Microsoft.AspNetCore.Mvc.Infrastructure.ControllerActionInvoker|Execution plan of action filters (in the following order): Microsoft.AspNetCore.Mvc.ModelBinding.UnsupportedContentTypeFilter (Order: -3000) 
2024-05-02 15:35:39.4848|1|DEBUG|Microsoft.AspNetCore.Mvc.Infrastructure.ControllerActionInvoker|Execution plan of exception filters (in the following order): None 
2024-05-02 15:35:39.4848|1|DEBUG|Microsoft.AspNetCore.Mvc.Infrastructure.ControllerActionInvoker|Execution plan of result filters (in the following order): Microsoft.AspNetCore.Mvc.Infrastructure.ClientErrorResultFilter (Order: -2000) 
2024-05-02 15:35:39.4848|1|DEBUG|Microsoft.AspNetCore.Mvc.Infrastructure.ControllerActionInvoker|Executing controller factory for controller NewClimbingApp.Controllers.UsersController (NewClimbingApp) 
2024-05-02 15:35:39.4848|0|INFO|NewClimbingApp.Controllers.UsersController|We are in Users 
2024-05-02 15:35:39.4848|2|DEBUG|Microsoft.AspNetCore.Mvc.Infrastructure.ControllerActionInvoker|Executed controller factory for controller NewClimbingApp.Controllers.UsersController (NewClimbingApp) 
2024-05-02 15:35:39.6986|22|DEBUG|Microsoft.AspNetCore.Mvc.ModelBinding.ParameterBinder|Attempting to bind parameter 'request' of type 'NewClimbingApp.ApplicationServices.API.Domain.Requests.Users.AddUserRequest' ... 
2024-05-02 15:35:39.7199|44|DEBUG|Microsoft.AspNetCore.Mvc.ModelBinding.Binders.BodyModelBinder|Attempting to bind parameter 'request' of type 'NewClimbingApp.ApplicationServices.API.Domain.Requests.Users.AddUserRequest' using the name '' in request data ... 
2024-05-02 15:35:39.7444|1|DEBUG|Microsoft.AspNetCore.Mvc.ModelBinding.Binders.BodyModelBinder|Selected input formatter 'Microsoft.AspNetCore.Mvc.Formatters.SystemTextJsonInputFormatter' for content type 'application/json'. 
2024-05-02 15:35:40.1490|2|DEBUG|Microsoft.AspNetCore.Mvc.Formatters.SystemTextJsonInputFormatter|JSON input formatter succeeded, deserializing to type 'NewClimbingApp.ApplicationServices.API.Domain.Requests.Users.AddUserRequest' 
2024-05-02 15:35:40.1490|45|DEBUG|Microsoft.AspNetCore.Mvc.ModelBinding.Binders.BodyModelBinder|Done attempting to bind parameter 'request' of type 'NewClimbingApp.ApplicationServices.API.Domain.Requests.Users.AddUserRequest'. 
2024-05-02 15:35:40.1490|23|DEBUG|Microsoft.AspNetCore.Mvc.ModelBinding.ParameterBinder|Done attempting to bind parameter 'request' of type 'NewClimbingApp.ApplicationServices.API.Domain.Requests.Users.AddUserRequest'. 
2024-05-02 15:35:40.1490|26|DEBUG|Microsoft.AspNetCore.Mvc.ModelBinding.ParameterBinder|Attempting to validate the bound parameter 'request' of type 'NewClimbingApp.ApplicationServices.API.Domain.Requests.Users.AddUserRequest' ... 
2024-05-02 15:35:43.4363|10601|DEBUG|Microsoft.EntityFrameworkCore.Model|The index {'AscentsId'} was not created on entity type 'AscentRoute (Dictionary<string, object>)' as the properties are already covered by the index {'AscentsId', 'RoutesId'}. 
2024-05-02 15:35:43.4363|10601|DEBUG|Microsoft.EntityFrameworkCore.Model|The index {'AscentsId'} was not created on entity type 'AscentUser (Dictionary<string, object>)' as the properties are already covered by the index {'AscentsId', 'ClimbersId'}. 
2024-05-02 15:35:43.4363|10601|DEBUG|Microsoft.EntityFrameworkCore.Model|The index {'ClimbersId'} was not created on entity type 'RouteUser (Dictionary<string, object>)' as the properties are already covered by the index {'ClimbersId', 'RoutesId'}. 
2024-05-02 15:35:43.9242|10600|DEBUG|Microsoft.EntityFrameworkCore.Model.Validation|The property 'AscentRoute (Dictionary<string, object>).AscentsId' was created in shadow state because there are no eligible CLR members with a matching name. 
2024-05-02 15:35:43.9242|10600|DEBUG|Microsoft.EntityFrameworkCore.Model.Validation|The property 'AscentRoute (Dictionary<string, object>).RoutesId' was created in shadow state because there are no eligible CLR members with a matching name. 
2024-05-02 15:35:43.9242|10600|DEBUG|Microsoft.EntityFrameworkCore.Model.Validation|The property 'AscentUser (Dictionary<string, object>).AscentsId' was created in shadow state because there are no eligible CLR members with a matching name. 
2024-05-02 15:35:43.9242|10600|DEBUG|Microsoft.EntityFrameworkCore.Model.Validation|The property 'AscentUser (Dictionary<string, object>).ClimbersId' was created in shadow state because there are no eligible CLR members with a matching name. 
2024-05-02 15:35:43.9242|10600|DEBUG|Microsoft.EntityFrameworkCore.Model.Validation|The property 'RouteUser (Dictionary<string, object>).ClimbersId' was created in shadow state because there are no eligible CLR members with a matching name. 
2024-05-02 15:35:43.9242|10600|DEBUG|Microsoft.EntityFrameworkCore.Model.Validation|The property 'RouteUser (Dictionary<string, object>).RoutesId' was created in shadow state because there are no eligible CLR members with a matching name. 
2024-05-02 15:35:49.0390|10403|DEBUG|Microsoft.EntityFrameworkCore.Infrastructure|Entity Framework Core 7.0.16 initialized 'NewClimbingAppContext' using provider 'Microsoft.EntityFrameworkCore.SqlServer:7.0.16' with options: None 
2024-05-02 15:35:59.0224|10111|DEBUG|Microsoft.EntityFrameworkCore.Query|Compiling query expression: 
'DbSet<User>()
    .Any(x => x.Email == __value_0)' 
2024-05-02 15:35:59.7394|10107|DEBUG|Microsoft.EntityFrameworkCore.Query|Generated query execution expression: 
'queryContext => new SingleQueryingEnumerable<bool>(
    (RelationalQueryContext)queryContext, 
    RelationalCommandCache.QueryExpression(
        Projection Mapping:
            EmptyProjectionMember -> 0
        SELECT EXISTS (
            SELECT 1
            FROM Users AS u
            WHERE u.Email == @__value_0)), 
    null, 
    Func<QueryContext, DbDataReader, ResultContext, SingleQueryResultCoordinator, bool>, 
    NewClimbingApp.DataAccess.NewClimbingAppContext, 
    False, 
    False, 
    True
)
    .Single()' 
2024-05-02 15:35:59.8426|20103|DEBUG|Microsoft.EntityFrameworkCore.Database.Command|Creating DbCommand for 'ExecuteReader'. 
2024-05-02 15:35:59.8426|20005|DEBUG|Microsoft.EntityFrameworkCore.Database.Connection|Creating DbConnection. 
2024-05-02 15:36:00.0884|20006|DEBUG|Microsoft.EntityFrameworkCore.Database.Connection|Created DbConnection. (236ms). 
2024-05-02 15:36:00.1461|20104|DEBUG|Microsoft.EntityFrameworkCore.Database.Command|Created DbCommand for 'ExecuteReader' (317ms). 
2024-05-02 15:36:00.4205|20106|DEBUG|Microsoft.EntityFrameworkCore.Database.Command|Initialized DbCommand for 'ExecuteReader' (599ms). 
2024-05-02 15:36:00.4866|20000|DEBUG|Microsoft.EntityFrameworkCore.Database.Connection|Opening connection to database 'NewClimbingApp' on server 'DESKTOP-KSU5O1R\SQLEXPRESS'. 
2024-05-02 15:36:02.7465|20001|DEBUG|Microsoft.EntityFrameworkCore.Database.Connection|Opened connection to database 'NewClimbingApp' on server 'DESKTOP-KSU5O1R\SQLEXPRESS'. 
2024-05-02 15:36:02.7465|20100|DEBUG|Microsoft.EntityFrameworkCore.Database.Command|Executing DbCommand [Parameters=[@__value_0='?' (Size = 50)], CommandType='Text', CommandTimeout='30']
SELECT CASE
    WHEN EXISTS (
        SELECT 1
        FROM [Users] AS [u]
        WHERE [u].[Email] = @__value_0) THEN CAST(1 AS bit)
    ELSE CAST(0 AS bit)
END 
2024-05-02 15:36:03.1894|20101|INFO|Microsoft.EntityFrameworkCore.Database.Command|Executed DbCommand (418ms) [Parameters=[@__value_0='?' (Size = 50)], CommandType='Text', CommandTimeout='30']
SELECT CASE
    WHEN EXISTS (
        SELECT 1
        FROM [Users] AS [u]
        WHERE [u].[Email] = @__value_0) THEN CAST(1 AS bit)
    ELSE CAST(0 AS bit)
END 
2024-05-02 15:36:03.2083|20301|DEBUG|Microsoft.EntityFrameworkCore.Database.Command|Closing data reader to 'NewClimbingApp' on server 'DESKTOP-KSU5O1R\SQLEXPRESS'. 
2024-05-02 15:36:03.2199|20300|DEBUG|Microsoft.EntityFrameworkCore.Database.Command|A data reader for 'NewClimbingApp' on server 'DESKTOP-KSU5O1R\SQLEXPRESS' is being disposed after spending 21ms reading results. 
2024-05-02 15:36:03.2519|20002|DEBUG|Microsoft.EntityFrameworkCore.Database.Connection|Closing connection to database 'NewClimbingApp' on server 'DESKTOP-KSU5O1R\SQLEXPRESS'. 
2024-05-02 15:36:03.2519|20003|DEBUG|Microsoft.EntityFrameworkCore.Database.Connection|Closed connection to database 'NewClimbingApp' on server 'DESKTOP-KSU5O1R\SQLEXPRESS' (5ms). 
2024-05-02 15:36:03.2519|27|DEBUG|Microsoft.AspNetCore.Mvc.ModelBinding.ParameterBinder|Done attempting to validate the bound parameter 'request' of type 'NewClimbingApp.ApplicationServices.API.Domain.Requests.Users.AddUserRequest'. 
2024-05-02 15:36:03.2620|52|TRACE|Microsoft.AspNetCore.Mvc.Infrastructure.ControllerActionInvoker|Action Filter: Before executing OnActionExecuting on filter Microsoft.AspNetCore.Mvc.ModelBinding.UnsupportedContentTypeFilter. 
2024-05-02 15:36:03.2620|53|TRACE|Microsoft.AspNetCore.Mvc.Infrastructure.ControllerActionInvoker|Action Filter: After executing OnActionExecuting on filter Microsoft.AspNetCore.Mvc.ModelBinding.UnsupportedContentTypeFilter. 
2024-05-02 15:36:03.2620|101|INFO|Microsoft.AspNetCore.Mvc.Infrastructure.ControllerActionInvoker|Executing action method NewClimbingApp.Controllers.UsersController.AddUser (NewClimbingApp) - Validation state: Valid 
2024-05-02 15:36:03.2620|102|TRACE|Microsoft.AspNetCore.Mvc.Infrastructure.ControllerActionInvoker|Executing action method NewClimbingApp.Controllers.UsersController.AddUser (NewClimbingApp) with arguments (NewClimbingApp.ApplicationServices.API.Domain.Requests.Users.AddUserRequest) 
2024-05-02 15:38:05.6109|10111|DEBUG|Microsoft.EntityFrameworkCore.Query|Compiling query expression: 
'DbSet<User>()
    .FirstOrDefault(x => x.UserName == __UserName_0)' 
2024-05-02 15:38:05.8088|10107|DEBUG|Microsoft.EntityFrameworkCore.Query|Generated query execution expression: 
'queryContext => ShapedQueryCompilingExpressionVisitor.SingleOrDefaultAsync<User>(
    asyncEnumerable: new SingleQueryingEnumerable<User>(
        (RelationalQueryContext)queryContext, 
        RelationalCommandCache.QueryExpression(
            Projection Mapping:
                EmptyProjectionMember -> Dictionary<IProperty, int> { [Property: User.Id (int) Required PK AfterSave:Throw ValueGenerated.OnAdd, 0], [Property: User.Email (string) Required MaxLength(50), 1], [Property: User.FirstName (string) Required MaxLength(25), 2], [Property: User.LastName (string) Required MaxLength(25), 3], [Property: User.Nationality (string) Required MaxLength(25), 4], [Property: User.PasswordHash (string) Required, 5], [Property: User.Role (UserRole) Required, 6], [Property: User.UserName (string) Required MaxLength(25), 7] }
            SELECT TOP(1) u.Id, u.Email, u.FirstName, u.LastName, u.Nationality, u.PasswordHash, u.Role, u.UserName
            FROM Users AS u
            WHERE u.UserName == @__UserName_0), 
        null, 
        Func<QueryContext, DbDataReader, ResultContext, SingleQueryResultCoordinator, User>, 
        NewClimbingApp.DataAccess.NewClimbingAppContext, 
        False, 
        False, 
        True
    ), 
    cancellationToken: queryContext.CancellationToken)' 
2024-05-02 15:38:05.8350|20103|DEBUG|Microsoft.EntityFrameworkCore.Database.Command|Creating DbCommand for 'ExecuteReader'. 
2024-05-02 15:38:05.8350|20104|DEBUG|Microsoft.EntityFrameworkCore.Database.Command|Created DbCommand for 'ExecuteReader' (0ms). 
2024-05-02 15:38:05.8350|20106|DEBUG|Microsoft.EntityFrameworkCore.Database.Command|Initialized DbCommand for 'ExecuteReader' (0ms). 
2024-05-02 15:38:05.8350|20000|DEBUG|Microsoft.EntityFrameworkCore.Database.Connection|Opening connection to database 'NewClimbingApp' on server 'DESKTOP-KSU5O1R\SQLEXPRESS'. 
2024-05-02 15:38:05.8530|20001|DEBUG|Microsoft.EntityFrameworkCore.Database.Connection|Opened connection to database 'NewClimbingApp' on server 'DESKTOP-KSU5O1R\SQLEXPRESS'. 
2024-05-02 15:38:05.8649|20100|DEBUG|Microsoft.EntityFrameworkCore.Database.Command|Executing DbCommand [Parameters=[@__UserName_0='?' (Size = 25)], CommandType='Text', CommandTimeout='30']
SELECT TOP(1) [u].[Id], [u].[Email], [u].[FirstName], [u].[LastName], [u].[Nationality], [u].[PasswordHash], [u].[Role], [u].[UserName]
FROM [Users] AS [u]
WHERE [u].[UserName] = @__UserName_0 
2024-05-02 15:38:06.0869|20101|INFO|Microsoft.EntityFrameworkCore.Database.Command|Executed DbCommand (224ms) [Parameters=[@__UserName_0='?' (Size = 25)], CommandType='Text', CommandTimeout='30']
SELECT TOP(1) [u].[Id], [u].[Email], [u].[FirstName], [u].[LastName], [u].[Nationality], [u].[PasswordHash], [u].[Role], [u].[UserName]
FROM [Users] AS [u]
WHERE [u].[UserName] = @__UserName_0 
2024-05-02 15:38:06.1217|20301|DEBUG|Microsoft.EntityFrameworkCore.Database.Command|Closing data reader to 'NewClimbingApp' on server 'DESKTOP-KSU5O1R\SQLEXPRESS'. 
2024-05-02 15:38:06.1217|20300|DEBUG|Microsoft.EntityFrameworkCore.Database.Command|A data reader for 'NewClimbingApp' on server 'DESKTOP-KSU5O1R\SQLEXPRESS' is being disposed after spending 35ms reading results. 
2024-05-02 15:38:06.1380|20002|DEBUG|Microsoft.EntityFrameworkCore.Database.Connection|Closing connection to database 'NewClimbingApp' on server 'DESKTOP-KSU5O1R\SQLEXPRESS'. 
2024-05-02 15:38:06.1380|20003|DEBUG|Microsoft.EntityFrameworkCore.Database.Connection|Closed connection to database 'NewClimbingApp' on server 'DESKTOP-KSU5O1R\SQLEXPRESS' (0ms). 
2024-05-02 15:39:16.6780|10808|DEBUG|Microsoft.EntityFrameworkCore.ChangeTracking|'"NewClimbingAppContext"' generated a temporary value for the property '"Id"."User"'. Consider using 'DbContextOptionsBuilder.EnableSensitiveDataLogging' to see key values. 
2024-05-02 15:39:16.7754|10806|DEBUG|Microsoft.EntityFrameworkCore.ChangeTracking|Context 'NewClimbingAppContext' started tracking 'User' entity. Consider using 'DbContextOptionsBuilder.EnableSensitiveDataLogging' to see key values. 
2024-05-02 15:39:16.7795|10004|DEBUG|Microsoft.EntityFrameworkCore.Update|SaveChanges starting for 'NewClimbingAppContext'. 
2024-05-02 15:39:16.8187|10800|DEBUG|Microsoft.EntityFrameworkCore.ChangeTracking|DetectChanges starting for 'NewClimbingAppContext'. 
2024-05-02 15:39:16.8334|10801|DEBUG|Microsoft.EntityFrameworkCore.ChangeTracking|DetectChanges completed for 'NewClimbingAppContext'. 
2024-05-02 15:39:16.9998|20000|DEBUG|Microsoft.EntityFrameworkCore.Database.Connection|Opening connection to database 'NewClimbingApp' on server 'DESKTOP-KSU5O1R\SQLEXPRESS'. 
2024-05-02 15:39:16.9998|20001|DEBUG|Microsoft.EntityFrameworkCore.Database.Connection|Opened connection to database 'NewClimbingApp' on server 'DESKTOP-KSU5O1R\SQLEXPRESS'. 
2024-05-02 15:39:16.9998|20103|DEBUG|Microsoft.EntityFrameworkCore.Database.Command|Creating DbCommand for 'ExecuteReader'. 
2024-05-02 15:39:16.9998|20104|DEBUG|Microsoft.EntityFrameworkCore.Database.Command|Created DbCommand for 'ExecuteReader' (0ms). 
2024-05-02 15:39:16.9998|20106|DEBUG|Microsoft.EntityFrameworkCore.Database.Command|Initialized DbCommand for 'ExecuteReader' (6ms). 
2024-05-02 15:39:17.0120|20100|DEBUG|Microsoft.EntityFrameworkCore.Database.Command|Executing DbCommand [Parameters=[@p0='?' (Size = 50), @p1='?' (Size = 25), @p2='?' (Size = 25), @p3='?' (Size = 25), @p4='?' (Size = 4000), @p5='?' (DbType = Int32), @p6='?' (Size = 25)], CommandType='Text', CommandTimeout='30']
SET IMPLICIT_TRANSACTIONS OFF;
SET NOCOUNT ON;
INSERT INTO [Users] ([Email], [FirstName], [LastName], [Nationality], [PasswordHash], [Role], [UserName])
OUTPUT INSERTED.[Id]
VALUES (@p0, @p1, @p2, @p3, @p4, @p5, @p6); 
2024-05-02 15:39:17.0855|20101|INFO|Microsoft.EntityFrameworkCore.Database.Command|Executed DbCommand (75ms) [Parameters=[@p0='?' (Size = 50), @p1='?' (Size = 25), @p2='?' (Size = 25), @p3='?' (Size = 25), @p4='?' (Size = 4000), @p5='?' (DbType = Int32), @p6='?' (Size = 25)], CommandType='Text', CommandTimeout='30']
SET IMPLICIT_TRANSACTIONS OFF;
SET NOCOUNT ON;
INSERT INTO [Users] ([Email], [FirstName], [LastName], [Nationality], [PasswordHash], [Role], [UserName])
OUTPUT INSERTED.[Id]
VALUES (@p0, @p1, @p2, @p3, @p4, @p5, @p6); 
2024-05-02 15:39:17.1266|10803|DEBUG|Microsoft.EntityFrameworkCore.ChangeTracking|The foreign key property 'User.Id' was detected as changed. Consider using 'DbContextOptionsBuilder.EnableSensitiveDataLogging' to see property values. 
2024-05-02 15:39:17.1266|20301|DEBUG|Microsoft.EntityFrameworkCore.Database.Command|Closing data reader to 'NewClimbingApp' on server 'DESKTOP-KSU5O1R\SQLEXPRESS'. 
2024-05-02 15:39:17.1266|20300|DEBUG|Microsoft.EntityFrameworkCore.Database.Command|A data reader for 'NewClimbingApp' on server 'DESKTOP-KSU5O1R\SQLEXPRESS' is being disposed after spending 47ms reading results. 
2024-05-02 15:39:17.1266|20002|DEBUG|Microsoft.EntityFrameworkCore.Database.Connection|Closing connection to database 'NewClimbingApp' on server 'DESKTOP-KSU5O1R\SQLEXPRESS'. 
2024-05-02 15:39:17.1266|20003|DEBUG|Microsoft.EntityFrameworkCore.Database.Connection|Closed connection to database 'NewClimbingApp' on server 'DESKTOP-KSU5O1R\SQLEXPRESS' (0ms). 
2024-05-02 15:39:17.1471|10807|DEBUG|Microsoft.EntityFrameworkCore.ChangeTracking|An entity of type 'User' tracked by 'NewClimbingAppContext' changed state from 'Added' to 'Unchanged'. Consider using 'DbContextOptionsBuilder.EnableSensitiveDataLogging' to see key values. 
2024-05-02 15:39:17.1471|10005|DEBUG|Microsoft.EntityFrameworkCore.Update|SaveChanges completed for 'NewClimbingAppContext' with 1 entities written to the database. 
2024-05-02 15:39:26.9688|103|INFO|Microsoft.AspNetCore.Mvc.Infrastructure.ControllerActionInvoker|Executed action method NewClimbingApp.Controllers.UsersController.AddUser (NewClimbingApp), returned result Microsoft.AspNetCore.Mvc.OkObjectResult in 203556.7905ms. 
2024-05-02 15:39:26.9688|52|TRACE|Microsoft.AspNetCore.Mvc.Infrastructure.ControllerActionInvoker|Action Filter: Before executing OnActionExecuted on filter Microsoft.AspNetCore.Mvc.ModelBinding.UnsupportedContentTypeFilter. 
2024-05-02 15:39:26.9688|53|TRACE|Microsoft.AspNetCore.Mvc.Infrastructure.ControllerActionInvoker|Action Filter: After executing OnActionExecuted on filter Microsoft.AspNetCore.Mvc.ModelBinding.UnsupportedContentTypeFilter. 
2024-05-02 15:39:26.9688|52|TRACE|Microsoft.AspNetCore.Mvc.Infrastructure.ControllerActionInvoker|Result Filter: Before executing OnResultExecuting on filter Microsoft.AspNetCore.Mvc.Infrastructure.ClientErrorResultFilter. 
2024-05-02 15:39:26.9688|53|TRACE|Microsoft.AspNetCore.Mvc.Infrastructure.ControllerActionInvoker|Result Filter: After executing OnResultExecuting on filter Microsoft.AspNetCore.Mvc.Infrastructure.ClientErrorResultFilter. 
2024-05-02 15:39:26.9688|5|TRACE|Microsoft.AspNetCore.Mvc.Infrastructure.ControllerActionInvoker|Before executing action result Microsoft.AspNetCore.Mvc.OkObjectResult. 
2024-05-02 15:39:27.2527|11|DEBUG|Microsoft.AspNetCore.Mvc.Infrastructure.DefaultOutputFormatterSelector|List of registered output formatters, in the following order: Microsoft.AspNetCore.Mvc.Formatters.HttpNoContentOutputFormatter, Microsoft.AspNetCore.Mvc.Formatters.StringOutputFormatter, Microsoft.AspNetCore.Mvc.Formatters.StreamOutputFormatter, Microsoft.AspNetCore.Mvc.Formatters.SystemTextJsonOutputFormatter 
2024-05-02 15:39:27.2527|4|DEBUG|Microsoft.AspNetCore.Mvc.Infrastructure.DefaultOutputFormatterSelector|No information found on request to perform content negotiation. 
2024-05-02 15:39:27.2527|8|DEBUG|Microsoft.AspNetCore.Mvc.Infrastructure.DefaultOutputFormatterSelector|Attempting to select an output formatter without using a content type as no explicit content types were specified for the response. 
2024-05-02 15:39:27.2527|10|DEBUG|Microsoft.AspNetCore.Mvc.Infrastructure.DefaultOutputFormatterSelector|Attempting to select the first formatter in the output formatters list which can write the result. 
2024-05-02 15:39:27.2527|2|DEBUG|Microsoft.AspNetCore.Mvc.Infrastructure.DefaultOutputFormatterSelector|Selected output formatter 'Microsoft.AspNetCore.Mvc.Formatters.SystemTextJsonOutputFormatter' and content type 'application/json' to write the response. 
2024-05-02 15:39:27.2619|1|INFO|Microsoft.AspNetCore.Mvc.Infrastructure.ObjectResultExecutor|Executing OkObjectResult, writing value of type 'NewClimbingApp.ApplicationServices.API.Domain.Responses.Users.AddUserResponse'. 
2024-05-02 15:39:28.9288|6|TRACE|Microsoft.AspNetCore.Mvc.Infrastructure.ControllerActionInvoker|After executing action result Microsoft.AspNetCore.Mvc.OkObjectResult. 
2024-05-02 15:39:28.9288|52|TRACE|Microsoft.AspNetCore.Mvc.Infrastructure.ControllerActionInvoker|Result Filter: Before executing OnResultExecuted on filter Microsoft.AspNetCore.Mvc.Infrastructure.ClientErrorResultFilter. 
2024-05-02 15:39:28.9288|53|TRACE|Microsoft.AspNetCore.Mvc.Infrastructure.ControllerActionInvoker|Result Filter: After executing OnResultExecuted on filter Microsoft.AspNetCore.Mvc.Infrastructure.ClientErrorResultFilter. 
2024-05-02 15:39:28.9346|105|INFO|Microsoft.AspNetCore.Mvc.Infrastructure.ControllerActionInvoker|Executed action NewClimbingApp.Controllers.UsersController.AddUser (NewClimbingApp) in 229443.6676ms 
2024-05-02 15:39:28.9346|1|INFO|Microsoft.AspNetCore.Routing.EndpointMiddleware|Executed endpoint 'NewClimbingApp.Controllers.UsersController.AddUser (NewClimbingApp)' 
2024-05-02 15:39:29.0472|10407|DEBUG|Microsoft.EntityFrameworkCore.Infrastructure|'NewClimbingAppContext' disposed. 
2024-05-02 15:39:29.0472|20007|DEBUG|Microsoft.EntityFrameworkCore.Database.Connection|Disposing connection to database 'NewClimbingApp' on server 'DESKTOP-KSU5O1R\SQLEXPRESS'. 
2024-05-02 15:39:29.0472|20008|DEBUG|Microsoft.EntityFrameworkCore.Database.Connection|Disposed connection to database '' on server '' (1ms). 
2024-05-02 15:39:29.0592|2|INFO|Microsoft.AspNetCore.Hosting.Diagnostics|Request finished HTTP/1.1 POST https://localhost:44374/Users application/json 183 - 200 - application/json;+charset=utf-8 235225.8192ms 
