2024-05-11 14:14:28.8249|0|DEBUG|Program|init main 
2024-05-11 14:14:42.3252|12|DEBUG|Microsoft.AspNetCore.Mvc.ModelBinding.ModelBinderFactory|Registered model binder providers, in the following order: Microsoft.AspNetCore.Mvc.ModelBinding.Binders.BinderTypeModelBinderProvider, Microsoft.AspNetCore.Mvc.ModelBinding.Binders.ServicesModelBinderProvider, Microsoft.AspNetCore.Mvc.ModelBinding.Binders.BodyModelBinderProvider, Microsoft.AspNetCore.Mvc.ModelBinding.Binders.HeaderModelBinderProvider, Microsoft.AspNetCore.Mvc.ModelBinding.Binders.FloatingPointTypeModelBinderProvider, Microsoft.AspNetCore.Mvc.ModelBinding.Binders.EnumTypeModelBinderProvider, Microsoft.AspNetCore.Mvc.ModelBinding.Binders.DateTimeModelBinderProvider, Microsoft.AspNetCore.Mvc.ModelBinding.Binders.SimpleTypeModelBinderProvider, Microsoft.AspNetCore.Mvc.ModelBinding.Binders.TryParseModelBinderProvider, Microsoft.AspNetCore.Mvc.ModelBinding.Binders.CancellationTokenModelBinderProvider, Microsoft.AspNetCore.Mvc.ModelBinding.Binders.ByteArrayModelBinderProvider, Microsoft.AspNetCore.Mvc.ModelBinding.Binders.FormFileModelBinderProvider, Microsoft.AspNetCore.Mvc.ModelBinding.Binders.FormCollectionModelBinderProvider, Microsoft.AspNetCore.Mvc.ModelBinding.Binders.KeyValuePairModelBinderProvider, Microsoft.AspNetCore.Mvc.ModelBinding.Binders.DictionaryModelBinderProvider, Microsoft.AspNetCore.Mvc.ModelBinding.Binders.ArrayModelBinderProvider, Microsoft.AspNetCore.Mvc.ModelBinding.Binders.CollectionModelBinderProvider, Microsoft.AspNetCore.Mvc.ModelBinding.Binders.ComplexObjectModelBinderProvider 
2024-05-11 14:14:42.9998|1|DEBUG|Microsoft.Extensions.Hosting.Internal.Host|Hosting starting 
2024-05-11 14:14:44.8537|63|INFO|Microsoft.AspNetCore.DataProtection.KeyManagement.XmlKeyManager|User profile is available. Using 'C:\Users\---\AppData\Local\ASP.NET\DataProtection-Keys' as key repository and Windows DPAPI to encrypt keys at rest. 
2024-05-11 14:14:44.9344|37|DEBUG|Microsoft.AspNetCore.DataProtection.Repositories.FileSystemXmlRepository|Reading data from file 'C:\Users\---\AppData\Local\ASP.NET\DataProtection-Keys\key-19f867d4-1440-4df8-b208-5ca6c6446feb.xml'. 
2024-05-11 14:14:45.1284|37|DEBUG|Microsoft.AspNetCore.DataProtection.Repositories.FileSystemXmlRepository|Reading data from file 'C:\Users\---\AppData\Local\ASP.NET\DataProtection-Keys\key-bbbb6ebe-2183-495e-8935-0cce6fbe17c8.xml'. 
2024-05-11 14:14:45.3334|18|DEBUG|Microsoft.AspNetCore.DataProtection.KeyManagement.XmlKeyManager|Found key {19f867d4-1440-4df8-b208-5ca6c6446feb}. 
2024-05-11 14:14:45.4604|18|DEBUG|Microsoft.AspNetCore.DataProtection.KeyManagement.XmlKeyManager|Found key {bbbb6ebe-2183-495e-8935-0cce6fbe17c8}. 
2024-05-11 14:14:45.4737|13|DEBUG|Microsoft.AspNetCore.DataProtection.KeyManagement.DefaultKeyResolver|Considering key {19f867d4-1440-4df8-b208-5ca6c6446feb} with expiration date 2024-07-19 14:02:28Z as default key. 
2024-05-11 14:14:45.4737|0|DEBUG|Microsoft.AspNetCore.DataProtection.TypeForwardingActivator|Forwarded activator type request from Microsoft.AspNetCore.DataProtection.XmlEncryption.DpapiXmlDecryptor, Microsoft.AspNetCore.DataProtection, Version=7.0.0.0, Culture=neutral, PublicKeyToken=adb9793829ddae60 to Microsoft.AspNetCore.DataProtection.XmlEncryption.DpapiXmlDecryptor, Microsoft.AspNetCore.DataProtection, Culture=neutral, PublicKeyToken=adb9793829ddae60 
2024-05-11 14:14:45.4737|51|DEBUG|Microsoft.AspNetCore.DataProtection.XmlEncryption.DpapiXmlDecryptor|Decrypting secret element using Windows DPAPI. 
2024-05-11 14:14:45.4859|0|DEBUG|Microsoft.AspNetCore.DataProtection.TypeForwardingActivator|Forwarded activator type request from Microsoft.AspNetCore.DataProtection.AuthenticatedEncryption.ConfigurationModel.AuthenticatedEncryptorDescriptorDeserializer, Microsoft.AspNetCore.DataProtection, Version=7.0.0.0, Culture=neutral, PublicKeyToken=adb9793829ddae60 to Microsoft.AspNetCore.DataProtection.AuthenticatedEncryption.ConfigurationModel.AuthenticatedEncryptorDescriptorDeserializer, Microsoft.AspNetCore.DataProtection, Culture=neutral, PublicKeyToken=adb9793829ddae60 
2024-05-11 14:14:45.4859|4|DEBUG|Microsoft.AspNetCore.DataProtection.AuthenticatedEncryption.CngCbcAuthenticatedEncryptorFactory|Opening CNG algorithm 'AES' from provider '(null)' with chaining mode CBC. 
2024-05-11 14:14:45.4859|3|DEBUG|Microsoft.AspNetCore.DataProtection.AuthenticatedEncryption.CngCbcAuthenticatedEncryptorFactory|Opening CNG algorithm 'SHA256' from provider '(null)' with HMAC. 
2024-05-11 14:14:45.4859|2|DEBUG|Microsoft.AspNetCore.DataProtection.KeyManagement.KeyRingProvider|Using key {19f867d4-1440-4df8-b208-5ca6c6446feb} as the default key. 
2024-05-11 14:14:45.4859|65|DEBUG|Microsoft.AspNetCore.DataProtection.Internal.DataProtectionHostedService|Key ring with default key {19f867d4-1440-4df8-b208-5ca6c6446feb} was loaded during application startup. 
2024-05-11 14:14:48.4444|13|DEBUG|Microsoft.AspNetCore.Hosting.Diagnostics|Loaded hosting startup assembly NewClimbingApp 
2024-05-11 14:14:48.4444|13|DEBUG|Microsoft.AspNetCore.Hosting.Diagnostics|Loaded hosting startup assembly Microsoft.AspNetCore.Watch.BrowserRefresh 
2024-05-11 14:14:48.4444|13|DEBUG|Microsoft.AspNetCore.Hosting.Diagnostics|Loaded hosting startup assembly Microsoft.WebTools.BrowserLink.Net 
2024-05-11 14:14:48.4444|0|INFO|Microsoft.Hosting.Lifetime|Application started. Press Ctrl+C to shut down. 
2024-05-11 14:14:48.5444|0|INFO|Microsoft.Hosting.Lifetime|Hosting environment: Development 
2024-05-11 14:14:48.5444|0|INFO|Microsoft.Hosting.Lifetime|Content root path: C:\Users\---\Documents\GitHub\NewClimbingApp\NewClimbingApp 
2024-05-11 14:14:48.5444|2|DEBUG|Microsoft.Extensions.Hosting.Internal.Host|Hosting started 
2024-05-11 14:14:49.5182|1|INFO|Microsoft.AspNetCore.Hosting.Diagnostics|Request starting HTTP/2 GET https://localhost:44374/swagger/index.html - - 
2024-05-11 14:14:49.8418|0|DEBUG|Microsoft.AspNetCore.HostFiltering.HostFilteringMiddleware|Wildcard detected, all requests with hosts will be allowed. 
2024-05-11 14:14:49.8418|2|TRACE|Microsoft.AspNetCore.HostFiltering.HostFilteringMiddleware|All hosts are allowed. 
2024-05-11 14:14:50.0140|1000|DEBUG|Microsoft.AspNetCore.Routing.Matching.DfaMatcher|No candidates found for the request path '/swagger/index.html' 
2024-05-11 14:14:50.0146|2|DEBUG|Microsoft.AspNetCore.Routing.EndpointRoutingMiddleware|Request did not match any endpoints 
2024-05-11 14:14:54.0513|10401|DEBUG|Microsoft.EntityFrameworkCore.Infrastructure|An 'IServiceProvider' was created for internal use by Entity Framework. 
2024-05-11 14:14:54.4631|7|INFO|Pharmacy.Authentication.BasicAuthenticationHandler|BasicAuthentication was not authenticated. Failure message: Missing Authorization Header 
2024-05-11 14:14:55.2933|1|DEBUG|Microsoft.AspNetCore.Watch.BrowserRefresh.BrowserRefreshMiddleware|Response markup is scheduled to include browser refresh script injection. 
2024-05-11 14:14:57.5811|2|DEBUG|Microsoft.AspNetCore.Watch.BrowserRefresh.BrowserRefreshMiddleware|Response markup was updated to include browser refresh script injection. 
2024-05-11 14:14:57.6021|1|DEBUG|Microsoft.AspNetCore.Server.IIS.Core.IISHttpServer|Connection ID "18158513703463419968" disconnecting. 
2024-05-11 14:14:57.6526|2|INFO|Microsoft.AspNetCore.Hosting.Diagnostics|Request finished HTTP/2 GET https://localhost:44374/swagger/index.html - - - 200 - text/html;charset=utf-8 8126.1844ms 
2024-05-11 14:14:58.0426|1|INFO|Microsoft.AspNetCore.Hosting.Diagnostics|Request starting HTTP/2 GET https://localhost:44374/_framework/aspnetcore-browser-refresh.js - - 
2024-05-11 14:14:58.0787|2|INFO|Microsoft.AspNetCore.Hosting.Diagnostics|Request finished HTTP/2 GET https://localhost:44374/_framework/aspnetcore-browser-refresh.js - - - 200 12360 application/javascript;+charset=utf-8 6.6309ms 
2024-05-11 14:14:58.0954|1|INFO|Microsoft.AspNetCore.Hosting.Diagnostics|Request starting HTTP/2 GET https://localhost:44374/_vs/browserLink - - 
2024-05-11 14:14:58.8765|1|DEBUG|Microsoft.AspNetCore.Server.IIS.Core.IISHttpServer|Connection ID "18158513699168452631" disconnecting. 
2024-05-11 14:14:58.8765|2|INFO|Microsoft.AspNetCore.Hosting.Diagnostics|Request finished HTTP/2 GET https://localhost:44374/_vs/browserLink - - - 200 - text/javascript;+charset=UTF-8 783.8026ms 
2024-05-11 14:15:02.8959|1|INFO|Microsoft.AspNetCore.Hosting.Diagnostics|Request starting HTTP/2 GET https://localhost:44374/swagger/v1/swagger.json - - 
2024-05-11 14:15:02.8959|2|TRACE|Microsoft.AspNetCore.HostFiltering.HostFilteringMiddleware|All hosts are allowed. 
2024-05-11 14:15:02.8959|1000|DEBUG|Microsoft.AspNetCore.Routing.Matching.DfaMatcher|No candidates found for the request path '/swagger/v1/swagger.json' 
2024-05-11 14:15:02.8959|2|DEBUG|Microsoft.AspNetCore.Routing.EndpointRoutingMiddleware|Request did not match any endpoints 
2024-05-11 14:15:02.9668|7|INFO|Pharmacy.Authentication.BasicAuthenticationHandler|BasicAuthentication was not authenticated. Failure message: Missing Authorization Header 
2024-05-11 14:15:04.1841|1|DEBUG|Microsoft.AspNetCore.Server.IIS.Core.IISHttpServer|Connection ID "17726168147825786980" disconnecting. 
2024-05-11 14:15:04.1841|2|INFO|Microsoft.AspNetCore.Hosting.Diagnostics|Request finished HTTP/2 GET https://localhost:44374/swagger/v1/swagger.json - - - 200 - application/json;charset=utf-8 1288.4844ms 
2024-05-11 14:15:55.3217|1|INFO|Microsoft.AspNetCore.Hosting.Diagnostics|Request starting HTTP/2 GET https://localhost:44374/swagger/index.html - - 
2024-05-11 14:15:55.3334|2|TRACE|Microsoft.AspNetCore.HostFiltering.HostFilteringMiddleware|All hosts are allowed. 
2024-05-11 14:15:55.3334|1000|DEBUG|Microsoft.AspNetCore.Routing.Matching.DfaMatcher|No candidates found for the request path '/swagger/index.html' 
2024-05-11 14:15:55.3334|2|DEBUG|Microsoft.AspNetCore.Routing.EndpointRoutingMiddleware|Request did not match any endpoints 
2024-05-11 14:15:55.3472|7|INFO|Pharmacy.Authentication.BasicAuthenticationHandler|BasicAuthentication was not authenticated. Failure message: Missing Authorization Header 
2024-05-11 14:15:55.3685|1|DEBUG|Microsoft.AspNetCore.Watch.BrowserRefresh.BrowserRefreshMiddleware|Response markup is scheduled to include browser refresh script injection. 
2024-05-11 14:15:55.4408|2|DEBUG|Microsoft.AspNetCore.Watch.BrowserRefresh.BrowserRefreshMiddleware|Response markup was updated to include browser refresh script injection. 
2024-05-11 14:15:55.4408|2|INFO|Microsoft.AspNetCore.Hosting.Diagnostics|Request finished HTTP/2 GET https://localhost:44374/swagger/index.html - - - 200 - text/html;charset=utf-8 119.3202ms 
2024-05-11 14:15:55.4408|1|DEBUG|Microsoft.AspNetCore.Server.IIS.Core.IISHttpServer|Connection ID "18158513699168452636" disconnecting. 
2024-05-11 14:15:56.3837|1|INFO|Microsoft.AspNetCore.Hosting.Diagnostics|Request starting HTTP/2 GET https://localhost:44374/_vs/browserLink - - 
2024-05-11 14:15:56.3837|1|INFO|Microsoft.AspNetCore.Hosting.Diagnostics|Request starting HTTP/2 GET https://localhost:44374/_framework/aspnetcore-browser-refresh.js - - 
2024-05-11 14:15:56.3837|2|INFO|Microsoft.AspNetCore.Hosting.Diagnostics|Request finished HTTP/2 GET https://localhost:44374/_framework/aspnetcore-browser-refresh.js - - - 200 12360 application/javascript;+charset=utf-8 2.5581ms 
2024-05-11 14:15:56.4048|1|DEBUG|Microsoft.AspNetCore.Server.IIS.Core.IISHttpServer|Connection ID "18230571306091282473" disconnecting. 
2024-05-11 14:15:56.4048|2|INFO|Microsoft.AspNetCore.Hosting.Diagnostics|Request finished HTTP/2 GET https://localhost:44374/_vs/browserLink - - - 200 - text/javascript;+charset=UTF-8 21.3501ms 
2024-05-11 14:15:56.9100|1|INFO|Microsoft.AspNetCore.Hosting.Diagnostics|Request starting HTTP/2 GET https://localhost:44374/swagger/v1/swagger.json - - 
2024-05-11 14:15:56.9100|2|TRACE|Microsoft.AspNetCore.HostFiltering.HostFilteringMiddleware|All hosts are allowed. 
2024-05-11 14:15:56.9100|1000|DEBUG|Microsoft.AspNetCore.Routing.Matching.DfaMatcher|No candidates found for the request path '/swagger/v1/swagger.json' 
2024-05-11 14:15:56.9100|2|DEBUG|Microsoft.AspNetCore.Routing.EndpointRoutingMiddleware|Request did not match any endpoints 
2024-05-11 14:15:56.9100|7|INFO|Pharmacy.Authentication.BasicAuthenticationHandler|BasicAuthentication was not authenticated. Failure message: Missing Authorization Header 
2024-05-11 14:15:57.0506|1|DEBUG|Microsoft.AspNetCore.Server.IIS.Core.IISHttpServer|Connection ID "18158513703463419972" disconnecting. 
2024-05-11 14:15:57.0506|2|INFO|Microsoft.AspNetCore.Hosting.Diagnostics|Request finished HTTP/2 GET https://localhost:44374/swagger/v1/swagger.json - - - 200 - application/json;charset=utf-8 140.6661ms 
2024-05-11 14:19:22.7565|1|INFO|Microsoft.AspNetCore.Hosting.Diagnostics|Request starting HTTP/2 PUT https://localhost:44374/Routes/1/climbers/1 application/json 161 
2024-05-11 14:19:22.8588|2|TRACE|Microsoft.AspNetCore.HostFiltering.HostFilteringMiddleware|All hosts are allowed. 
2024-05-11 14:19:22.8588|1001|DEBUG|Microsoft.AspNetCore.Routing.Matching.DfaMatcher|1 candidate(s) found for the request path '/Routes/1/climbers/1' 
2024-05-11 14:19:22.8588|1005|DEBUG|Microsoft.AspNetCore.Routing.Matching.DfaMatcher|Endpoint 'NewClimbingApp.Controllers.RoutesController.AddUserToRoute (NewClimbingApp)' with route pattern 'Routes/{routeId}/climbers/{climberId}' is valid for the request path '/Routes/1/climbers/1' 
2024-05-11 14:19:22.8733|1|DEBUG|Microsoft.AspNetCore.Routing.EndpointRoutingMiddleware|Request matched endpoint 'NewClimbingApp.Controllers.RoutesController.AddUserToRoute (NewClimbingApp)' 
2024-05-11 14:19:22.8733|7|INFO|Pharmacy.Authentication.BasicAuthenticationHandler|BasicAuthentication was not authenticated. Failure message: Missing Authorization Header 
2024-05-11 14:19:22.9407|15|DEBUG|Microsoft.AspNetCore.StaticFiles.StaticFileMiddleware|Static files was skipped as the request already matched an endpoint. 
2024-05-11 14:19:23.3777|2|INFO|Microsoft.AspNetCore.Authorization.DefaultAuthorizationService|Authorization failed. These requirements were not met:
DenyAnonymousAuthorizationRequirement: Requires an authenticated user. 
2024-05-11 14:19:23.5902|12|INFO|Pharmacy.Authentication.BasicAuthenticationHandler|AuthenticationScheme: BasicAuthentication was challenged. 
2024-05-11 14:19:23.7079|1|DEBUG|Microsoft.AspNetCore.Server.IIS.Core.IISHttpServer|Connection ID "18158513703463419978" disconnecting. 
2024-05-11 14:19:23.7079|2|INFO|Microsoft.AspNetCore.Hosting.Diagnostics|Request finished HTTP/2 PUT https://localhost:44374/Routes/1/climbers/1 application/json 161 - 401 - - 951.4469ms 
2024-05-11 14:25:48.2165|1|INFO|Microsoft.AspNetCore.Hosting.Diagnostics|Request starting HTTP/1.1 PUT https://localhost:44374/Routes/1/climbers/1' application/json 64 
2024-05-11 14:25:48.2165|2|TRACE|Microsoft.AspNetCore.HostFiltering.HostFilteringMiddleware|All hosts are allowed. 
2024-05-11 14:25:48.2165|1001|DEBUG|Microsoft.AspNetCore.Routing.Matching.DfaMatcher|1 candidate(s) found for the request path '/Routes/1/climbers/1'' 
2024-05-11 14:25:48.2165|1005|DEBUG|Microsoft.AspNetCore.Routing.Matching.DfaMatcher|Endpoint 'NewClimbingApp.Controllers.RoutesController.AddUserToRoute (NewClimbingApp)' with route pattern 'Routes/{routeId}/climbers/{climberId}' is valid for the request path '/Routes/1/climbers/1'' 
2024-05-11 14:25:48.2544|1|DEBUG|Microsoft.AspNetCore.Routing.EndpointRoutingMiddleware|Request matched endpoint 'NewClimbingApp.Controllers.RoutesController.AddUserToRoute (NewClimbingApp)' 
2024-05-11 14:29:38.2138|1|INFO|Microsoft.AspNetCore.Hosting.Diagnostics|Request starting HTTP/1.1 PUT https://localhost:44374/Routes/1/climbers/1 application/json 64 
2024-05-11 14:29:38.2138|2|TRACE|Microsoft.AspNetCore.HostFiltering.HostFilteringMiddleware|All hosts are allowed. 
2024-05-11 14:29:38.2138|1001|DEBUG|Microsoft.AspNetCore.Routing.Matching.DfaMatcher|1 candidate(s) found for the request path '/Routes/1/climbers/1' 
2024-05-11 14:29:38.2138|1005|DEBUG|Microsoft.AspNetCore.Routing.Matching.DfaMatcher|Endpoint 'NewClimbingApp.Controllers.RoutesController.AddUserToRoute (NewClimbingApp)' with route pattern 'Routes/{routeId}/climbers/{climberId}' is valid for the request path '/Routes/1/climbers/1' 
2024-05-11 14:29:38.2138|1|DEBUG|Microsoft.AspNetCore.Routing.EndpointRoutingMiddleware|Request matched endpoint 'NewClimbingApp.Controllers.RoutesController.AddUserToRoute (NewClimbingApp)' 
2024-05-11 14:30:14.1353|10601|DEBUG|Microsoft.EntityFrameworkCore.Model|The index {'ClimbersId'} was not created on entity type 'RouteUser (Dictionary<string, object>)' as the properties are already covered by the index {'ClimbersId', 'RoutesId'}. 
2024-05-11 14:30:14.4521|10600|DEBUG|Microsoft.EntityFrameworkCore.Model.Validation|The property 'Ascent.UserId' was created in shadow state because there are no eligible CLR members with a matching name. 
2024-05-11 14:30:14.4521|10600|DEBUG|Microsoft.EntityFrameworkCore.Model.Validation|The property 'RouteUser (Dictionary<string, object>).ClimbersId' was created in shadow state because there are no eligible CLR members with a matching name. 
2024-05-11 14:30:14.4521|10600|DEBUG|Microsoft.EntityFrameworkCore.Model.Validation|The property 'RouteUser (Dictionary<string, object>).RoutesId' was created in shadow state because there are no eligible CLR members with a matching name. 
2024-05-11 14:30:15.1549|10403|DEBUG|Microsoft.EntityFrameworkCore.Infrastructure|Entity Framework Core 7.0.16 initialized 'NewClimbingAppContext' using provider 'Microsoft.EntityFrameworkCore.SqlServer:7.0.16' with options: None 
2024-05-11 14:30:15.1549|10403|DEBUG|Microsoft.EntityFrameworkCore.Infrastructure|Entity Framework Core 7.0.16 initialized 'NewClimbingAppContext' using provider 'Microsoft.EntityFrameworkCore.SqlServer:7.0.16' with options: None 
2024-05-11 14:30:18.5816|10111|DEBUG|Microsoft.EntityFrameworkCore.Query|Compiling query expression: 
'DbSet<User>()
    .FirstOrDefault(x => x.UserName == __UserName_0)' 
2024-05-11 14:30:19.1220|10107|DEBUG|Microsoft.EntityFrameworkCore.Query|Generated query execution expression: 
'queryContext => ShapedQueryCompilingExpressionVisitor.SingleOrDefaultAsync<User>(
    asyncEnumerable: new SingleQueryingEnumerable<User>(
        (RelationalQueryContext)queryContext, 
        RelationalCommandCache.QueryExpression(
            Projection Mapping:
                EmptyProjectionMember -> Dictionary<IProperty, int> { [Property: User.Id (int) Required PK AfterSave:Throw ValueGenerated.OnAdd, 0], [Property: User.Email (string) Required MaxLength(50), 1], [Property: User.FirstName (string) Required MaxLength(25), 2], [Property: User.LastName (string) Required MaxLength(25), 3], [Property: User.Nationality (string) Required MaxLength(25), 4], [Property: User.PasswordHash (string) Required, 5], [Property: User.Role (UserRole) Required, 6], [Property: User.UserName (string) Required MaxLength(25), 7] }
            SELECT TOP(1) u.Id, u.Email, u.FirstName, u.LastName, u.Nationality, u.PasswordHash, u.Role, u.UserName
            FROM Users AS u
            WHERE u.UserName == @__UserName_0), 
        null, 
        Func<QueryContext, DbDataReader, ResultContext, SingleQueryResultCoordinator, User>, 
        NewClimbingApp.DataAccess.NewClimbingAppContext, 
        False, 
        False, 
        True
    ), 
    cancellationToken: queryContext.CancellationToken)' 
2024-05-11 14:30:19.2432|20103|DEBUG|Microsoft.EntityFrameworkCore.Database.Command|Creating DbCommand for 'ExecuteReader'. 
2024-05-11 14:30:19.2432|20103|DEBUG|Microsoft.EntityFrameworkCore.Database.Command|Creating DbCommand for 'ExecuteReader'. 
2024-05-11 14:30:19.2432|20005|DEBUG|Microsoft.EntityFrameworkCore.Database.Connection|Creating DbConnection. 
2024-05-11 14:30:19.2432|20005|DEBUG|Microsoft.EntityFrameworkCore.Database.Connection|Creating DbConnection. 
2024-05-11 14:30:19.4108|20006|DEBUG|Microsoft.EntityFrameworkCore.Database.Connection|Created DbConnection. (161ms). 
2024-05-11 14:30:19.4108|20006|DEBUG|Microsoft.EntityFrameworkCore.Database.Connection|Created DbConnection. (161ms). 
2024-05-11 14:30:19.7257|20104|DEBUG|Microsoft.EntityFrameworkCore.Database.Command|Created DbCommand for 'ExecuteReader' (516ms). 
2024-05-11 14:30:19.7257|20104|DEBUG|Microsoft.EntityFrameworkCore.Database.Command|Created DbCommand for 'ExecuteReader' (516ms). 
2024-05-11 14:30:19.7690|20106|DEBUG|Microsoft.EntityFrameworkCore.Database.Command|Initialized DbCommand for 'ExecuteReader' (565ms). 
2024-05-11 14:30:19.7690|20106|DEBUG|Microsoft.EntityFrameworkCore.Database.Command|Initialized DbCommand for 'ExecuteReader' (565ms). 
2024-05-11 14:30:19.8094|20000|DEBUG|Microsoft.EntityFrameworkCore.Database.Connection|Opening connection to database 'ClimbingApp' on server 'DESKTOP-KSU5O1R\SQLEXPRESS'. 
2024-05-11 14:30:19.8094|20000|DEBUG|Microsoft.EntityFrameworkCore.Database.Connection|Opening connection to database 'ClimbingApp' on server 'DESKTOP-KSU5O1R\SQLEXPRESS'. 
2024-05-11 14:30:36.4572|20001|DEBUG|Microsoft.EntityFrameworkCore.Database.Connection|Opened connection to database 'ClimbingApp' on server 'DESKTOP-KSU5O1R\SQLEXPRESS'. 
2024-05-11 14:30:36.4698|20100|DEBUG|Microsoft.EntityFrameworkCore.Database.Command|Executing DbCommand [Parameters=[@__UserName_0='?' (Size = 25)], CommandType='Text', CommandTimeout='30']
SELECT TOP(1) [u].[Id], [u].[Email], [u].[FirstName], [u].[LastName], [u].[Nationality], [u].[PasswordHash], [u].[Role], [u].[UserName]
FROM [Users] AS [u]
WHERE [u].[UserName] = @__UserName_0 
2024-05-11 14:30:36.5053|20001|DEBUG|Microsoft.EntityFrameworkCore.Database.Connection|Opened connection to database 'ClimbingApp' on server 'DESKTOP-KSU5O1R\SQLEXPRESS'. 
2024-05-11 14:30:36.5353|20100|DEBUG|Microsoft.EntityFrameworkCore.Database.Command|Executing DbCommand [Parameters=[@__UserName_0='?' (Size = 25)], CommandType='Text', CommandTimeout='30']
SELECT TOP(1) [u].[Id], [u].[Email], [u].[FirstName], [u].[LastName], [u].[Nationality], [u].[PasswordHash], [u].[Role], [u].[UserName]
FROM [Users] AS [u]
WHERE [u].[UserName] = @__UserName_0 
2024-05-11 14:30:38.7069|20101|INFO|Microsoft.EntityFrameworkCore.Database.Command|Executed DbCommand (2,202ms) [Parameters=[@__UserName_0='?' (Size = 25)], CommandType='Text', CommandTimeout='30']
SELECT TOP(1) [u].[Id], [u].[Email], [u].[FirstName], [u].[LastName], [u].[Nationality], [u].[PasswordHash], [u].[Role], [u].[UserName]
FROM [Users] AS [u]
WHERE [u].[UserName] = @__UserName_0 
2024-05-11 14:30:38.7069|20101|INFO|Microsoft.EntityFrameworkCore.Database.Command|Executed DbCommand (2,153ms) [Parameters=[@__UserName_0='?' (Size = 25)], CommandType='Text', CommandTimeout='30']
SELECT TOP(1) [u].[Id], [u].[Email], [u].[FirstName], [u].[LastName], [u].[Nationality], [u].[PasswordHash], [u].[Role], [u].[UserName]
FROM [Users] AS [u]
WHERE [u].[UserName] = @__UserName_0 
2024-05-11 14:30:38.9389|10806|DEBUG|Microsoft.EntityFrameworkCore.ChangeTracking|Context 'NewClimbingAppContext' started tracking 'User' entity. Consider using 'DbContextOptionsBuilder.EnableSensitiveDataLogging' to see key values. 
2024-05-11 14:30:38.9389|10806|DEBUG|Microsoft.EntityFrameworkCore.ChangeTracking|Context 'NewClimbingAppContext' started tracking 'User' entity. Consider using 'DbContextOptionsBuilder.EnableSensitiveDataLogging' to see key values. 
2024-05-11 14:30:38.9717|20301|DEBUG|Microsoft.EntityFrameworkCore.Database.Command|Closing data reader to 'ClimbingApp' on server 'DESKTOP-KSU5O1R\SQLEXPRESS'. 
2024-05-11 14:30:38.9717|20301|DEBUG|Microsoft.EntityFrameworkCore.Database.Command|Closing data reader to 'ClimbingApp' on server 'DESKTOP-KSU5O1R\SQLEXPRESS'. 
2024-05-11 14:30:38.9717|20300|DEBUG|Microsoft.EntityFrameworkCore.Database.Command|A data reader for 'ClimbingApp' on server 'DESKTOP-KSU5O1R\SQLEXPRESS' is being disposed after spending 266ms reading results. 
2024-05-11 14:30:38.9717|20300|DEBUG|Microsoft.EntityFrameworkCore.Database.Command|A data reader for 'ClimbingApp' on server 'DESKTOP-KSU5O1R\SQLEXPRESS' is being disposed after spending 266ms reading results. 
2024-05-11 14:30:38.9978|20002|DEBUG|Microsoft.EntityFrameworkCore.Database.Connection|Closing connection to database 'ClimbingApp' on server 'DESKTOP-KSU5O1R\SQLEXPRESS'. 
2024-05-11 14:30:38.9978|20002|DEBUG|Microsoft.EntityFrameworkCore.Database.Connection|Closing connection to database 'ClimbingApp' on server 'DESKTOP-KSU5O1R\SQLEXPRESS'. 
2024-05-11 14:30:39.0059|20003|DEBUG|Microsoft.EntityFrameworkCore.Database.Connection|Closed connection to database 'ClimbingApp' on server 'DESKTOP-KSU5O1R\SQLEXPRESS' (7ms). 
2024-05-11 14:30:39.0059|20003|DEBUG|Microsoft.EntityFrameworkCore.Database.Connection|Closed connection to database 'ClimbingApp' on server 'DESKTOP-KSU5O1R\SQLEXPRESS' (8ms). 
2024-05-11 14:30:39.0617|8|DEBUG|Pharmacy.Authentication.BasicAuthenticationHandler|AuthenticationScheme: BasicAuthentication was successfully authenticated. 
2024-05-11 14:30:39.0617|8|DEBUG|Pharmacy.Authentication.BasicAuthenticationHandler|AuthenticationScheme: BasicAuthentication was successfully authenticated. 
2024-05-11 14:30:39.0617|15|DEBUG|Microsoft.AspNetCore.StaticFiles.StaticFileMiddleware|Static files was skipped as the request already matched an endpoint. 
2024-05-11 14:30:39.0617|15|DEBUG|Microsoft.AspNetCore.StaticFiles.StaticFileMiddleware|Static files was skipped as the request already matched an endpoint. 
2024-05-11 14:30:39.0617|1|DEBUG|Microsoft.AspNetCore.Authorization.DefaultAuthorizationService|Authorization was successful. 
2024-05-11 14:30:39.0617|1|DEBUG|Microsoft.AspNetCore.Authorization.DefaultAuthorizationService|Authorization was successful. 
2024-05-11 14:30:39.0617|0|INFO|Microsoft.AspNetCore.Routing.EndpointMiddleware|Executing endpoint 'NewClimbingApp.Controllers.RoutesController.AddUserToRoute (NewClimbingApp)' 
2024-05-11 14:30:39.0617|0|INFO|Microsoft.AspNetCore.Routing.EndpointMiddleware|Executing endpoint 'NewClimbingApp.Controllers.RoutesController.AddUserToRoute (NewClimbingApp)' 
2024-05-11 14:30:39.2078|102|INFO|Microsoft.AspNetCore.Mvc.Infrastructure.ControllerActionInvoker|Route matched with {action = "AddUserToRoute", controller = "Routes"}. Executing controller action with signature System.Threading.Tasks.Task`1[Microsoft.AspNetCore.Mvc.IActionResult] AddUserToRoute(Int32, Int32, NewClimbingApp.ApplicationServices.API.Domain.Requests.Routes.AddUserToRouteRequest) on controller NewClimbingApp.Controllers.RoutesController (NewClimbingApp). 
2024-05-11 14:30:39.2078|102|INFO|Microsoft.AspNetCore.Mvc.Infrastructure.ControllerActionInvoker|Route matched with {action = "AddUserToRoute", controller = "Routes"}. Executing controller action with signature System.Threading.Tasks.Task`1[Microsoft.AspNetCore.Mvc.IActionResult] AddUserToRoute(Int32, Int32, NewClimbingApp.ApplicationServices.API.Domain.Requests.Routes.AddUserToRouteRequest) on controller NewClimbingApp.Controllers.RoutesController (NewClimbingApp). 
2024-05-11 14:30:39.2078|1|DEBUG|Microsoft.AspNetCore.Mvc.Infrastructure.ControllerActionInvoker|Execution plan of authorization filters (in the following order): None 
2024-05-11 14:30:39.2078|1|DEBUG|Microsoft.AspNetCore.Mvc.Infrastructure.ControllerActionInvoker|Execution plan of authorization filters (in the following order): None 
2024-05-11 14:30:39.2078|1|DEBUG|Microsoft.AspNetCore.Mvc.Infrastructure.ControllerActionInvoker|Execution plan of resource filters (in the following order): None 
2024-05-11 14:30:39.2078|1|DEBUG|Microsoft.AspNetCore.Mvc.Infrastructure.ControllerActionInvoker|Execution plan of resource filters (in the following order): None 
2024-05-11 14:30:39.2078|1|DEBUG|Microsoft.AspNetCore.Mvc.Infrastructure.ControllerActionInvoker|Execution plan of action filters (in the following order): Microsoft.AspNetCore.Mvc.ModelBinding.UnsupportedContentTypeFilter (Order: -3000) 
2024-05-11 14:30:39.2078|1|DEBUG|Microsoft.AspNetCore.Mvc.Infrastructure.ControllerActionInvoker|Execution plan of action filters (in the following order): Microsoft.AspNetCore.Mvc.ModelBinding.UnsupportedContentTypeFilter (Order: -3000) 
2024-05-11 14:30:39.2078|1|DEBUG|Microsoft.AspNetCore.Mvc.Infrastructure.ControllerActionInvoker|Execution plan of exception filters (in the following order): None 
2024-05-11 14:30:39.2078|1|DEBUG|Microsoft.AspNetCore.Mvc.Infrastructure.ControllerActionInvoker|Execution plan of exception filters (in the following order): None 
2024-05-11 14:30:39.2078|1|DEBUG|Microsoft.AspNetCore.Mvc.Infrastructure.ControllerActionInvoker|Execution plan of result filters (in the following order): Microsoft.AspNetCore.Mvc.Infrastructure.ClientErrorResultFilter (Order: -2000) 
2024-05-11 14:30:39.2078|1|DEBUG|Microsoft.AspNetCore.Mvc.Infrastructure.ControllerActionInvoker|Execution plan of result filters (in the following order): Microsoft.AspNetCore.Mvc.Infrastructure.ClientErrorResultFilter (Order: -2000) 
2024-05-11 14:30:39.2078|1|DEBUG|Microsoft.AspNetCore.Mvc.Infrastructure.ControllerActionInvoker|Executing controller factory for controller NewClimbingApp.Controllers.RoutesController (NewClimbingApp) 
2024-05-11 14:30:39.2078|1|DEBUG|Microsoft.AspNetCore.Mvc.Infrastructure.ControllerActionInvoker|Executing controller factory for controller NewClimbingApp.Controllers.RoutesController (NewClimbingApp) 
2024-05-11 14:30:39.2294|0|INFO|NewClimbingApp.Controllers.RoutesController|We are in Routes 
2024-05-11 14:30:39.2294|0|INFO|NewClimbingApp.Controllers.RoutesController|We are in Routes 
2024-05-11 14:30:39.2294|2|DEBUG|Microsoft.AspNetCore.Mvc.Infrastructure.ControllerActionInvoker|Executed controller factory for controller NewClimbingApp.Controllers.RoutesController (NewClimbingApp) 
2024-05-11 14:30:39.2294|2|DEBUG|Microsoft.AspNetCore.Mvc.Infrastructure.ControllerActionInvoker|Executed controller factory for controller NewClimbingApp.Controllers.RoutesController (NewClimbingApp) 
2024-05-11 14:30:39.2384|22|DEBUG|Microsoft.AspNetCore.Mvc.ModelBinding.ParameterBinder|Attempting to bind parameter 'routeId' of type 'System.Int32' ... 
2024-05-11 14:30:39.2384|22|DEBUG|Microsoft.AspNetCore.Mvc.ModelBinding.ParameterBinder|Attempting to bind parameter 'routeId' of type 'System.Int32' ... 
2024-05-11 14:30:39.2384|44|DEBUG|Microsoft.AspNetCore.Mvc.ModelBinding.Binders.SimpleTypeModelBinder|Attempting to bind parameter 'routeId' of type 'System.Int32' using the name 'routeId' in request data ... 
2024-05-11 14:30:39.2384|44|DEBUG|Microsoft.AspNetCore.Mvc.ModelBinding.Binders.SimpleTypeModelBinder|Attempting to bind parameter 'routeId' of type 'System.Int32' using the name 'routeId' in request data ... 
2024-05-11 14:30:39.2957|45|DEBUG|Microsoft.AspNetCore.Mvc.ModelBinding.Binders.SimpleTypeModelBinder|Done attempting to bind parameter 'routeId' of type 'System.Int32'. 
2024-05-11 14:30:39.2958|45|DEBUG|Microsoft.AspNetCore.Mvc.ModelBinding.Binders.SimpleTypeModelBinder|Done attempting to bind parameter 'routeId' of type 'System.Int32'. 
2024-05-11 14:30:39.2958|23|DEBUG|Microsoft.AspNetCore.Mvc.ModelBinding.ParameterBinder|Done attempting to bind parameter 'routeId' of type 'System.Int32'. 
2024-05-11 14:30:39.2958|23|DEBUG|Microsoft.AspNetCore.Mvc.ModelBinding.ParameterBinder|Done attempting to bind parameter 'routeId' of type 'System.Int32'. 
2024-05-11 14:30:39.2958|26|DEBUG|Microsoft.AspNetCore.Mvc.ModelBinding.ParameterBinder|Attempting to validate the bound parameter 'routeId' of type 'System.Int32' ... 
2024-05-11 14:30:39.2958|26|DEBUG|Microsoft.AspNetCore.Mvc.ModelBinding.ParameterBinder|Attempting to validate the bound parameter 'routeId' of type 'System.Int32' ... 
2024-05-11 14:30:39.5768|27|DEBUG|Microsoft.AspNetCore.Mvc.ModelBinding.ParameterBinder|Done attempting to validate the bound parameter 'routeId' of type 'System.Int32'. 
2024-05-11 14:30:39.5768|27|DEBUG|Microsoft.AspNetCore.Mvc.ModelBinding.ParameterBinder|Done attempting to validate the bound parameter 'routeId' of type 'System.Int32'. 
2024-05-11 14:30:39.5768|22|DEBUG|Microsoft.AspNetCore.Mvc.ModelBinding.ParameterBinder|Attempting to bind parameter 'climberId' of type 'System.Int32' ... 
2024-05-11 14:30:39.5768|22|DEBUG|Microsoft.AspNetCore.Mvc.ModelBinding.ParameterBinder|Attempting to bind parameter 'climberId' of type 'System.Int32' ... 
2024-05-11 14:30:39.5768|44|DEBUG|Microsoft.AspNetCore.Mvc.ModelBinding.Binders.SimpleTypeModelBinder|Attempting to bind parameter 'climberId' of type 'System.Int32' using the name 'climberId' in request data ... 
2024-05-11 14:30:39.5768|44|DEBUG|Microsoft.AspNetCore.Mvc.ModelBinding.Binders.SimpleTypeModelBinder|Attempting to bind parameter 'climberId' of type 'System.Int32' using the name 'climberId' in request data ... 
2024-05-11 14:30:39.5768|45|DEBUG|Microsoft.AspNetCore.Mvc.ModelBinding.Binders.SimpleTypeModelBinder|Done attempting to bind parameter 'climberId' of type 'System.Int32'. 
2024-05-11 14:30:39.5768|23|DEBUG|Microsoft.AspNetCore.Mvc.ModelBinding.ParameterBinder|Done attempting to bind parameter 'climberId' of type 'System.Int32'. 
2024-05-11 14:30:39.5768|26|DEBUG|Microsoft.AspNetCore.Mvc.ModelBinding.ParameterBinder|Attempting to validate the bound parameter 'climberId' of type 'System.Int32' ... 
2024-05-11 14:30:39.5768|27|DEBUG|Microsoft.AspNetCore.Mvc.ModelBinding.ParameterBinder|Done attempting to validate the bound parameter 'climberId' of type 'System.Int32'. 
2024-05-11 14:30:39.5768|22|DEBUG|Microsoft.AspNetCore.Mvc.ModelBinding.ParameterBinder|Attempting to bind parameter 'request' of type 'NewClimbingApp.ApplicationServices.API.Domain.Requests.Routes.AddUserToRouteRequest' ... 
2024-05-11 14:30:39.5768|44|DEBUG|Microsoft.AspNetCore.Mvc.ModelBinding.Binders.BodyModelBinder|Attempting to bind parameter 'request' of type 'NewClimbingApp.ApplicationServices.API.Domain.Requests.Routes.AddUserToRouteRequest' using the name '' in request data ... 
2024-05-11 14:30:39.5768|1|DEBUG|Microsoft.AspNetCore.Mvc.ModelBinding.Binders.BodyModelBinder|Selected input formatter 'Microsoft.AspNetCore.Mvc.Formatters.SystemTextJsonInputFormatter' for content type 'application/json'. 
2024-05-11 14:30:41.1602|2|DEBUG|Microsoft.AspNetCore.Mvc.Formatters.SystemTextJsonInputFormatter|JSON input formatter succeeded, deserializing to type 'NewClimbingApp.ApplicationServices.API.Domain.Requests.Routes.AddUserToRouteRequest' 
2024-05-11 14:30:41.1602|45|DEBUG|Microsoft.AspNetCore.Mvc.ModelBinding.Binders.BodyModelBinder|Done attempting to bind parameter 'request' of type 'NewClimbingApp.ApplicationServices.API.Domain.Requests.Routes.AddUserToRouteRequest'. 
2024-05-11 14:30:41.1602|23|DEBUG|Microsoft.AspNetCore.Mvc.ModelBinding.ParameterBinder|Done attempting to bind parameter 'request' of type 'NewClimbingApp.ApplicationServices.API.Domain.Requests.Routes.AddUserToRouteRequest'. 
2024-05-11 14:30:41.1602|26|DEBUG|Microsoft.AspNetCore.Mvc.ModelBinding.ParameterBinder|Attempting to validate the bound parameter 'request' of type 'NewClimbingApp.ApplicationServices.API.Domain.Requests.Routes.AddUserToRouteRequest' ... 
2024-05-11 14:30:41.1602|27|DEBUG|Microsoft.AspNetCore.Mvc.ModelBinding.ParameterBinder|Done attempting to validate the bound parameter 'request' of type 'NewClimbingApp.ApplicationServices.API.Domain.Requests.Routes.AddUserToRouteRequest'. 
2024-05-11 14:30:41.1707|52|TRACE|Microsoft.AspNetCore.Mvc.Infrastructure.ControllerActionInvoker|Action Filter: Before executing OnActionExecuting on filter Microsoft.AspNetCore.Mvc.ModelBinding.UnsupportedContentTypeFilter. 
2024-05-11 14:30:41.1707|53|TRACE|Microsoft.AspNetCore.Mvc.Infrastructure.ControllerActionInvoker|Action Filter: After executing OnActionExecuting on filter Microsoft.AspNetCore.Mvc.ModelBinding.UnsupportedContentTypeFilter. 
2024-05-11 14:30:41.1707|101|INFO|Microsoft.AspNetCore.Mvc.Infrastructure.ControllerActionInvoker|Executing action method NewClimbingApp.Controllers.RoutesController.AddUserToRoute (NewClimbingApp) - Validation state: Valid 
2024-05-11 14:30:41.1707|102|TRACE|Microsoft.AspNetCore.Mvc.Infrastructure.ControllerActionInvoker|Executing action method NewClimbingApp.Controllers.RoutesController.AddUserToRoute (NewClimbingApp) with arguments (1, 1, NewClimbingApp.ApplicationServices.API.Domain.Requests.Routes.AddUserToRouteRequest) 
2024-05-11 14:30:59.3479|23|DEBUG|Microsoft.AspNetCore.Mvc.ModelBinding.ParameterBinder|Done attempting to bind parameter 'climberId' of type 'System.Int32'. 
2024-05-11 14:30:59.3479|26|DEBUG|Microsoft.AspNetCore.Mvc.ModelBinding.ParameterBinder|Attempting to validate the bound parameter 'climberId' of type 'System.Int32' ... 
2024-05-11 14:30:59.3479|27|DEBUG|Microsoft.AspNetCore.Mvc.ModelBinding.ParameterBinder|Done attempting to validate the bound parameter 'climberId' of type 'System.Int32'. 
2024-05-11 14:30:59.3479|22|DEBUG|Microsoft.AspNetCore.Mvc.ModelBinding.ParameterBinder|Attempting to bind parameter 'request' of type 'NewClimbingApp.ApplicationServices.API.Domain.Requests.Routes.AddUserToRouteRequest' ... 
2024-05-11 14:30:59.3479|44|DEBUG|Microsoft.AspNetCore.Mvc.ModelBinding.Binders.BodyModelBinder|Attempting to bind parameter 'request' of type 'NewClimbingApp.ApplicationServices.API.Domain.Requests.Routes.AddUserToRouteRequest' using the name '' in request data ... 
2024-05-11 14:30:59.3479|1|DEBUG|Microsoft.AspNetCore.Mvc.ModelBinding.Binders.BodyModelBinder|Selected input formatter 'Microsoft.AspNetCore.Mvc.Formatters.SystemTextJsonInputFormatter' for content type 'application/json'. 
2024-05-11 14:30:59.3479|2|DEBUG|Microsoft.AspNetCore.Mvc.Formatters.SystemTextJsonInputFormatter|JSON input formatter succeeded, deserializing to type 'NewClimbingApp.ApplicationServices.API.Domain.Requests.Routes.AddUserToRouteRequest' 
2024-05-11 14:30:59.3479|45|DEBUG|Microsoft.AspNetCore.Mvc.ModelBinding.Binders.BodyModelBinder|Done attempting to bind parameter 'request' of type 'NewClimbingApp.ApplicationServices.API.Domain.Requests.Routes.AddUserToRouteRequest'. 
2024-05-11 14:30:59.3479|23|DEBUG|Microsoft.AspNetCore.Mvc.ModelBinding.ParameterBinder|Done attempting to bind parameter 'request' of type 'NewClimbingApp.ApplicationServices.API.Domain.Requests.Routes.AddUserToRouteRequest'. 
2024-05-11 14:30:59.3479|26|DEBUG|Microsoft.AspNetCore.Mvc.ModelBinding.ParameterBinder|Attempting to validate the bound parameter 'request' of type 'NewClimbingApp.ApplicationServices.API.Domain.Requests.Routes.AddUserToRouteRequest' ... 
2024-05-11 14:30:59.3479|27|DEBUG|Microsoft.AspNetCore.Mvc.ModelBinding.ParameterBinder|Done attempting to validate the bound parameter 'request' of type 'NewClimbingApp.ApplicationServices.API.Domain.Requests.Routes.AddUserToRouteRequest'. 
2024-05-11 14:30:59.3479|52|TRACE|Microsoft.AspNetCore.Mvc.Infrastructure.ControllerActionInvoker|Action Filter: Before executing OnActionExecuting on filter Microsoft.AspNetCore.Mvc.ModelBinding.UnsupportedContentTypeFilter. 
2024-05-11 14:30:59.3479|53|TRACE|Microsoft.AspNetCore.Mvc.Infrastructure.ControllerActionInvoker|Action Filter: After executing OnActionExecuting on filter Microsoft.AspNetCore.Mvc.ModelBinding.UnsupportedContentTypeFilter. 
2024-05-11 14:30:59.3479|101|INFO|Microsoft.AspNetCore.Mvc.Infrastructure.ControllerActionInvoker|Executing action method NewClimbingApp.Controllers.RoutesController.AddUserToRoute (NewClimbingApp) - Validation state: Invalid 
2024-05-11 14:30:59.3479|102|TRACE|Microsoft.AspNetCore.Mvc.Infrastructure.ControllerActionInvoker|Executing action method NewClimbingApp.Controllers.RoutesController.AddUserToRoute (NewClimbingApp) with arguments (1, 0, NewClimbingApp.ApplicationServices.API.Domain.Requests.Routes.AddUserToRouteRequest) 
2024-05-11 14:30:59.3597|103|INFO|Microsoft.AspNetCore.Mvc.Infrastructure.ControllerActionInvoker|Executed action method NewClimbingApp.Controllers.RoutesController.AddUserToRoute (NewClimbingApp), returned result Microsoft.AspNetCore.Mvc.BadRequestObjectResult in 1.111ms. 
2024-05-11 14:30:59.3597|52|TRACE|Microsoft.AspNetCore.Mvc.Infrastructure.ControllerActionInvoker|Action Filter: Before executing OnActionExecuted on filter Microsoft.AspNetCore.Mvc.ModelBinding.UnsupportedContentTypeFilter. 
2024-05-11 14:30:59.3597|53|TRACE|Microsoft.AspNetCore.Mvc.Infrastructure.ControllerActionInvoker|Action Filter: After executing OnActionExecuted on filter Microsoft.AspNetCore.Mvc.ModelBinding.UnsupportedContentTypeFilter. 
2024-05-11 14:30:59.3597|52|TRACE|Microsoft.AspNetCore.Mvc.Infrastructure.ControllerActionInvoker|Result Filter: Before executing OnResultExecuting on filter Microsoft.AspNetCore.Mvc.Infrastructure.ClientErrorResultFilter. 
2024-05-11 14:30:59.3597|53|TRACE|Microsoft.AspNetCore.Mvc.Infrastructure.ControllerActionInvoker|Result Filter: After executing OnResultExecuting on filter Microsoft.AspNetCore.Mvc.Infrastructure.ClientErrorResultFilter. 
2024-05-11 14:30:59.3597|5|TRACE|Microsoft.AspNetCore.Mvc.Infrastructure.ControllerActionInvoker|Before executing action result Microsoft.AspNetCore.Mvc.BadRequestObjectResult. 
2024-05-11 14:30:59.3597|11|DEBUG|Microsoft.AspNetCore.Mvc.Infrastructure.DefaultOutputFormatterSelector|List of registered output formatters, in the following order: Microsoft.AspNetCore.Mvc.Formatters.HttpNoContentOutputFormatter, Microsoft.AspNetCore.Mvc.Formatters.StringOutputFormatter, Microsoft.AspNetCore.Mvc.Formatters.StreamOutputFormatter, Microsoft.AspNetCore.Mvc.Formatters.SystemTextJsonOutputFormatter 
2024-05-11 14:30:59.3597|4|DEBUG|Microsoft.AspNetCore.Mvc.Infrastructure.DefaultOutputFormatterSelector|No information found on request to perform content negotiation. 
2024-05-11 14:30:59.3597|8|DEBUG|Microsoft.AspNetCore.Mvc.Infrastructure.DefaultOutputFormatterSelector|Attempting to select an output formatter without using a content type as no explicit content types were specified for the response. 
2024-05-11 14:30:59.3597|10|DEBUG|Microsoft.AspNetCore.Mvc.Infrastructure.DefaultOutputFormatterSelector|Attempting to select the first formatter in the output formatters list which can write the result. 
2024-05-11 14:30:59.3597|2|DEBUG|Microsoft.AspNetCore.Mvc.Infrastructure.DefaultOutputFormatterSelector|Selected output formatter 'Microsoft.AspNetCore.Mvc.Formatters.SystemTextJsonOutputFormatter' and content type 'application/json' to write the response. 
2024-05-11 14:30:59.3597|1|INFO|Microsoft.AspNetCore.Mvc.Infrastructure.ObjectResultExecutor|Executing BadRequestObjectResult, writing value of type 'System.Linq.Enumerable+WhereSelectEnumerableIterator`2[[System.Collections.Generic.KeyValuePair`2[[System.String, System.Private.CoreLib, Version=7.0.0.0, Culture=neutral, PublicKeyToken=7cec85d7bea7798e],[Microsoft.AspNetCore.Mvc.ModelBinding.ModelStateEntry, Microsoft.AspNetCore.Mvc.Abstractions, Version=7.0.0.0, Culture=neutral, PublicKeyToken=adb9793829ddae60]], System.Private.CoreLib, Version=7.0.0.0, Culture=neutral, PublicKeyToken=7cec85d7bea7798e],[<>f__AnonymousType0`2[[System.String, System.Private.CoreLib, Version=7.0.0.0, Culture=neutral, PublicKeyToken=7cec85d7bea7798e],[Microsoft.AspNetCore.Mvc.ModelBinding.ModelErrorCollection, Microsoft.AspNetCore.Mvc.Abstractions, Version=7.0.0.0, Culture=neutral, PublicKeyToken=adb9793829ddae60]], NewClimbingApp, Version=1.0.0.0, Culture=neutral, PublicKeyToken=null]]'. 
2024-05-11 14:30:59.4061|6|TRACE|Microsoft.AspNetCore.Mvc.Infrastructure.ControllerActionInvoker|After executing action result Microsoft.AspNetCore.Mvc.BadRequestObjectResult. 
2024-05-11 14:30:59.4061|52|TRACE|Microsoft.AspNetCore.Mvc.Infrastructure.ControllerActionInvoker|Result Filter: Before executing OnResultExecuted on filter Microsoft.AspNetCore.Mvc.Infrastructure.ClientErrorResultFilter. 
2024-05-11 14:30:59.4061|53|TRACE|Microsoft.AspNetCore.Mvc.Infrastructure.ControllerActionInvoker|Result Filter: After executing OnResultExecuted on filter Microsoft.AspNetCore.Mvc.Infrastructure.ClientErrorResultFilter. 
2024-05-11 14:30:59.4061|105|INFO|Microsoft.AspNetCore.Mvc.Infrastructure.ControllerActionInvoker|Executed action NewClimbingApp.Controllers.RoutesController.AddUserToRoute (NewClimbingApp) in 20196.401ms 
2024-05-11 14:30:59.4061|1|INFO|Microsoft.AspNetCore.Routing.EndpointMiddleware|Executed endpoint 'NewClimbingApp.Controllers.RoutesController.AddUserToRoute (NewClimbingApp)' 
2024-05-11 14:30:59.4061|10407|DEBUG|Microsoft.EntityFrameworkCore.Infrastructure|'NewClimbingAppContext' disposed. 
2024-05-11 14:30:59.4061|20007|DEBUG|Microsoft.EntityFrameworkCore.Database.Connection|Disposing connection to database 'ClimbingApp' on server 'DESKTOP-KSU5O1R\SQLEXPRESS'. 
2024-05-11 14:30:59.4249|20008|DEBUG|Microsoft.EntityFrameworkCore.Database.Connection|Disposed connection to database '' on server '' (1ms). 
2024-05-11 14:30:59.4249|2|INFO|Microsoft.AspNetCore.Hosting.Diagnostics|Request finished HTTP/1.1 PUT https://localhost:44374/Routes/1/climbers/1' application/json 64 - 400 - application/json;+charset=utf-8 311209.3909ms 
2024-05-11 14:31:08.1253|10111|DEBUG|Microsoft.EntityFrameworkCore.Query|Compiling query expression: 
'DbSet<Route>()
    .FirstOrDefault(x => x.Id == __Id_0)' 
2024-05-11 14:31:08.1253|10107|DEBUG|Microsoft.EntityFrameworkCore.Query|Generated query execution expression: 
'queryContext => ShapedQueryCompilingExpressionVisitor.SingleOrDefaultAsync<Route>(
    asyncEnumerable: new SingleQueryingEnumerable<Route>(
        (RelationalQueryContext)queryContext, 
        RelationalCommandCache.QueryExpression(
            Projection Mapping:
                EmptyProjectionMember -> Dictionary<IProperty, int> { [Property: Route.Id (int) Required PK AfterSave:Throw ValueGenerated.OnAdd, 0], [Property: Route.CragId (int?) FK Index, 1], [Property: Route.EquiperId (int?), 2], [Property: Route.Grade (string) Required MaxLength(5), 3], [Property: Route.IsClimbed (bool) Required, 4], [Property: Route.Length (int?), 5], [Property: Route.Name (string) Required MaxLength(100), 6], [Property: Route.Type (RouteType) Required, 7] }
            SELECT TOP(1) r.Id, r.CragId, r.EquiperId, r.Grade, r.IsClimbed, r.Length, r.Name, r.Type
            FROM Routes AS r
            WHERE r.Id == @__Id_0), 
        null, 
        Func<QueryContext, DbDataReader, ResultContext, SingleQueryResultCoordinator, Route>, 
        NewClimbingApp.DataAccess.NewClimbingAppContext, 
        False, 
        False, 
        True
    ), 
    cancellationToken: queryContext.CancellationToken)' 
2024-05-11 14:31:08.1253|20103|DEBUG|Microsoft.EntityFrameworkCore.Database.Command|Creating DbCommand for 'ExecuteReader'. 
2024-05-11 14:31:08.1253|20104|DEBUG|Microsoft.EntityFrameworkCore.Database.Command|Created DbCommand for 'ExecuteReader' (0ms). 
2024-05-11 14:31:08.1253|20106|DEBUG|Microsoft.EntityFrameworkCore.Database.Command|Initialized DbCommand for 'ExecuteReader' (0ms). 
2024-05-11 14:31:08.1253|20000|DEBUG|Microsoft.EntityFrameworkCore.Database.Connection|Opening connection to database 'ClimbingApp' on server 'DESKTOP-KSU5O1R\SQLEXPRESS'. 
2024-05-11 14:31:08.1253|20001|DEBUG|Microsoft.EntityFrameworkCore.Database.Connection|Opened connection to database 'ClimbingApp' on server 'DESKTOP-KSU5O1R\SQLEXPRESS'. 
2024-05-11 14:31:08.1253|20100|DEBUG|Microsoft.EntityFrameworkCore.Database.Command|Executing DbCommand [Parameters=[@__Id_0='?' (DbType = Int32)], CommandType='Text', CommandTimeout='30']
SELECT TOP(1) [r].[Id], [r].[CragId], [r].[EquiperId], [r].[Grade], [r].[IsClimbed], [r].[Length], [r].[Name], [r].[Type]
FROM [Routes] AS [r]
WHERE [r].[Id] = @__Id_0 
2024-05-11 14:31:08.2786|20101|INFO|Microsoft.EntityFrameworkCore.Database.Command|Executed DbCommand (140ms) [Parameters=[@__Id_0='?' (DbType = Int32)], CommandType='Text', CommandTimeout='30']
SELECT TOP(1) [r].[Id], [r].[CragId], [r].[EquiperId], [r].[Grade], [r].[IsClimbed], [r].[Length], [r].[Name], [r].[Type]
FROM [Routes] AS [r]
WHERE [r].[Id] = @__Id_0 
2024-05-11 14:31:08.3318|10806|DEBUG|Microsoft.EntityFrameworkCore.ChangeTracking|Context 'NewClimbingAppContext' started tracking 'Route' entity. Consider using 'DbContextOptionsBuilder.EnableSensitiveDataLogging' to see key values. 
2024-05-11 14:31:08.4138|20301|DEBUG|Microsoft.EntityFrameworkCore.Database.Command|Closing data reader to 'ClimbingApp' on server 'DESKTOP-KSU5O1R\SQLEXPRESS'. 
2024-05-11 14:31:08.4138|20300|DEBUG|Microsoft.EntityFrameworkCore.Database.Command|A data reader for 'ClimbingApp' on server 'DESKTOP-KSU5O1R\SQLEXPRESS' is being disposed after spending 135ms reading results. 
2024-05-11 14:31:08.4138|20002|DEBUG|Microsoft.EntityFrameworkCore.Database.Connection|Closing connection to database 'ClimbingApp' on server 'DESKTOP-KSU5O1R\SQLEXPRESS'. 
2024-05-11 14:31:08.4138|20003|DEBUG|Microsoft.EntityFrameworkCore.Database.Connection|Closed connection to database 'ClimbingApp' on server 'DESKTOP-KSU5O1R\SQLEXPRESS' (0ms). 
2024-05-11 14:32:38.9024|10111|DEBUG|Microsoft.EntityFrameworkCore.Query|Compiling query expression: 
'DbSet<User>()
    .FirstOrDefault(x => (int?)x.Id == __UserId_0)' 
2024-05-11 14:32:38.9088|10107|DEBUG|Microsoft.EntityFrameworkCore.Query|Generated query execution expression: 
'queryContext => ShapedQueryCompilingExpressionVisitor.SingleOrDefaultAsync<User>(
    asyncEnumerable: new SingleQueryingEnumerable<User>(
        (RelationalQueryContext)queryContext, 
        RelationalCommandCache.QueryExpression(
            Projection Mapping:
                EmptyProjectionMember -> Dictionary<IProperty, int> { [Property: User.Id (int) Required PK AfterSave:Throw ValueGenerated.OnAdd, 0], [Property: User.Email (string) Required MaxLength(50), 1], [Property: User.FirstName (string) Required MaxLength(25), 2], [Property: User.LastName (string) Required MaxLength(25), 3], [Property: User.Nationality (string) Required MaxLength(25), 4], [Property: User.PasswordHash (string) Required, 5], [Property: User.Role (UserRole) Required, 6], [Property: User.UserName (string) Required MaxLength(25), 7] }
            SELECT TOP(1) u.Id, u.Email, u.FirstName, u.LastName, u.Nationality, u.PasswordHash, u.Role, u.UserName
            FROM Users AS u
            WHERE u.Id == @__UserId_0), 
        null, 
        Func<QueryContext, DbDataReader, ResultContext, SingleQueryResultCoordinator, User>, 
        NewClimbingApp.DataAccess.NewClimbingAppContext, 
        False, 
        False, 
        True
    ), 
    cancellationToken: queryContext.CancellationToken)' 
2024-05-11 14:32:38.9088|20103|DEBUG|Microsoft.EntityFrameworkCore.Database.Command|Creating DbCommand for 'ExecuteReader'. 
2024-05-11 14:32:38.9088|20104|DEBUG|Microsoft.EntityFrameworkCore.Database.Command|Created DbCommand for 'ExecuteReader' (0ms). 
2024-05-11 14:32:38.9088|20106|DEBUG|Microsoft.EntityFrameworkCore.Database.Command|Initialized DbCommand for 'ExecuteReader' (0ms). 
2024-05-11 14:32:38.9088|20000|DEBUG|Microsoft.EntityFrameworkCore.Database.Connection|Opening connection to database 'ClimbingApp' on server 'DESKTOP-KSU5O1R\SQLEXPRESS'. 
2024-05-11 14:32:38.9088|20001|DEBUG|Microsoft.EntityFrameworkCore.Database.Connection|Opened connection to database 'ClimbingApp' on server 'DESKTOP-KSU5O1R\SQLEXPRESS'. 
2024-05-11 14:32:38.9088|20100|DEBUG|Microsoft.EntityFrameworkCore.Database.Command|Executing DbCommand [Parameters=[@__UserId_0='?' (DbType = Int32)], CommandType='Text', CommandTimeout='30']
SELECT TOP(1) [u].[Id], [u].[Email], [u].[FirstName], [u].[LastName], [u].[Nationality], [u].[PasswordHash], [u].[Role], [u].[UserName]
FROM [Users] AS [u]
WHERE [u].[Id] = @__UserId_0 
2024-05-11 14:32:40.4455|20101|INFO|Microsoft.EntityFrameworkCore.Database.Command|Executed DbCommand (1,536ms) [Parameters=[@__UserId_0='?' (DbType = Int32)], CommandType='Text', CommandTimeout='30']
SELECT TOP(1) [u].[Id], [u].[Email], [u].[FirstName], [u].[LastName], [u].[Nationality], [u].[PasswordHash], [u].[Role], [u].[UserName]
FROM [Users] AS [u]
WHERE [u].[Id] = @__UserId_0 
2024-05-11 14:32:40.4455|20301|DEBUG|Microsoft.EntityFrameworkCore.Database.Command|Closing data reader to 'ClimbingApp' on server 'DESKTOP-KSU5O1R\SQLEXPRESS'. 
2024-05-11 14:32:40.4455|20300|DEBUG|Microsoft.EntityFrameworkCore.Database.Command|A data reader for 'ClimbingApp' on server 'DESKTOP-KSU5O1R\SQLEXPRESS' is being disposed after spending 1ms reading results. 
2024-05-11 14:32:40.4455|20002|DEBUG|Microsoft.EntityFrameworkCore.Database.Connection|Closing connection to database 'ClimbingApp' on server 'DESKTOP-KSU5O1R\SQLEXPRESS'. 
2024-05-11 14:32:40.4455|20003|DEBUG|Microsoft.EntityFrameworkCore.Database.Connection|Closed connection to database 'ClimbingApp' on server 'DESKTOP-KSU5O1R\SQLEXPRESS' (0ms). 
2024-05-11 14:37:21.5088|52|TRACE|Microsoft.AspNetCore.Mvc.Infrastructure.ControllerActionInvoker|Action Filter: Before executing OnActionExecuted on filter Microsoft.AspNetCore.Mvc.ModelBinding.UnsupportedContentTypeFilter. 
2024-05-11 14:37:21.5088|53|TRACE|Microsoft.AspNetCore.Mvc.Infrastructure.ControllerActionInvoker|Action Filter: After executing OnActionExecuted on filter Microsoft.AspNetCore.Mvc.ModelBinding.UnsupportedContentTypeFilter. 
2024-05-11 14:37:34.7927|105|INFO|Microsoft.AspNetCore.Mvc.Infrastructure.ControllerActionInvoker|Executed action NewClimbingApp.Controllers.RoutesController.AddUserToRoute (NewClimbingApp) in 415582.5548ms 
2024-05-11 14:37:41.3763|1|INFO|Microsoft.AspNetCore.Routing.EndpointMiddleware|Executed endpoint 'NewClimbingApp.Controllers.RoutesController.AddUserToRoute (NewClimbingApp)' 
2024-05-11 14:37:54.7541|1|ERROR|Microsoft.AspNetCore.Diagnostics.DeveloperExceptionPageMiddleware|An unhandled exception has occurred while executing the request. System.NullReferenceException: Object reference not set to an instance of an object.
   at NewClimbingApp.ApplicationServices.API.Handlers.Routes.AddUserToRouteHandler.Handle(AddUserToRouteRequest request, CancellationToken cancellationToken) in C:\Users\---\Documents\GitHub\NewClimbingApp\NewClimbingApp.ApplicationServices\API\Handlers\Routes\AddUserToRouteHandler.cs:line 57
   at NewClimbingApp.Controllers.ApiControllerBase.HandleRequest[TRequest,TResponse](TRequest request)
   at Microsoft.AspNetCore.Mvc.Infrastructure.ActionMethodExecutor.TaskOfIActionResultExecutor.Execute(ActionContext actionContext, IActionResultTypeMapper mapper, ObjectMethodExecutor executor, Object controller, Object[] arguments)
   at Microsoft.AspNetCore.Mvc.Infrastructure.ControllerActionInvoker.<InvokeActionMethodAsync>g__Logged|12_1(ControllerActionInvoker invoker)
   at Microsoft.AspNetCore.Mvc.Infrastructure.ControllerActionInvoker.<InvokeNextActionFilterAsync>g__Awaited|10_0(ControllerActionInvoker invoker, Task lastTask, State next, Scope scope, Object state, Boolean isCompleted)
   at Microsoft.AspNetCore.Mvc.Infrastructure.ControllerActionInvoker.Rethrow(ActionExecutedContextSealed context)
   at Microsoft.AspNetCore.Mvc.Infrastructure.ControllerActionInvoker.Next(State& next, Scope& scope, Object& state, Boolean& isCompleted)
   at Microsoft.AspNetCore.Mvc.Infrastructure.ControllerActionInvoker.<InvokeInnerFilterAsync>g__Awaited|13_0(ControllerActionInvoker invoker, Task lastTask, State next, Scope scope, Object state, Boolean isCompleted)
   at Microsoft.AspNetCore.Mvc.Infrastructure.ResourceInvoker.<InvokeFilterPipelineAsync>g__Awaited|20_0(ResourceInvoker invoker, Task lastTask, State next, Scope scope, Object state, Boolean isCompleted)
   at Microsoft.AspNetCore.Mvc.Infrastructure.ResourceInvoker.<InvokeAsync>g__Logged|17_1(ResourceInvoker invoker)
   at Microsoft.AspNetCore.Mvc.Infrastructure.ResourceInvoker.<InvokeAsync>g__Logged|17_1(ResourceInvoker invoker)
   at Microsoft.AspNetCore.Routing.EndpointMiddleware.<Invoke>g__AwaitRequestTask|6_0(Endpoint endpoint, Task requestTask, ILogger logger)
   at Microsoft.AspNetCore.Authorization.AuthorizationMiddleware.Invoke(HttpContext context)
   at Swashbuckle.AspNetCore.SwaggerUI.SwaggerUIMiddleware.Invoke(HttpContext httpContext)
   at Swashbuckle.AspNetCore.Swagger.SwaggerMiddleware.Invoke(HttpContext httpContext, ISwaggerProvider swaggerProvider)
   at Microsoft.AspNetCore.Authentication.AuthenticationMiddleware.Invoke(HttpContext context)
   at Microsoft.AspNetCore.Diagnostics.DeveloperExceptionPageMiddlewareImpl.Invoke(HttpContext context)
2024-05-11 14:37:55.2429|10407|DEBUG|Microsoft.EntityFrameworkCore.Infrastructure|'NewClimbingAppContext' disposed. 
2024-05-11 14:37:55.2429|20007|DEBUG|Microsoft.EntityFrameworkCore.Database.Connection|Disposing connection to database 'ClimbingApp' on server 'DESKTOP-KSU5O1R\SQLEXPRESS'. 
2024-05-11 14:37:55.2429|20008|DEBUG|Microsoft.EntityFrameworkCore.Database.Connection|Disposed connection to database '' on server '' (0ms). 
2024-05-11 14:37:55.2429|2|INFO|Microsoft.AspNetCore.Hosting.Diagnostics|Request finished HTTP/1.1 PUT https://localhost:44374/Routes/1/climbers/1 application/json 64 - 500 - text/plain;+charset=utf-8 497131.3655ms 
2024-05-11 14:38:24.8484|1|INFO|Microsoft.AspNetCore.Hosting.Diagnostics|Request starting HTTP/2 PUT https://localhost:44374/Routes/1/climbers/1 application/json 161 
2024-05-11 14:38:24.8484|2|TRACE|Microsoft.AspNetCore.HostFiltering.HostFilteringMiddleware|All hosts are allowed. 
2024-05-11 14:38:24.8484|1001|DEBUG|Microsoft.AspNetCore.Routing.Matching.DfaMatcher|1 candidate(s) found for the request path '/Routes/1/climbers/1' 
2024-05-11 14:38:24.8484|1005|DEBUG|Microsoft.AspNetCore.Routing.Matching.DfaMatcher|Endpoint 'NewClimbingApp.Controllers.RoutesController.AddUserToRoute (NewClimbingApp)' with route pattern 'Routes/{routeId}/climbers/{climberId}' is valid for the request path '/Routes/1/climbers/1' 
2024-05-11 14:38:24.8484|1|DEBUG|Microsoft.AspNetCore.Routing.EndpointRoutingMiddleware|Request matched endpoint 'NewClimbingApp.Controllers.RoutesController.AddUserToRoute (NewClimbingApp)' 
2024-05-11 14:38:24.8484|7|INFO|Pharmacy.Authentication.BasicAuthenticationHandler|BasicAuthentication was not authenticated. Failure message: Missing Authorization Header 
2024-05-11 14:38:24.8484|15|DEBUG|Microsoft.AspNetCore.StaticFiles.StaticFileMiddleware|Static files was skipped as the request already matched an endpoint. 
2024-05-11 14:38:24.8721|2|INFO|Microsoft.AspNetCore.Authorization.DefaultAuthorizationService|Authorization failed. These requirements were not met:
DenyAnonymousAuthorizationRequirement: Requires an authenticated user. 
2024-05-11 14:38:24.8721|12|INFO|Pharmacy.Authentication.BasicAuthenticationHandler|AuthenticationScheme: BasicAuthentication was challenged. 
2024-05-11 14:38:24.8721|1|DEBUG|Microsoft.AspNetCore.Server.IIS.Core.IISHttpServer|Connection ID "17726168147825786987" disconnecting. 
2024-05-11 14:38:24.8721|2|INFO|Microsoft.AspNetCore.Hosting.Diagnostics|Request finished HTTP/2 PUT https://localhost:44374/Routes/1/climbers/1 application/json 161 - 401 - - 25.2814ms 
2024-05-11 15:36:06.9444|0|DEBUG|Program|init main 
2024-05-11 15:36:21.0292|12|DEBUG|Microsoft.AspNetCore.Mvc.ModelBinding.ModelBinderFactory|Registered model binder providers, in the following order: Microsoft.AspNetCore.Mvc.ModelBinding.Binders.BinderTypeModelBinderProvider, Microsoft.AspNetCore.Mvc.ModelBinding.Binders.ServicesModelBinderProvider, Microsoft.AspNetCore.Mvc.ModelBinding.Binders.BodyModelBinderProvider, Microsoft.AspNetCore.Mvc.ModelBinding.Binders.HeaderModelBinderProvider, Microsoft.AspNetCore.Mvc.ModelBinding.Binders.FloatingPointTypeModelBinderProvider, Microsoft.AspNetCore.Mvc.ModelBinding.Binders.EnumTypeModelBinderProvider, Microsoft.AspNetCore.Mvc.ModelBinding.Binders.DateTimeModelBinderProvider, Microsoft.AspNetCore.Mvc.ModelBinding.Binders.SimpleTypeModelBinderProvider, Microsoft.AspNetCore.Mvc.ModelBinding.Binders.TryParseModelBinderProvider, Microsoft.AspNetCore.Mvc.ModelBinding.Binders.CancellationTokenModelBinderProvider, Microsoft.AspNetCore.Mvc.ModelBinding.Binders.ByteArrayModelBinderProvider, Microsoft.AspNetCore.Mvc.ModelBinding.Binders.FormFileModelBinderProvider, Microsoft.AspNetCore.Mvc.ModelBinding.Binders.FormCollectionModelBinderProvider, Microsoft.AspNetCore.Mvc.ModelBinding.Binders.KeyValuePairModelBinderProvider, Microsoft.AspNetCore.Mvc.ModelBinding.Binders.DictionaryModelBinderProvider, Microsoft.AspNetCore.Mvc.ModelBinding.Binders.ArrayModelBinderProvider, Microsoft.AspNetCore.Mvc.ModelBinding.Binders.CollectionModelBinderProvider, Microsoft.AspNetCore.Mvc.ModelBinding.Binders.ComplexObjectModelBinderProvider 
2024-05-11 15:36:22.0668|1|DEBUG|Microsoft.Extensions.Hosting.Internal.Host|Hosting starting 
2024-05-11 15:36:22.6195|63|INFO|Microsoft.AspNetCore.DataProtection.KeyManagement.XmlKeyManager|User profile is available. Using 'C:\Users\---\AppData\Local\ASP.NET\DataProtection-Keys' as key repository and Windows DPAPI to encrypt keys at rest. 
2024-05-11 15:36:22.7406|37|DEBUG|Microsoft.AspNetCore.DataProtection.Repositories.FileSystemXmlRepository|Reading data from file 'C:\Users\---\AppData\Local\ASP.NET\DataProtection-Keys\key-19f867d4-1440-4df8-b208-5ca6c6446feb.xml'. 
2024-05-11 15:36:22.8546|37|DEBUG|Microsoft.AspNetCore.DataProtection.Repositories.FileSystemXmlRepository|Reading data from file 'C:\Users\---\AppData\Local\ASP.NET\DataProtection-Keys\key-bbbb6ebe-2183-495e-8935-0cce6fbe17c8.xml'. 
2024-05-11 15:36:22.9838|18|DEBUG|Microsoft.AspNetCore.DataProtection.KeyManagement.XmlKeyManager|Found key {19f867d4-1440-4df8-b208-5ca6c6446feb}. 
2024-05-11 15:36:23.2662|18|DEBUG|Microsoft.AspNetCore.DataProtection.KeyManagement.XmlKeyManager|Found key {bbbb6ebe-2183-495e-8935-0cce6fbe17c8}. 
2024-05-11 15:36:23.2906|13|DEBUG|Microsoft.AspNetCore.DataProtection.KeyManagement.DefaultKeyResolver|Considering key {19f867d4-1440-4df8-b208-5ca6c6446feb} with expiration date 2024-07-19 14:02:28Z as default key. 
2024-05-11 15:36:23.2978|0|DEBUG|Microsoft.AspNetCore.DataProtection.TypeForwardingActivator|Forwarded activator type request from Microsoft.AspNetCore.DataProtection.XmlEncryption.DpapiXmlDecryptor, Microsoft.AspNetCore.DataProtection, Version=7.0.0.0, Culture=neutral, PublicKeyToken=adb9793829ddae60 to Microsoft.AspNetCore.DataProtection.XmlEncryption.DpapiXmlDecryptor, Microsoft.AspNetCore.DataProtection, Culture=neutral, PublicKeyToken=adb9793829ddae60 
2024-05-11 15:36:23.2978|51|DEBUG|Microsoft.AspNetCore.DataProtection.XmlEncryption.DpapiXmlDecryptor|Decrypting secret element using Windows DPAPI. 
2024-05-11 15:36:23.3358|0|DEBUG|Microsoft.AspNetCore.DataProtection.TypeForwardingActivator|Forwarded activator type request from Microsoft.AspNetCore.DataProtection.AuthenticatedEncryption.ConfigurationModel.AuthenticatedEncryptorDescriptorDeserializer, Microsoft.AspNetCore.DataProtection, Version=7.0.0.0, Culture=neutral, PublicKeyToken=adb9793829ddae60 to Microsoft.AspNetCore.DataProtection.AuthenticatedEncryption.ConfigurationModel.AuthenticatedEncryptorDescriptorDeserializer, Microsoft.AspNetCore.DataProtection, Culture=neutral, PublicKeyToken=adb9793829ddae60 
2024-05-11 15:36:23.3358|4|DEBUG|Microsoft.AspNetCore.DataProtection.AuthenticatedEncryption.CngCbcAuthenticatedEncryptorFactory|Opening CNG algorithm 'AES' from provider '(null)' with chaining mode CBC. 
2024-05-11 15:36:23.3574|3|DEBUG|Microsoft.AspNetCore.DataProtection.AuthenticatedEncryption.CngCbcAuthenticatedEncryptorFactory|Opening CNG algorithm 'SHA256' from provider '(null)' with HMAC. 
2024-05-11 15:36:23.3648|2|DEBUG|Microsoft.AspNetCore.DataProtection.KeyManagement.KeyRingProvider|Using key {19f867d4-1440-4df8-b208-5ca6c6446feb} as the default key. 
2024-05-11 15:36:23.3648|65|DEBUG|Microsoft.AspNetCore.DataProtection.Internal.DataProtectionHostedService|Key ring with default key {19f867d4-1440-4df8-b208-5ca6c6446feb} was loaded during application startup. 
2024-05-11 15:36:25.7607|13|DEBUG|Microsoft.AspNetCore.Hosting.Diagnostics|Loaded hosting startup assembly NewClimbingApp 
2024-05-11 15:36:25.7607|13|DEBUG|Microsoft.AspNetCore.Hosting.Diagnostics|Loaded hosting startup assembly Microsoft.AspNetCore.Watch.BrowserRefresh 
2024-05-11 15:36:25.7607|13|DEBUG|Microsoft.AspNetCore.Hosting.Diagnostics|Loaded hosting startup assembly Microsoft.WebTools.BrowserLink.Net 
2024-05-11 15:36:25.7607|0|INFO|Microsoft.Hosting.Lifetime|Application started. Press Ctrl+C to shut down. 
2024-05-11 15:36:25.9723|0|INFO|Microsoft.Hosting.Lifetime|Hosting environment: Development 
2024-05-11 15:36:25.9723|0|INFO|Microsoft.Hosting.Lifetime|Content root path: C:\Users\---\Documents\GitHub\NewClimbingApp\NewClimbingApp 
2024-05-11 15:36:25.9723|2|DEBUG|Microsoft.Extensions.Hosting.Internal.Host|Hosting started 
2024-05-11 15:36:27.1617|1|INFO|Microsoft.AspNetCore.Hosting.Diagnostics|Request starting HTTP/2 GET https://localhost:44374/swagger/index.html - - 
2024-05-11 15:36:27.6474|0|DEBUG|Microsoft.AspNetCore.HostFiltering.HostFilteringMiddleware|Wildcard detected, all requests with hosts will be allowed. 
2024-05-11 15:36:27.6474|2|TRACE|Microsoft.AspNetCore.HostFiltering.HostFilteringMiddleware|All hosts are allowed. 
2024-05-11 15:36:27.7682|1000|DEBUG|Microsoft.AspNetCore.Routing.Matching.DfaMatcher|No candidates found for the request path '/swagger/index.html' 
2024-05-11 15:36:27.7682|2|DEBUG|Microsoft.AspNetCore.Routing.EndpointRoutingMiddleware|Request did not match any endpoints 
2024-05-11 15:36:30.7474|10401|DEBUG|Microsoft.EntityFrameworkCore.Infrastructure|An 'IServiceProvider' was created for internal use by Entity Framework. 
2024-05-11 15:36:31.2234|7|INFO|Pharmacy.Authentication.BasicAuthenticationHandler|BasicAuthentication was not authenticated. Failure message: Missing Authorization Header 
2024-05-11 15:36:32.6408|1|DEBUG|Microsoft.AspNetCore.Watch.BrowserRefresh.BrowserRefreshMiddleware|Response markup is scheduled to include browser refresh script injection. 
2024-05-11 15:36:35.4477|2|DEBUG|Microsoft.AspNetCore.Watch.BrowserRefresh.BrowserRefreshMiddleware|Response markup was updated to include browser refresh script injection. 
2024-05-11 15:36:35.4657|1|DEBUG|Microsoft.AspNetCore.Server.IIS.Core.IISHttpServer|Connection ID "18158513707758387279" disconnecting. 
2024-05-11 15:36:35.5256|2|INFO|Microsoft.AspNetCore.Hosting.Diagnostics|Request finished HTTP/2 GET https://localhost:44374/swagger/index.html - - - 200 - text/html;charset=utf-8 8325.1222ms 
2024-05-11 15:36:35.5790|1|INFO|Microsoft.AspNetCore.Hosting.Diagnostics|Request starting HTTP/2 GET https://localhost:44374/_framework/aspnetcore-browser-refresh.js - - 
2024-05-11 15:36:35.6277|2|INFO|Microsoft.AspNetCore.Hosting.Diagnostics|Request finished HTTP/2 GET https://localhost:44374/_framework/aspnetcore-browser-refresh.js - - - 200 12360 application/javascript;+charset=utf-8 4.8619ms 
2024-05-11 15:36:35.6277|1|DEBUG|Microsoft.AspNetCore.Server.IIS.Core.IISHttpServer|Connection ID "18086456113720459417" disconnecting. 
2024-05-11 15:36:35.6277|1|INFO|Microsoft.AspNetCore.Hosting.Diagnostics|Request starting HTTP/2 GET https://localhost:44374/_vs/browserLink - - 
2024-05-11 15:36:35.8855|1|DEBUG|Microsoft.AspNetCore.Server.IIS.Core.IISHttpServer|Connection ID "18014398511092596839" disconnecting. 
2024-05-11 15:36:35.8855|2|INFO|Microsoft.AspNetCore.Hosting.Diagnostics|Request finished HTTP/2 GET https://localhost:44374/_vs/browserLink - - - 200 - text/javascript;+charset=UTF-8 260.1013ms 
2024-05-11 15:36:35.9968|1|INFO|Microsoft.AspNetCore.Hosting.Diagnostics|Request starting HTTP/2 GET https://localhost:44374/swagger/v1/swagger.json - - 
2024-05-11 15:36:35.9968|2|TRACE|Microsoft.AspNetCore.HostFiltering.HostFilteringMiddleware|All hosts are allowed. 
2024-05-11 15:36:35.9968|1000|DEBUG|Microsoft.AspNetCore.Routing.Matching.DfaMatcher|No candidates found for the request path '/swagger/v1/swagger.json' 
2024-05-11 15:36:35.9968|2|DEBUG|Microsoft.AspNetCore.Routing.EndpointRoutingMiddleware|Request did not match any endpoints 
2024-05-11 15:36:36.0659|7|INFO|Pharmacy.Authentication.BasicAuthenticationHandler|BasicAuthentication was not authenticated. Failure message: Missing Authorization Header 
2024-05-11 15:36:37.4223|1|DEBUG|Microsoft.AspNetCore.Server.IIS.Core.IISHttpServer|Connection ID "18230571301796315199" disconnecting. 
2024-05-11 15:36:37.4223|2|INFO|Microsoft.AspNetCore.Hosting.Diagnostics|Request finished HTTP/2 GET https://localhost:44374/swagger/v1/swagger.json - - - 200 - application/json;charset=utf-8 1425.6358ms 
